  0%|                                                                                         | 0/10 [00:00<?, ?it/s] 10%|███████▍                                                                  | 1/10 [1:35:18<14:17:48, 5718.77s/it] 20%|██████████████▊                                                           | 2/10 [3:11:00<12:43:25, 5725.70s/it] 30%|██████████████████████▏                                                   | 3/10 [4:46:28<11:08:04, 5726.30s/it] 40%|██████████████████████████████                                             | 4/10 [6:22:02<9:32:52, 5728.79s/it] 50%|█████████████████████████████████████▌                                     | 5/10 [7:57:14<7:56:57, 5723.59s/it] 60%|█████████████████████████████████████████████                              | 6/10 [9:32:22<6:21:15, 5718.91s/it] 70%|███████████████████████████████████████████████████▊                      | 7/10 [11:07:52<4:46:06, 5722.31s/it] 80%|███████████████████████████████████████████████████████████▏              | 8/10 [12:43:19<3:10:47, 5723.72s/it] 90%|██████████████████████████████████████████████████████████████████▌       | 9/10 [14:20:39<1:35:58, 5758.54s/it]100%|███████████████████████████████████████████████████████████████████████████| 10/10 [15:55:57<00:00, 5746.47s/it]100%|███████████████████████████████████████████████████████████████████████████| 10/10 [15:55:57<00:00, 5735.77s/it]
Compose(
    Resize(size=(256, 512), interpolation=PIL.Image.BILINEAR)
    ToTensor()
    Normalize(mean=[0.485, 0.456, 0.406], std=[0.229, 0.224, 0.225])
    Lambda()
)
Compose(
    Resize(size=(256, 512), interpolation=PIL.Image.BILINEAR)
    ToTensor()
    Lambda()
)
epoch 0 over, loss= 0.0011316274758428335
torch.Size([5, 3, 256, 512])
torch.Size([5, 3, 256, 512])
torch.Size([5, 3, 256, 512])
epoch 1 over, loss= 0.0007779898005537689
torch.Size([5, 3, 256, 512])
torch.Size([5, 3, 256, 512])
torch.Size([5, 3, 256, 512])
epoch 2 over, loss= 0.0005292845307849348
torch.Size([5, 3, 256, 512])
torch.Size([5, 3, 256, 512])
torch.Size([5, 3, 256, 512])
epoch 3 over, loss= 0.000618505000602454
torch.Size([5, 3, 256, 512])
torch.Size([5, 3, 256, 512])
torch.Size([5, 3, 256, 512])
epoch 4 over, loss= 0.00046499623567797244
torch.Size([5, 3, 256, 512])
torch.Size([5, 3, 256, 512])
torch.Size([5, 3, 256, 512])
epoch 5 over, loss= 0.00038375603617168963
torch.Size([5, 3, 256, 512])
torch.Size([5, 3, 256, 512])
torch.Size([5, 3, 256, 512])
epoch 6 over, loss= 0.000648215354885906
torch.Size([5, 3, 256, 512])
torch.Size([5, 3, 256, 512])
torch.Size([5, 3, 256, 512])
epoch 7 over, loss= 0.0005156380357220769
torch.Size([5, 3, 256, 512])
torch.Size([5, 3, 256, 512])
torch.Size([5, 3, 256, 512])
epoch 8 over, loss= 0.00038346662768162787
torch.Size([5, 3, 256, 512])
torch.Size([5, 3, 256, 512])
torch.Size([5, 3, 256, 512])
epoch 9 over, loss= 0.00028199280495755374
torch.Size([5, 3, 256, 512])
torch.Size([5, 3, 256, 512])
torch.Size([5, 3, 256, 512])
