nohup: ignoring input
img_1_1_keypoints-checkpoint.json not imported
2
Compose(
    Lambda()
    ToTensor()
    <class 'torch.FloatTensor'>
    Normalize(mean=(0.5, 0.5, 0.5), std=(0.5, 0.5, 0.5))
)
128
256
epoch 0/500 over, loss_G,loss_D= 1.0715835094451904,0.0036719543859362602
3_1.train_face_residue.py:40: UserWarning: To copy construct from a tensor, it is recommended to use sourceTensor.clone().detach() or sourceTensor.clone().detach().requires_grad_(True), rather than torch.tensor(sourceTensor).
  losses, out_img = big_model(torch.tensor(head_mtx, device=torch.device('cuda:0'))
3_1.train_face_residue.py:41: UserWarning: To copy construct from a tensor, it is recommended to use sourceTensor.clone().detach() or sourceTensor.clone().detach().requires_grad_(True), rather than torch.tensor(sourceTensor).
  ,torch.tensor(in_img, device=torch.device('cuda:0'))
3_1.train_face_residue.py:42: UserWarning: To copy construct from a tensor, it is recommended to use sourceTensor.clone().detach() or sourceTensor.clone().detach().requires_grad_(True), rather than torch.tensor(sourceTensor).
  ,torch.tensor(tgt_img, device=torch.device('cuda:0')), infer=False)
/opt/conda/lib/python3.7/site-packages/torch/nn/parallel/_functions.py:61: UserWarning: Was asked to gather along dimension 0, but all input tensors were scalars; will instead unsqueeze and return a vector.
  warnings.warn('Was asked to gather along dimension 0, but all '
epoch 1/500 over, loss_G,loss_D= 0.9350244998931885,0.003753907047212124
epoch 2/500 over, loss_G,loss_D= 0.9448961019515991,0.0034047109074890614
epoch 3/500 over, loss_G,loss_D= 0.9419234991073608,0.003488946007564664
epoch 4/500 over, loss_G,loss_D= 0.944407045841217,0.003518009092658758
epoch 5/500 over, loss_G,loss_D= 0.8473821878433228,0.003425850998610258
epoch 6/500 over, loss_G,loss_D= 0.7565255165100098,0.0033155367709696293
epoch 7/500 over, loss_G,loss_D= 0.8705500960350037,0.0032408414408564568
epoch 8/500 over, loss_G,loss_D= 1.0772557258605957,0.0029936241917312145
epoch 9/500 over, loss_G,loss_D= 1.1756014823913574,0.0031882585026323795
epoch 10/500 over, loss_G,loss_D= 0.8743616938591003,0.003296276554465294
epoch 11/500 over, loss_G,loss_D= 0.7588242292404175,0.0033120824955403805
epoch 12/500 over, loss_G,loss_D= 0.9068855047225952,0.0032573689240962267
epoch 13/500 over, loss_G,loss_D= 0.963157594203949,0.0032156789675354958
epoch 14/500 over, loss_G,loss_D= 0.7047343850135803,0.004540678113698959
epoch 15/500 over, loss_G,loss_D= 0.8190116286277771,0.0035742931067943573
epoch 16/500 over, loss_G,loss_D= 0.8512746691703796,0.003614299464970827
epoch 17/500 over, loss_G,loss_D= 0.8317580223083496,0.003320157527923584
epoch 18/500 over, loss_G,loss_D= 0.838319718837738,0.00337687018327415
epoch 19/500 over, loss_G,loss_D= 0.7400321364402771,0.005235028453171253
epoch 20/500 over, loss_G,loss_D= 0.7840717434883118,0.0034167608246207237
epoch 21/500 over, loss_G,loss_D= 0.8856579065322876,0.0036166200879961252
epoch 22/500 over, loss_G,loss_D= 0.7574329376220703,0.0034318123944103718
epoch 23/500 over, loss_G,loss_D= 0.8504299521446228,0.003474312834441662
epoch 24/500 over, loss_G,loss_D= 0.7488468885421753,0.0031795210670679808
epoch 25/500 over, loss_G,loss_D= 0.6596086621284485,0.003521410748362541
epoch 26/500 over, loss_G,loss_D= 0.6412031054496765,0.0033215044531971216
epoch 27/500 over, loss_G,loss_D= 0.7420556545257568,0.0032516787759959698
epoch 28/500 over, loss_G,loss_D= 0.7263445258140564,0.003861523699015379
epoch 29/500 over, loss_G,loss_D= 0.7450814247131348,0.003396312240511179
epoch 30/500 over, loss_G,loss_D= 0.7310726046562195,0.0034666606225073338
epoch 31/500 over, loss_G,loss_D= 0.7316137552261353,0.0034418499562889338
epoch 32/500 over, loss_G,loss_D= 0.6365218758583069,0.0039657168090343475
epoch 33/500 over, loss_G,loss_D= 0.6321566104888916,0.0038049540016800165
epoch 34/500 over, loss_G,loss_D= 0.6476501226425171,0.0032672779634594917
epoch 35/500 over, loss_G,loss_D= 0.6308579444885254,0.003751162439584732
epoch 36/500 over, loss_G,loss_D= 0.6349976658821106,0.003380092326551676
epoch 37/500 over, loss_G,loss_D= 0.6403151750564575,0.003705593291670084
epoch 38/500 over, loss_G,loss_D= 0.5934392213821411,0.003431587014347315
epoch 39/500 over, loss_G,loss_D= 0.6110206246376038,0.0030795659404248
epoch 40/500 over, loss_G,loss_D= 0.6799726486206055,0.003405943512916565
epoch 41/500 over, loss_G,loss_D= 0.5625524520874023,0.003371864091604948
epoch 42/500 over, loss_G,loss_D= 0.6307709217071533,0.003710430348291993
epoch 43/500 over, loss_G,loss_D= 0.614529013633728,0.0037529640831053257
epoch 44/500 over, loss_G,loss_D= 0.6774391531944275,0.003598863026127219
epoch 45/500 over, loss_G,loss_D= 0.5515016913414001,0.0034556970931589603
epoch 46/500 over, loss_G,loss_D= 0.6001449227333069,0.003653227584436536
epoch 47/500 over, loss_G,loss_D= 0.5436789393424988,0.003533772425726056
epoch 48/500 over, loss_G,loss_D= 0.7010518312454224,0.0035799560137093067
epoch 49/500 over, loss_G,loss_D= 0.599885880947113,0.0034792975056916475
epoch 50/500 over, loss_G,loss_D= 0.6016662120819092,0.003686245996505022
epoch 51/500 over, loss_G,loss_D= 0.5396797060966492,0.0033605380449444056
epoch 52/500 over, loss_G,loss_D= 0.6073734164237976,0.0028952714055776596
epoch 53/500 over, loss_G,loss_D= 0.534273087978363,0.0035409326665103436
epoch 54/500 over, loss_G,loss_D= 0.7754348516464233,0.0034657625947147608
epoch 55/500 over, loss_G,loss_D= 0.5788059830665588,0.00369144044816494
epoch 56/500 over, loss_G,loss_D= 0.613865315914154,0.0032964334823191166
epoch 57/500 over, loss_G,loss_D= 0.6208522319793701,0.0034021874889731407
epoch 58/500 over, loss_G,loss_D= 0.6266781091690063,0.003380110953003168
epoch 59/500 over, loss_G,loss_D= 0.5594083666801453,0.00346543500199914
epoch 60/500 over, loss_G,loss_D= 0.5010038018226624,0.003544401377439499
epoch 61/500 over, loss_G,loss_D= 0.6411350965499878,0.003008049912750721
epoch 62/500 over, loss_G,loss_D= 0.5792877078056335,0.0036201495677232742
epoch 63/500 over, loss_G,loss_D= 0.6031819581985474,0.003595278598368168
epoch 64/500 over, loss_G,loss_D= 0.5782957673072815,0.0034334706142544746
epoch 65/500 over, loss_G,loss_D= 0.7698115110397339,0.0035133548080921173
epoch 66/500 over, loss_G,loss_D= 0.5595797300338745,0.0033915028907358646
epoch 67/500 over, loss_G,loss_D= 0.5763171315193176,0.0031819851137697697
epoch 68/500 over, loss_G,loss_D= 0.732318639755249,0.003555252915248275
epoch 69/500 over, loss_G,loss_D= 0.5652033686637878,0.0034247864969074726
epoch 70/500 over, loss_G,loss_D= 0.5549634695053101,0.003498670645058155
epoch 71/500 over, loss_G,loss_D= 0.5281577706336975,0.003180593252182007
epoch 72/500 over, loss_G,loss_D= 0.5698457360267639,0.0034080157056450844
epoch 73/500 over, loss_G,loss_D= 0.5002928376197815,0.003313175868242979
epoch 74/500 over, loss_G,loss_D= 0.5716621279716492,0.0032379385083913803
epoch 75/500 over, loss_G,loss_D= 0.4994196891784668,0.0035471837036311626
epoch 76/500 over, loss_G,loss_D= 0.5607292056083679,0.0033444357104599476
epoch 77/500 over, loss_G,loss_D= 0.5379958152770996,0.0032978870440274477
epoch 78/500 over, loss_G,loss_D= 0.6631394028663635,0.003447418101131916
epoch 79/500 over, loss_G,loss_D= 0.5369386672973633,0.003203607862815261
epoch 80/500 over, loss_G,loss_D= 0.5290859937667847,0.003249089466407895
epoch 81/500 over, loss_G,loss_D= 0.5056927800178528,0.0033276285976171494
epoch 82/500 over, loss_G,loss_D= 0.5512678623199463,0.003426377661526203
epoch 83/500 over, loss_G,loss_D= 0.5985813140869141,0.0034131978172808886
epoch 84/500 over, loss_G,loss_D= 0.49634286761283875,0.0031925179064273834
epoch 85/500 over, loss_G,loss_D= 0.5899909138679504,0.0032701881136745214
epoch 86/500 over, loss_G,loss_D= 0.546513020992279,0.0032840450294315815
epoch 87/500 over, loss_G,loss_D= 0.545182466506958,0.0036186641082167625
epoch 88/500 over, loss_G,loss_D= 0.5080569386482239,0.003407164942473173
epoch 89/500 over, loss_G,loss_D= 0.624164879322052,0.0034857019782066345
epoch 90/500 over, loss_G,loss_D= 0.5128215551376343,0.0035707096103578806
epoch 91/500 over, loss_G,loss_D= 0.5417527556419373,0.003316946793347597
epoch 92/500 over, loss_G,loss_D= 0.5238786339759827,0.003431105986237526
epoch 93/500 over, loss_G,loss_D= 0.490296334028244,0.003319727722555399
epoch 94/500 over, loss_G,loss_D= 0.4827214181423187,0.003397667780518532
epoch 95/500 over, loss_G,loss_D= 0.485220342874527,0.0034774085506796837
epoch 96/500 over, loss_G,loss_D= 0.48478540778160095,0.0034286826848983765
epoch 97/500 over, loss_G,loss_D= 0.5334773063659668,0.0032734153792262077
epoch 98/500 over, loss_G,loss_D= 0.48879697918891907,0.0033672871068120003
epoch 99/500 over, loss_G,loss_D= 0.5370638966560364,0.0033527608029544353
epoch 100/500 over, loss_G,loss_D= 0.5403072237968445,0.003153619822114706
epoch 101/500 over, loss_G,loss_D= 0.537925124168396,0.003473924472928047
epoch 102/500 over, loss_G,loss_D= 0.5432466268539429,0.0033454839140176773
epoch 103/500 over, loss_G,loss_D= 0.44449201226234436,0.0032359804026782513
epoch 104/500 over, loss_G,loss_D= 0.47695016860961914,0.0033422703854739666
epoch 105/500 over, loss_G,loss_D= 0.5551654696464539,0.0032211211510002613
epoch 106/500 over, loss_G,loss_D= 0.4522559642791748,0.003356794361025095
epoch 107/500 over, loss_G,loss_D= 0.5057682394981384,0.0031030355021357536
epoch 108/500 over, loss_G,loss_D= 0.5243969559669495,0.003253484144806862
epoch 109/500 over, loss_G,loss_D= 0.4457542896270752,0.003193229902535677
epoch 110/500 over, loss_G,loss_D= 0.5097219944000244,0.0033873198553919792
epoch 111/500 over, loss_G,loss_D= 0.5061572790145874,0.0033848811872303486
epoch 112/500 over, loss_G,loss_D= 0.47871795296669006,0.003267181571573019
epoch 113/500 over, loss_G,loss_D= 0.5015365481376648,0.0035247299820184708
epoch 114/500 over, loss_G,loss_D= 0.48854494094848633,0.0032209577038884163
epoch 115/500 over, loss_G,loss_D= 0.5023047924041748,0.003265069331973791
epoch 116/500 over, loss_G,loss_D= 0.4954114258289337,0.003370142076164484
epoch 117/500 over, loss_G,loss_D= 0.42969387769699097,0.003505248576402664
epoch 118/500 over, loss_G,loss_D= 0.5045190453529358,0.0033691520802676678
epoch 119/500 over, loss_G,loss_D= 0.5010347962379456,0.0033945231698453426
epoch 120/500 over, loss_G,loss_D= 0.6696294546127319,0.0030978110153228045
epoch 121/500 over, loss_G,loss_D= 0.4431912899017334,0.0034217233769595623
epoch 122/500 over, loss_G,loss_D= 0.45205941796302795,0.003279629861935973
epoch 123/500 over, loss_G,loss_D= 0.5029115676879883,0.003338809823617339
epoch 124/500 over, loss_G,loss_D= 0.4741685390472412,0.003433661535382271
epoch 125/500 over, loss_G,loss_D= 0.520231306552887,0.0032380144111812115
epoch 126/500 over, loss_G,loss_D= 0.4210684597492218,0.003224464599043131
epoch 127/500 over, loss_G,loss_D= 0.5166336297988892,0.0035915556363761425
epoch 128/500 over, loss_G,loss_D= 0.5043691992759705,0.003405363764613867
epoch 129/500 over, loss_G,loss_D= 0.5257592797279358,0.003573964349925518
epoch 130/500 over, loss_G,loss_D= 0.6067730188369751,0.0032595987431705
epoch 131/500 over, loss_G,loss_D= 0.49626266956329346,0.0035190072376281023
epoch 132/500 over, loss_G,loss_D= 0.509357750415802,0.00372553919441998
epoch 133/500 over, loss_G,loss_D= 0.5139673948287964,0.0031775960233062506
epoch 134/500 over, loss_G,loss_D= 0.4889761507511139,0.0034704613499343395
epoch 135/500 over, loss_G,loss_D= 0.4735892117023468,0.003649431746453047
epoch 136/500 over, loss_G,loss_D= 0.4684849977493286,0.0034042876213788986
epoch 137/500 over, loss_G,loss_D= 0.5115972757339478,0.0034994948655366898
epoch 138/500 over, loss_G,loss_D= 0.49826517701148987,0.0031122034415602684
epoch 139/500 over, loss_G,loss_D= 0.5660266280174255,0.0033586006611585617
epoch 140/500 over, loss_G,loss_D= 0.5014680624008179,0.003515157150104642
epoch 141/500 over, loss_G,loss_D= 0.4463111460208893,0.0031197057105600834
epoch 142/500 over, loss_G,loss_D= 0.5064656138420105,0.003640189301222563
epoch 143/500 over, loss_G,loss_D= 0.5352703332901001,0.0033055120147764683
epoch 144/500 over, loss_G,loss_D= 0.5045774579048157,0.0037419083528220654
epoch 145/500 over, loss_G,loss_D= 0.49981117248535156,0.0035490370355546474
epoch 146/500 over, loss_G,loss_D= 0.4247570335865021,0.003123896662145853
epoch 147/500 over, loss_G,loss_D= 0.4627953767776489,0.0031263423152267933
epoch 148/500 over, loss_G,loss_D= 0.4487682282924652,0.0036051934584975243
epoch 149/500 over, loss_G,loss_D= 0.4550827145576477,0.0033471514470875263
epoch 150/500 over, loss_G,loss_D= 0.5001664757728577,0.0033695572055876255
epoch 151/500 over, loss_G,loss_D= 0.5069721937179565,0.003443131223320961
epoch 152/500 over, loss_G,loss_D= 0.42834243178367615,0.0033400850370526314
epoch 153/500 over, loss_G,loss_D= 0.4274720847606659,0.0031317793764173985
epoch 154/500 over, loss_G,loss_D= 0.49292808771133423,0.0035395282320678234
epoch 155/500 over, loss_G,loss_D= 0.6409893035888672,0.0033610034734010696
epoch 156/500 over, loss_G,loss_D= 0.528117299079895,0.0035166176967322826
epoch 157/500 over, loss_G,loss_D= 0.4780913293361664,0.003587656654417515
epoch 158/500 over, loss_G,loss_D= 0.46646052598953247,0.0032665394246578217
epoch 159/500 over, loss_G,loss_D= 0.5757111310958862,0.00357794389128685
epoch 160/500 over, loss_G,loss_D= 0.5195825099945068,0.0034164064563810825
epoch 161/500 over, loss_G,loss_D= 0.42858678102493286,0.0032658344134688377
epoch 162/500 over, loss_G,loss_D= 0.4839880168437958,0.0035318806767463684
epoch 163/500 over, loss_G,loss_D= 0.4674247205257416,0.0032679149881005287
epoch 164/500 over, loss_G,loss_D= 0.43108266592025757,0.003435383317992091
epoch 165/500 over, loss_G,loss_D= 0.5384269952774048,0.0036104493774473667
epoch 166/500 over, loss_G,loss_D= 0.5329932570457458,0.0032296706922352314
epoch 167/500 over, loss_G,loss_D= 0.4523821771144867,0.0035296452697366476
epoch 168/500 over, loss_G,loss_D= 0.444682776927948,0.003346961922943592
epoch 169/500 over, loss_G,loss_D= 0.46062302589416504,0.0033714210148900747
epoch 170/500 over, loss_G,loss_D= 0.41230979561805725,0.0032535416539758444
epoch 171/500 over, loss_G,loss_D= 0.4404398798942566,0.0030920347198843956
epoch 172/500 over, loss_G,loss_D= 0.4208477735519409,0.0032920194789767265
epoch 173/500 over, loss_G,loss_D= 0.4459974765777588,0.0032408172264695168
epoch 174/500 over, loss_G,loss_D= 0.43792110681533813,0.003257849719375372
epoch 175/500 over, loss_G,loss_D= 0.43908587098121643,0.0034236344508826733
epoch 176/500 over, loss_G,loss_D= 0.425190269947052,0.003289351239800453
epoch 177/500 over, loss_G,loss_D= 0.38328060507774353,0.0035520135425031185
epoch 178/500 over, loss_G,loss_D= 0.4608449935913086,0.003328294726088643
epoch 179/500 over, loss_G,loss_D= 0.4482612907886505,0.0029934835620224476
epoch 180/500 over, loss_G,loss_D= 0.493021160364151,0.0032466277480125427
epoch 181/500 over, loss_G,loss_D= 0.4785185754299164,0.0034379595890641212
epoch 182/500 over, loss_G,loss_D= 0.45121851563453674,0.003481786698102951
epoch 183/500 over, loss_G,loss_D= 0.43859216570854187,0.003384945448487997
epoch 184/500 over, loss_G,loss_D= 0.4391736090183258,0.0035539015661925077
epoch 185/500 over, loss_G,loss_D= 0.4961707293987274,0.0030728098936378956
epoch 186/500 over, loss_G,loss_D= 0.4369482100009918,0.003376468550413847
epoch 187/500 over, loss_G,loss_D= 0.5896157026290894,0.003605231177061796
epoch 188/500 over, loss_G,loss_D= 0.49598532915115356,0.0033456445671617985
epoch 189/500 over, loss_G,loss_D= 0.4196028411388397,0.003574142698198557
epoch 190/500 over, loss_G,loss_D= 0.47239261865615845,0.0037009590305387974
epoch 191/500 over, loss_G,loss_D= 0.44641053676605225,0.0032926565036177635
epoch 192/500 over, loss_G,loss_D= 0.39067089557647705,0.0033112368546426296
epoch 193/500 over, loss_G,loss_D= 0.4179195761680603,0.003199320985004306
epoch 194/500 over, loss_G,loss_D= 0.442891389131546,0.00322275934740901
epoch 195/500 over, loss_G,loss_D= 0.38543128967285156,0.0035058578941971064
epoch 196/500 over, loss_G,loss_D= 0.536179780960083,0.0034696259535849094
epoch 197/500 over, loss_G,loss_D= 0.4827529191970825,0.0034245559945702553
epoch 198/500 over, loss_G,loss_D= 0.49325716495513916,0.0034811953082680702
epoch 199/500 over, loss_G,loss_D= 0.42187026143074036,0.003230217844247818
epoch 200/500 over, loss_G,loss_D= 0.3944666385650635,0.003608682658523321
epoch 201/500 over, loss_G,loss_D= 0.42794492840766907,0.0032938627991825342
epoch 202/500 over, loss_G,loss_D= 0.43116915225982666,0.0036002877168357372
epoch 203/500 over, loss_G,loss_D= 0.42171820998191833,0.003386903554201126
epoch 204/500 over, loss_G,loss_D= 0.4266001582145691,0.0033526537008583546
epoch 205/500 over, loss_G,loss_D= 0.4754490852355957,0.0035173469223082066
epoch 206/500 over, loss_G,loss_D= 0.4221900999546051,0.003472109790891409
epoch 207/500 over, loss_G,loss_D= 0.3834474980831146,0.0030968934297561646
epoch 208/500 over, loss_G,loss_D= 0.4466961622238159,0.0034166863188147545
epoch 209/500 over, loss_G,loss_D= 0.47443899512290955,0.0031768977642059326
epoch 210/500 over, loss_G,loss_D= 0.41688528656959534,0.003420935943722725
epoch 211/500 over, loss_G,loss_D= 0.4241035282611847,0.0035360842011868954
epoch 212/500 over, loss_G,loss_D= 0.4339900016784668,0.0032576490193605423
epoch 213/500 over, loss_G,loss_D= 0.4483301341533661,0.0033531170338392258
epoch 214/500 over, loss_G,loss_D= 0.3905108571052551,0.003289012238383293
epoch 215/500 over, loss_G,loss_D= 0.41445624828338623,0.0032751932740211487
epoch 216/500 over, loss_G,loss_D= 0.4818798303604126,0.003163329791277647
epoch 217/500 over, loss_G,loss_D= 0.42069119215011597,0.0034201834350824356
epoch 218/500 over, loss_G,loss_D= 0.41530078649520874,0.003217390738427639
epoch 219/500 over, loss_G,loss_D= 0.38426053524017334,0.003331960877403617
epoch 220/500 over, loss_G,loss_D= 0.49022865295410156,0.0035179229453206062
epoch 221/500 over, loss_G,loss_D= 0.47872260212898254,0.0034970398992300034
epoch 222/500 over, loss_G,loss_D= 0.38218823075294495,0.0033637615852057934
epoch 223/500 over, loss_G,loss_D= 0.47638705372810364,0.0032610082998871803
epoch 224/500 over, loss_G,loss_D= 0.40577149391174316,0.003566004568710923
epoch 225/500 over, loss_G,loss_D= 0.4452601373195648,0.0032205767929553986
epoch 226/500 over, loss_G,loss_D= 0.3867451846599579,0.0035284017212688923
epoch 227/500 over, loss_G,loss_D= 0.40203773975372314,0.0032568718306720257
epoch 228/500 over, loss_G,loss_D= 0.4296494424343109,0.0032015969045460224
epoch 229/500 over, loss_G,loss_D= 0.40531015396118164,0.0033491780050098896
epoch 230/500 over, loss_G,loss_D= 0.38264381885528564,0.0034436602145433426
epoch 231/500 over, loss_G,loss_D= 0.43767279386520386,0.0031393493991345167
epoch 232/500 over, loss_G,loss_D= 0.5130738615989685,0.0035249930806457996
epoch 233/500 over, loss_G,loss_D= 0.3587471544742584,0.003759957617148757
epoch 234/500 over, loss_G,loss_D= 0.4647494852542877,0.0033419220708310604
epoch 235/500 over, loss_G,loss_D= 0.43531376123428345,0.003202802035957575
epoch 236/500 over, loss_G,loss_D= 0.43308523297309875,0.0032876902259886265
epoch 237/500 over, loss_G,loss_D= 0.4963333010673523,0.002972222864627838
epoch 238/500 over, loss_G,loss_D= 0.39240023493766785,0.0031818640418350697
epoch 239/500 over, loss_G,loss_D= 0.40463051199913025,0.0034845122136175632
epoch 240/500 over, loss_G,loss_D= 0.38576221466064453,0.0032877784688025713
epoch 241/500 over, loss_G,loss_D= 0.5181194543838501,0.003465882269665599
epoch 242/500 over, loss_G,loss_D= 0.3982357978820801,0.003418079111725092
epoch 243/500 over, loss_G,loss_D= 0.39929765462875366,0.0031450612004846334
epoch 244/500 over, loss_G,loss_D= 0.39696821570396423,0.0034959623590111732
epoch 245/500 over, loss_G,loss_D= 0.3979635536670685,0.0033578965812921524
epoch 246/500 over, loss_G,loss_D= 0.44553229212760925,0.003595395479351282
epoch 247/500 over, loss_G,loss_D= 0.4167448878288269,0.003346596146002412
epoch 248/500 over, loss_G,loss_D= 0.4105687439441681,0.0034006843343377113
epoch 249/500 over, loss_G,loss_D= 0.399288147687912,0.0035267146304249763
epoch 250/500 over, loss_G,loss_D= 0.4032161235809326,0.003284560749307275
epoch 251/500 over, loss_G,loss_D= 0.4530790150165558,0.0033178601879626513
epoch 252/500 over, loss_G,loss_D= 0.41216108202934265,0.0034691819455474615
epoch 253/500 over, loss_G,loss_D= 0.536040186882019,0.0033144319895654917
epoch 254/500 over, loss_G,loss_D= 0.38589972257614136,0.003473305143415928
epoch 255/500 over, loss_G,loss_D= 0.36921751499176025,0.0031420146115124226
epoch 256/500 over, loss_G,loss_D= 0.4240433871746063,0.0032373317517340183
epoch 257/500 over, loss_G,loss_D= 0.42957696318626404,0.0033742208033800125
epoch 258/500 over, loss_G,loss_D= 0.4343982934951782,0.003111005062237382
epoch 259/500 over, loss_G,loss_D= 0.4346674382686615,0.0033483689185231924
epoch 260/500 over, loss_G,loss_D= 0.4208686053752899,0.0032310127280652523
epoch 261/500 over, loss_G,loss_D= 0.42956238985061646,0.003223659936338663
epoch 262/500 over, loss_G,loss_D= 0.4108438193798065,0.0031626885756850243
epoch 263/500 over, loss_G,loss_D= 0.3517983853816986,0.0034656324423849583
epoch 264/500 over, loss_G,loss_D= 0.3591007888317108,0.003309882478788495
epoch 265/500 over, loss_G,loss_D= 0.4155448377132416,0.0033232811838388443
epoch 266/500 over, loss_G,loss_D= 0.4257906973361969,0.003236902877688408
epoch 267/500 over, loss_G,loss_D= 0.42159974575042725,0.0032829786650836468
epoch 268/500 over, loss_G,loss_D= 0.4034586250782013,0.0034850933589041233
epoch 269/500 over, loss_G,loss_D= 0.37213972210884094,0.00362471304833889
epoch 270/500 over, loss_G,loss_D= 0.49585676193237305,0.0031749161425977945
epoch 271/500 over, loss_G,loss_D= 0.4037105441093445,0.0035170642659068108
epoch 272/500 over, loss_G,loss_D= 0.4318029284477234,0.0033730100840330124
epoch 273/500 over, loss_G,loss_D= 0.44407978653907776,0.0035610925406217575
epoch 274/500 over, loss_G,loss_D= 0.3490335941314697,0.003373571904376149
epoch 275/500 over, loss_G,loss_D= 0.4095839262008667,0.003445833921432495
epoch 276/500 over, loss_G,loss_D= 0.4119780659675598,0.0030271601863205433
epoch 277/500 over, loss_G,loss_D= 0.36940017342567444,0.003149817232042551
epoch 278/500 over, loss_G,loss_D= 0.3506711423397064,0.003261786187067628
epoch 279/500 over, loss_G,loss_D= 0.37322527170181274,0.003378101158887148
epoch 280/500 over, loss_G,loss_D= 0.40816816687583923,0.0032570105977356434
epoch 281/500 over, loss_G,loss_D= 0.38691815733909607,0.0034851697273552418
epoch 282/500 over, loss_G,loss_D= 0.39221665263175964,0.0032574404031038284
epoch 283/500 over, loss_G,loss_D= 0.4591270983219147,0.003242569975554943
epoch 284/500 over, loss_G,loss_D= 0.450594037771225,0.003288515377789736
epoch 285/500 over, loss_G,loss_D= 0.3747250437736511,0.0032605440355837345
epoch 286/500 over, loss_G,loss_D= 0.37559497356414795,0.0035641533322632313
epoch 287/500 over, loss_G,loss_D= 0.3962377905845642,0.0032954488415271044
epoch 288/500 over, loss_G,loss_D= 0.39752310514450073,0.0031581795774400234
epoch 289/500 over, loss_G,loss_D= 0.36427754163742065,0.0034221000969409943
epoch 290/500 over, loss_G,loss_D= 0.3590523600578308,0.003432194236665964
epoch 291/500 over, loss_G,loss_D= 0.33522361516952515,0.003398381406441331
epoch 292/500 over, loss_G,loss_D= 0.47905394434928894,0.003259256947785616
epoch 293/500 over, loss_G,loss_D= 0.4970168471336365,0.003320949152112007
epoch 294/500 over, loss_G,loss_D= 0.3763401508331299,0.003258492797613144
epoch 295/500 over, loss_G,loss_D= 0.33155593276023865,0.0034041251055896282
epoch 296/500 over, loss_G,loss_D= 0.4036615788936615,0.003183976747095585
epoch 297/500 over, loss_G,loss_D= 0.38581135869026184,0.003609510837122798
epoch 298/500 over, loss_G,loss_D= 0.3795957565307617,0.003248704830184579
epoch 299/500 over, loss_G,loss_D= 0.42421579360961914,0.0031652236357331276
epoch 300/500 over, loss_G,loss_D= 0.4110528230667114,0.0031513606663793325
epoch 301/500 over, loss_G,loss_D= 0.32270118594169617,0.0033416259102523327
epoch 302/500 over, loss_G,loss_D= 0.3815964162349701,0.0033249107655137777
epoch 303/500 over, loss_G,loss_D= 0.4089577794075012,0.0031934427097439766
epoch 304/500 over, loss_G,loss_D= 0.3660079538822174,0.00332188094034791
epoch 305/500 over, loss_G,loss_D= 0.3723728656768799,0.0035650834906846285
epoch 306/500 over, loss_G,loss_D= 0.3959674537181854,0.0035688818898051977
epoch 307/500 over, loss_G,loss_D= 0.5001474618911743,0.003187720663845539
epoch 308/500 over, loss_G,loss_D= 0.3520466387271881,0.0036296024918556213
epoch 309/500 over, loss_G,loss_D= 0.44807735085487366,0.00333579583093524
epoch 310/500 over, loss_G,loss_D= 0.4198453724384308,0.0031954506412148476
epoch 311/500 over, loss_G,loss_D= 0.41010114550590515,0.0031028459779918194
epoch 312/500 over, loss_G,loss_D= 0.3952791392803192,0.0031183836981654167
epoch 313/500 over, loss_G,loss_D= 0.3663561940193176,0.003112396690994501
epoch 314/500 over, loss_G,loss_D= 0.3606010377407074,0.0032962190452963114
epoch 315/500 over, loss_G,loss_D= 0.33265653252601624,0.003557862713932991
epoch 316/500 over, loss_G,loss_D= 0.4078289866447449,0.0033289524726569653
epoch 317/500 over, loss_G,loss_D= 0.36426272988319397,0.003521586302667856
epoch 318/500 over, loss_G,loss_D= 0.3565032184123993,0.003051278181374073
epoch 319/500 over, loss_G,loss_D= 0.3784199655056,0.003222188912332058
epoch 320/500 over, loss_G,loss_D= 0.4069749414920807,0.003274093847721815
epoch 321/500 over, loss_G,loss_D= 0.3734365403652191,0.0033178748562932014
epoch 322/500 over, loss_G,loss_D= 0.3661915957927704,0.0034080897457897663
epoch 323/500 over, loss_G,loss_D= 0.3261333405971527,0.0034491491969674826
epoch 324/500 over, loss_G,loss_D= 0.336544930934906,0.0033150631934404373
epoch 325/500 over, loss_G,loss_D= 0.35083574056625366,0.003336610971018672
epoch 326/500 over, loss_G,loss_D= 0.3456607758998871,0.0035650969948619604
epoch 327/500 over, loss_G,loss_D= 0.37852972745895386,0.0031605628319084644
epoch 328/500 over, loss_G,loss_D= 0.3337564766407013,0.0033178506419062614
epoch 329/500 over, loss_G,loss_D= 0.3738920986652374,0.0032654455862939358
epoch 330/500 over, loss_G,loss_D= 0.34387072920799255,0.0033397749066352844
epoch 331/500 over, loss_G,loss_D= 0.3438109755516052,0.0034101230558007956
epoch 332/500 over, loss_G,loss_D= 0.35404694080352783,0.00333329476416111
epoch 333/500 over, loss_G,loss_D= 0.3338226079940796,0.0035232380032539368
epoch 334/500 over, loss_G,loss_D= 0.368186891078949,0.003361152485013008
epoch 335/500 over, loss_G,loss_D= 0.37468406558036804,0.003554167225956917
epoch 336/500 over, loss_G,loss_D= 0.36479613184928894,0.003444249974563718
epoch 337/500 over, loss_G,loss_D= 0.34281501173973083,0.003388642566278577
epoch 338/500 over, loss_G,loss_D= 0.38403043150901794,0.003286124672740698
epoch 339/500 over, loss_G,loss_D= 0.39364373683929443,0.003167742630466819
epoch 340/500 over, loss_G,loss_D= 0.3188941478729248,0.0032077846117317677
epoch 341/500 over, loss_G,loss_D= 0.33314481377601624,0.0031920447945594788
epoch 342/500 over, loss_G,loss_D= 0.3832254409790039,0.00344880111515522
epoch 343/500 over, loss_G,loss_D= 0.40655604004859924,0.0032235390972346067
epoch 344/500 over, loss_G,loss_D= 0.35251063108444214,0.003177376464009285
epoch 345/500 over, loss_G,loss_D= 0.4658343493938446,0.0033579450100660324
epoch 346/500 over, loss_G,loss_D= 0.32451242208480835,0.003035946749150753
epoch 347/500 over, loss_G,loss_D= 0.3474636375904083,0.003406059928238392
epoch 348/500 over, loss_G,loss_D= 0.3551138639450073,0.0030386163853108883
epoch 349/500 over, loss_G,loss_D= 0.3399195075035095,0.003217278514057398
epoch 350/500 over, loss_G,loss_D= 0.329452246427536,0.0033120885491371155
epoch 351/500 over, loss_G,loss_D= 0.3914545476436615,0.0035238538403064013
epoch 352/500 over, loss_G,loss_D= 0.3759424686431885,0.003379844594746828
epoch 353/500 over, loss_G,loss_D= 0.3647776246070862,0.003330148058012128
epoch 354/500 over, loss_G,loss_D= 0.35973745584487915,0.003442855551838875
epoch 355/500 over, loss_G,loss_D= 0.42897355556488037,0.0032764128409326077
epoch 356/500 over, loss_G,loss_D= 0.3578779101371765,0.003455069847404957
epoch 357/500 over, loss_G,loss_D= 0.36064618825912476,0.0032797083258628845
epoch 358/500 over, loss_G,loss_D= 0.3670959770679474,0.0033738696947693825
epoch 359/500 over, loss_G,loss_D= 0.3429877460002899,0.0033440138213336468
epoch 360/500 over, loss_G,loss_D= 0.31947675347328186,0.003367215860635042
epoch 361/500 over, loss_G,loss_D= 0.3410859704017639,0.0034175540786236525
epoch 362/500 over, loss_G,loss_D= 0.328980952501297,0.003340312745422125
epoch 363/500 over, loss_G,loss_D= 0.3033602833747864,0.003483007661998272
epoch 364/500 over, loss_G,loss_D= 0.3546347916126251,0.003346225945279002
epoch 365/500 over, loss_G,loss_D= 0.32528379559516907,0.0033247810788452625
epoch 366/500 over, loss_G,loss_D= 0.4135224521160126,0.0033605790231376886
epoch 367/500 over, loss_G,loss_D= 0.29019054770469666,0.0035949344746768475
epoch 368/500 over, loss_G,loss_D= 0.33213773369789124,0.0032159211114048958
epoch 369/500 over, loss_G,loss_D= 0.3394753038883209,0.003159636165946722
epoch 370/500 over, loss_G,loss_D= 0.3532613515853882,0.003185077104717493
epoch 371/500 over, loss_G,loss_D= 0.3570314049720764,0.003320705145597458
epoch 372/500 over, loss_G,loss_D= 0.36488351225852966,0.002955205272883177
epoch 373/500 over, loss_G,loss_D= 0.38554680347442627,0.0034197871573269367
epoch 374/500 over, loss_G,loss_D= 0.4240218698978424,0.0031714634969830513
epoch 375/500 over, loss_G,loss_D= 0.3328062891960144,0.003493107855319977
epoch 376/500 over, loss_G,loss_D= 0.35119515657424927,0.0033293534070253372
epoch 377/500 over, loss_G,loss_D= 0.48734572529792786,0.0035042916424572468
epoch 378/500 over, loss_G,loss_D= 0.3152323365211487,0.003291274653747678
epoch 379/500 over, loss_G,loss_D= 0.34162354469299316,0.0033135521225631237
epoch 380/500 over, loss_G,loss_D= 0.37239620089530945,0.0033021115232259035
epoch 381/500 over, loss_G,loss_D= 0.3076134920120239,0.003172811586409807
epoch 382/500 over, loss_G,loss_D= 0.31519243121147156,0.0033056139945983887
epoch 383/500 over, loss_G,loss_D= 0.3571528196334839,0.003175550838932395
epoch 384/500 over, loss_G,loss_D= 0.3625863194465637,0.003187263384461403
epoch 385/500 over, loss_G,loss_D= 0.3193748891353607,0.0033271624706685543
epoch 386/500 over, loss_G,loss_D= 0.40049925446510315,0.003132849931716919
epoch 387/500 over, loss_G,loss_D= 0.3394005000591278,0.0035230922512710094
epoch 388/500 over, loss_G,loss_D= 0.3269607722759247,0.0033910521306097507
epoch 389/500 over, loss_G,loss_D= 0.3305228054523468,0.003307325066998601
epoch 390/500 over, loss_G,loss_D= 0.3489435613155365,0.0034033204428851604
epoch 391/500 over, loss_G,loss_D= 0.3625112473964691,0.0033259058836847544
epoch 392/500 over, loss_G,loss_D= 0.3407381474971771,0.0032768805976957083
epoch 393/500 over, loss_G,loss_D= 0.3317359387874603,0.003328511957079172
epoch 394/500 over, loss_G,loss_D= 0.3676498234272003,0.0035003151278942823
epoch 395/500 over, loss_G,loss_D= 0.30567628145217896,0.0032915896736085415
epoch 396/500 over, loss_G,loss_D= 0.30811217427253723,0.003036669921129942
epoch 397/500 over, loss_G,loss_D= 0.3109067976474762,0.00331028550863266
epoch 398/500 over, loss_G,loss_D= 0.33143138885498047,0.003481897059828043
epoch 399/500 over, loss_G,loss_D= 0.3012534976005554,0.003272293135523796
epoch 400/500 over, loss_G,loss_D= 0.31593695282936096,0.0035458123311400414
epoch 401/500 over, loss_G,loss_D= 0.32024672627449036,0.0033047092147171497
epoch 402/500 over, loss_G,loss_D= 0.31388014554977417,0.0034382627345621586
epoch 403/500 over, loss_G,loss_D= 0.3105735182762146,0.00323747331276536
epoch 404/500 over, loss_G,loss_D= 0.4045075476169586,0.0030658261384814978
epoch 405/500 over, loss_G,loss_D= 0.3620603084564209,0.003457140875980258
epoch 406/500 over, loss_G,loss_D= 0.3056221604347229,0.003285935614258051
epoch 407/500 over, loss_G,loss_D= 0.37541115283966064,0.0033949934877455235
epoch 408/500 over, loss_G,loss_D= 0.31427326798439026,0.003230040892958641
epoch 409/500 over, loss_G,loss_D= 0.3195192813873291,0.0032286816276609898
epoch 410/500 over, loss_G,loss_D= 0.3062553107738495,0.003493872471153736
Traceback (most recent call last):
  File "3_1.train_face_residue.py", line 37, in <module>
    for in_img,_,head_mtx,_,tgt_img  in train_loader:
  File "/opt/conda/lib/python3.7/site-packages/torch/utils/data/dataloader.py", line 568, in __next__
    return self._process_next_batch(batch)
  File "/opt/conda/lib/python3.7/site-packages/torch/utils/data/dataloader.py", line 608, in _process_next_batch
    raise batch.exc_type(batch.exc_msg)
FileNotFoundError: Traceback (most recent call last):
  File "/opt/conda/lib/python3.7/site-packages/torch/utils/data/_utils/worker.py", line 99, in _worker_loop
    samples = collate_fn([dataset[i] for i in batch_indices])
  File "/opt/conda/lib/python3.7/site-packages/torch/utils/data/_utils/worker.py", line 99, in <listcomp>
    samples = collate_fn([dataset[i] for i in batch_indices])
  File "../utils/loaders.py", line 308, in __getitem__
    #return im_sample,lbl_sample,head_mtx,head_center,im_target,im_path,lbl_path,tgt_path
  File "../utils/loaders.py", line 142, in read_label
    face[face>511]=511
FileNotFoundError: [Errno 2] No such file or directory: '../data/anime/train_label/img_103_9_keypoints.json'

