2
Compose(
    Lambda()
    ToTensor()
    <class 'torch.FloatTensor'>
    Normalize(mean=(0.5, 0.5, 0.5), std=(0.5, 0.5, 0.5))
)
128
256
epoch 0/500 over, loss_G,loss_D= 1.9250599145889282,0.003368983743712306
3_1.train_face_residue.py:44: UserWarning: To copy construct from a tensor, it is recommended to use sourceTensor.clone().detach() or sourceTensor.clone().detach().requires_grad_(True), rather than torch.tensor(sourceTensor).
  losses, out_img = big_model(torch.tensor(head_mtx, device=torch.device('cuda:0'))
3_1.train_face_residue.py:45: UserWarning: To copy construct from a tensor, it is recommended to use sourceTensor.clone().detach() or sourceTensor.clone().detach().requires_grad_(True), rather than torch.tensor(sourceTensor).
  ,torch.tensor(in_img, device=torch.device('cuda:0'))
3_1.train_face_residue.py:46: UserWarning: To copy construct from a tensor, it is recommended to use sourceTensor.clone().detach() or sourceTensor.clone().detach().requires_grad_(True), rather than torch.tensor(sourceTensor).
  ,torch.tensor(tgt_img, device=torch.device('cuda:0')), infer=False)
/opt/conda/lib/python3.7/site-packages/torch/nn/parallel/_functions.py:61: UserWarning: Was asked to gather along dimension 0, but all input tensors were scalars; will instead unsqueeze and return a vector.
  warnings.warn('Was asked to gather along dimension 0, but all '
epoch 1/500 over, loss_G,loss_D= 2.2016613483428955,0.0038514710031449795
epoch 2/500 over, loss_G,loss_D= 1.9600646495819092,0.0036684898659586906
epoch 3/500 over, loss_G,loss_D= 1.956213355064392,0.0035101259127259254
epoch 4/500 over, loss_G,loss_D= 2.253161668777466,0.003481615800410509
epoch 5/500 over, loss_G,loss_D= 2.06626558303833,0.0038343858905136585
epoch 6/500 over, loss_G,loss_D= 2.2843236923217773,0.0035776456352323294
epoch 7/500 over, loss_G,loss_D= 2.2656617164611816,0.003248183522373438
epoch 8/500 over, loss_G,loss_D= 2.4225196838378906,0.004062475170940161
epoch 9/500 over, loss_G,loss_D= 2.457991600036621,0.0032044104300439358
epoch 10/500 over, loss_G,loss_D= 2.143203020095825,0.003402906470000744
epoch 11/500 over, loss_G,loss_D= 1.8530250787734985,0.003786140587180853
epoch 12/500 over, loss_G,loss_D= 1.5665923357009888,0.0031325570307672024
epoch 13/500 over, loss_G,loss_D= 2.0365283489227295,0.0036298586055636406
epoch 14/500 over, loss_G,loss_D= 1.5916248559951782,0.0033447211608290672
epoch 15/500 over, loss_G,loss_D= 2.099604368209839,0.0031087857205420732
epoch 16/500 over, loss_G,loss_D= 1.9033820629119873,0.00347381504252553
epoch 17/500 over, loss_G,loss_D= 1.696143388748169,0.00359229720197618
epoch 18/500 over, loss_G,loss_D= 1.5320916175842285,0.003128393553197384
epoch 19/500 over, loss_G,loss_D= 1.5908758640289307,0.0033211754634976387
epoch 20/500 over, loss_G,loss_D= 1.6654773950576782,0.004017430357635021
epoch 21/500 over, loss_G,loss_D= 1.4463722705841064,0.003976773004978895
epoch 22/500 over, loss_G,loss_D= 1.6020879745483398,0.0034549301490187645
epoch 23/500 over, loss_G,loss_D= 1.4746323823928833,0.0030099591240286827
epoch 24/500 over, loss_G,loss_D= 1.8137634992599487,0.0035739480517804623
epoch 25/500 over, loss_G,loss_D= 1.5347099304199219,0.0036526897456496954
epoch 26/500 over, loss_G,loss_D= 1.3843882083892822,0.003739811945706606
epoch 27/500 over, loss_G,loss_D= 1.5651918649673462,0.003244618885219097
epoch 28/500 over, loss_G,loss_D= 1.7716845273971558,0.004533863626420498
epoch 29/500 over, loss_G,loss_D= 1.419108510017395,0.003278193064033985
epoch 30/500 over, loss_G,loss_D= 1.3985795974731445,0.0035218866541981697
epoch 31/500 over, loss_G,loss_D= 1.6854678392410278,0.0033307496923953295
epoch 32/500 over, loss_G,loss_D= 1.197749376296997,0.0031487680971622467
epoch 33/500 over, loss_G,loss_D= 1.6660244464874268,0.0032492962200194597
epoch 34/500 over, loss_G,loss_D= 1.3720753192901611,0.0035916403867304325
epoch 35/500 over, loss_G,loss_D= 1.5942782163619995,0.0033167838118970394
epoch 36/500 over, loss_G,loss_D= 1.3150948286056519,0.0037678126245737076
epoch 37/500 over, loss_G,loss_D= 1.4691214561462402,0.0037184515967965126
epoch 38/500 over, loss_G,loss_D= 1.3948535919189453,0.0035546054132282734
epoch 39/500 over, loss_G,loss_D= 1.538010835647583,0.003313784021884203
epoch 40/500 over, loss_G,loss_D= 1.446932315826416,0.0035694020334631205
epoch 41/500 over, loss_G,loss_D= 1.3542572259902954,0.003697110339999199
epoch 42/500 over, loss_G,loss_D= 2.1185691356658936,0.009838718920946121
epoch 43/500 over, loss_G,loss_D= 1.5058479309082031,0.004077988211065531
epoch 44/500 over, loss_G,loss_D= 1.5867743492126465,0.0031296671368181705
epoch 45/500 over, loss_G,loss_D= 1.382822871208191,0.003510774578899145
epoch 46/500 over, loss_G,loss_D= 1.2359565496444702,0.0034211280290037394
epoch 47/500 over, loss_G,loss_D= 1.2871203422546387,0.0032634714152663946
epoch 48/500 over, loss_G,loss_D= 1.4620290994644165,0.003437950275838375
epoch 49/500 over, loss_G,loss_D= 1.3843215703964233,0.003500002436339855
epoch 50/500 over, loss_G,loss_D= 1.7401412725448608,0.0030469251796603203
epoch 51/500 over, loss_G,loss_D= 1.340550422668457,0.0033085551112890244
epoch 52/500 over, loss_G,loss_D= 1.547647476196289,0.0035298634320497513
epoch 53/500 over, loss_G,loss_D= 1.701147437095642,0.0031026899814605713
epoch 54/500 over, loss_G,loss_D= 1.3392492532730103,0.003617993090301752
epoch 55/500 over, loss_G,loss_D= 1.3686301708221436,0.0037006831262260675
epoch 56/500 over, loss_G,loss_D= 1.4494773149490356,0.003281505312770605
epoch 57/500 over, loss_G,loss_D= 1.5640568733215332,0.0037412303499877453
epoch 58/500 over, loss_G,loss_D= 1.1929584741592407,0.0035799022298306227
epoch 59/500 over, loss_G,loss_D= 1.4678319692611694,0.0035571404732763767
epoch 60/500 over, loss_G,loss_D= 1.5266515016555786,0.003578450996428728
epoch 61/500 over, loss_G,loss_D= 1.414053201675415,0.003787027671933174
epoch 62/500 over, loss_G,loss_D= 1.1940401792526245,0.002969688968732953
epoch 63/500 over, loss_G,loss_D= 1.598394751548767,0.0032942623365670443
epoch 64/500 over, loss_G,loss_D= 1.396979808807373,0.0035299155861139297
epoch 65/500 over, loss_G,loss_D= 1.419663429260254,0.004928238689899445
epoch 66/500 over, loss_G,loss_D= 1.3091574907302856,0.003583341371268034
epoch 67/500 over, loss_G,loss_D= 1.3606401681900024,0.0032157739624381065
epoch 68/500 over, loss_G,loss_D= 1.3438717126846313,0.2003607451915741
epoch 69/500 over, loss_G,loss_D= 1.2685413360595703,0.0032197413966059685
epoch 70/500 over, loss_G,loss_D= 1.1275289058685303,0.0035877046175301075
epoch 71/500 over, loss_G,loss_D= 1.1842314004898071,0.003537619486451149
epoch 72/500 over, loss_G,loss_D= 1.2793848514556885,0.003532575909048319
epoch 73/500 over, loss_G,loss_D= 1.327591896057129,0.0030043525621294975
epoch 74/500 over, loss_G,loss_D= 1.3237956762313843,0.0033009254839271307
epoch 75/500 over, loss_G,loss_D= 1.187567949295044,0.0034432574175298214
epoch 76/500 over, loss_G,loss_D= 1.4251211881637573,0.5213651657104492
epoch 77/500 over, loss_G,loss_D= 1.385386347770691,0.0036384740378707647
epoch 78/500 over, loss_G,loss_D= 1.4305375814437866,0.003305488731712103
epoch 79/500 over, loss_G,loss_D= 1.0895963907241821,0.0033336984924972057
epoch 80/500 over, loss_G,loss_D= 1.401161789894104,0.003296226030215621
epoch 81/500 over, loss_G,loss_D= 1.4316331148147583,0.0034274058416485786
epoch 82/500 over, loss_G,loss_D= 1.286505103111267,0.003471060423180461
epoch 83/500 over, loss_G,loss_D= 1.364484190940857,0.002969812136143446
epoch 84/500 over, loss_G,loss_D= 1.2047977447509766,0.0037755249068140984
epoch 85/500 over, loss_G,loss_D= 1.114851951599121,0.003664672141894698
epoch 86/500 over, loss_G,loss_D= 1.2362380027770996,0.00281343306414783
epoch 87/500 over, loss_G,loss_D= 1.1568118333816528,0.12230071425437927
epoch 88/500 over, loss_G,loss_D= 1.2759509086608887,0.0033087795600295067
epoch 89/500 over, loss_G,loss_D= 1.2520992755889893,0.003583593061193824
epoch 90/500 over, loss_G,loss_D= 1.150485634803772,0.0031799147836863995
epoch 91/500 over, loss_G,loss_D= 1.5766065120697021,0.003418613225221634
epoch 92/500 over, loss_G,loss_D= 1.1831594705581665,0.003263163845986128
epoch 93/500 over, loss_G,loss_D= 1.1254594326019287,0.003494683653116226
epoch 94/500 over, loss_G,loss_D= 1.2396641969680786,0.0033673124853521585
epoch 95/500 over, loss_G,loss_D= 1.3877887725830078,0.003303512930870056
epoch 96/500 over, loss_G,loss_D= 1.403681993484497,0.003846829291433096
epoch 97/500 over, loss_G,loss_D= 1.1583549976348877,0.003602556884288788
epoch 98/500 over, loss_G,loss_D= 1.1882529258728027,0.0034066587686538696
epoch 99/500 over, loss_G,loss_D= 1.1834557056427002,0.003133525140583515
epoch 100/500 over, loss_G,loss_D= 1.3134888410568237,0.003510406706482172
epoch 101/500 over, loss_G,loss_D= 1.3419965505599976,0.0033658966422080994
epoch 102/500 over, loss_G,loss_D= 1.4577587842941284,0.003340838011354208
epoch 103/500 over, loss_G,loss_D= 0.9390212297439575,0.003237019758671522
epoch 104/500 over, loss_G,loss_D= 1.161787748336792,0.0032700402662158012
epoch 105/500 over, loss_G,loss_D= 1.298401951789856,0.0033651944249868393
epoch 106/500 over, loss_G,loss_D= 1.14179527759552,0.003753179684281349
epoch 107/500 over, loss_G,loss_D= 1.2714918851852417,0.0033861431293189526
epoch 108/500 over, loss_G,loss_D= 1.1775882244110107,0.0032165346201509237
epoch 109/500 over, loss_G,loss_D= 1.1144659519195557,0.003281769808381796
epoch 110/500 over, loss_G,loss_D= 1.1367294788360596,0.00349237909540534
epoch 111/500 over, loss_G,loss_D= 1.2067680358886719,0.0032153758220374584
epoch 112/500 over, loss_G,loss_D= 1.1649662256240845,0.0035779932513833046
epoch 113/500 over, loss_G,loss_D= 1.0655913352966309,0.0039299968630075455
epoch 114/500 over, loss_G,loss_D= 0.9961993098258972,0.0034953709691762924
epoch 115/500 over, loss_G,loss_D= 1.1418166160583496,0.0031883702613413334
epoch 116/500 over, loss_G,loss_D= 1.3203366994857788,0.003526795655488968
epoch 117/500 over, loss_G,loss_D= 1.246465802192688,0.003310447558760643
epoch 118/500 over, loss_G,loss_D= 1.072516679763794,0.0033742873929440975
epoch 119/500 over, loss_G,loss_D= 1.2635341882705688,0.003399875480681658
epoch 120/500 over, loss_G,loss_D= 1.3423030376434326,0.003409314202144742
epoch 121/500 over, loss_G,loss_D= 1.350241780281067,0.003541243728250265
epoch 122/500 over, loss_G,loss_D= 1.084610104560852,0.0033050605561584234
epoch 123/500 over, loss_G,loss_D= 1.293951392173767,0.003399329027161002
epoch 124/500 over, loss_G,loss_D= 0.9613044857978821,0.0033200508914887905
epoch 125/500 over, loss_G,loss_D= 0.8953672051429749,0.003599952207878232
epoch 126/500 over, loss_G,loss_D= 1.0594364404678345,0.07480741292238235
epoch 127/500 over, loss_G,loss_D= 1.3759829998016357,0.0035823979414999485
epoch 128/500 over, loss_G,loss_D= 1.036365270614624,0.0033017704263329506
epoch 129/500 over, loss_G,loss_D= 1.4473299980163574,0.0033181344624608755
epoch 130/500 over, loss_G,loss_D= 1.205066442489624,0.003404165618121624
epoch 131/500 over, loss_G,loss_D= 1.0946877002716064,0.003175952471792698
epoch 132/500 over, loss_G,loss_D= 1.1308408975601196,0.003404023591428995
epoch 133/500 over, loss_G,loss_D= 1.3855422735214233,0.0032866685651242733
epoch 134/500 over, loss_G,loss_D= 1.179924488067627,0.003531339345499873
epoch 135/500 over, loss_G,loss_D= 1.0581549406051636,0.003366517834365368
epoch 136/500 over, loss_G,loss_D= 1.2937344312667847,0.00353178265504539
epoch 137/500 over, loss_G,loss_D= 1.2111388444900513,0.0035814777947962284
epoch 138/500 over, loss_G,loss_D= 1.182462215423584,0.0032114186324179173
epoch 139/500 over, loss_G,loss_D= 1.1144812107086182,0.0036082607693970203
epoch 140/500 over, loss_G,loss_D= 1.2192790508270264,0.0033537973649799824
epoch 141/500 over, loss_G,loss_D= 1.250658392906189,0.0035620415583252907
epoch 142/500 over, loss_G,loss_D= 1.147263526916504,0.003538454882800579
epoch 143/500 over, loss_G,loss_D= 1.2305480241775513,0.003484047017991543
epoch 144/500 over, loss_G,loss_D= 1.0041468143463135,0.003296265844255686
epoch 145/500 over, loss_G,loss_D= 1.3903672695159912,0.0031734746880829334
epoch 146/500 over, loss_G,loss_D= 1.2782615423202515,0.0034676273353397846
epoch 147/500 over, loss_G,loss_D= 1.1346080303192139,0.003219123464077711
epoch 148/500 over, loss_G,loss_D= 1.0853532552719116,0.0029595782980322838
epoch 149/500 over, loss_G,loss_D= 1.0044376850128174,0.003099453169852495
epoch 150/500 over, loss_G,loss_D= 1.111806035041809,0.0032999729737639427
epoch 151/500 over, loss_G,loss_D= 1.0996612310409546,0.0033839610405266285
epoch 152/500 over, loss_G,loss_D= 1.086897611618042,0.003629634389653802
epoch 153/500 over, loss_G,loss_D= 1.098828911781311,0.0037224330008029938
epoch 154/500 over, loss_G,loss_D= 1.0142920017242432,0.0030663693323731422
epoch 155/500 over, loss_G,loss_D= 1.132401704788208,0.003414706327021122
epoch 156/500 over, loss_G,loss_D= 0.96515291929245,0.0033873377833515406
epoch 157/500 over, loss_G,loss_D= 1.1385681629180908,0.003548785112798214
epoch 158/500 over, loss_G,loss_D= 1.0384902954101562,0.0031054127030074596
epoch 159/500 over, loss_G,loss_D= 1.2181802988052368,0.003243178129196167
epoch 160/500 over, loss_G,loss_D= 1.1523596048355103,0.0036598462611436844
epoch 161/500 over, loss_G,loss_D= 1.119895339012146,0.004983293358236551
epoch 162/500 over, loss_G,loss_D= 1.0012176036834717,0.0038125980645418167
epoch 163/500 over, loss_G,loss_D= 1.1295301914215088,0.0033826164435595274
epoch 164/500 over, loss_G,loss_D= 0.9671633839607239,0.0031753405928611755
epoch 165/500 over, loss_G,loss_D= 1.1482329368591309,0.0034824851900339127
epoch 166/500 over, loss_G,loss_D= 1.0912281274795532,0.003153243102133274
epoch 167/500 over, loss_G,loss_D= 1.1079695224761963,0.003400266170501709
epoch 168/500 over, loss_G,loss_D= 0.9924680590629578,0.003752904012799263
epoch 169/500 over, loss_G,loss_D= 1.014528512954712,0.0033522527664899826
epoch 170/500 over, loss_G,loss_D= 1.1835312843322754,0.003487303853034973
epoch 171/500 over, loss_G,loss_D= 1.1369880437850952,0.0034579713828861713
epoch 172/500 over, loss_G,loss_D= 1.2001906633377075,0.003660280257463455
epoch 173/500 over, loss_G,loss_D= 0.999235987663269,0.003526689950376749
epoch 174/500 over, loss_G,loss_D= 1.1069902181625366,0.0033691762946546078
epoch 175/500 over, loss_G,loss_D= 1.3221545219421387,0.003476073034107685
epoch 176/500 over, loss_G,loss_D= 0.9644357562065125,0.003025640267878771
epoch 177/500 over, loss_G,loss_D= 1.1272664070129395,0.0035397969186306
epoch 178/500 over, loss_G,loss_D= 0.9576982855796814,0.003026620950549841
epoch 179/500 over, loss_G,loss_D= 1.0228190422058105,0.003389690537005663
epoch 180/500 over, loss_G,loss_D= 1.1083505153656006,0.002942013554275036
epoch 181/500 over, loss_G,loss_D= 1.1384037733078003,0.0035466765984892845
epoch 182/500 over, loss_G,loss_D= 0.9971461296081543,0.003803029889240861
epoch 183/500 over, loss_G,loss_D= 1.1743688583374023,0.003414618782699108
epoch 184/500 over, loss_G,loss_D= 1.1594226360321045,0.002741272561252117
epoch 185/500 over, loss_G,loss_D= 1.185563087463379,0.003231536131352186
epoch 186/500 over, loss_G,loss_D= 0.8403873443603516,0.003200388280674815
epoch 187/500 over, loss_G,loss_D= 1.1532154083251953,0.003223211970180273
epoch 188/500 over, loss_G,loss_D= 1.2160828113555908,0.0035410886630415916
epoch 189/500 over, loss_G,loss_D= 0.9475676417350769,0.0031083885114639997
epoch 190/500 over, loss_G,loss_D= 1.2445671558380127,0.0032660728320479393
epoch 191/500 over, loss_G,loss_D= 1.0017629861831665,0.003048382233828306
epoch 192/500 over, loss_G,loss_D= 1.1259362697601318,0.003437455976381898
epoch 193/500 over, loss_G,loss_D= 1.1545557975769043,0.0035797767341136932
epoch 194/500 over, loss_G,loss_D= 0.8984163999557495,0.0032422496005892754
epoch 195/500 over, loss_G,loss_D= 1.086308479309082,0.003108063479885459
epoch 196/500 over, loss_G,loss_D= 1.0622835159301758,0.0032273747492581606
epoch 197/500 over, loss_G,loss_D= 0.9829308390617371,0.003416009247303009
epoch 198/500 over, loss_G,loss_D= 1.200440526008606,0.0030381830874830484
epoch 199/500 over, loss_G,loss_D= 1.0152816772460938,0.003543626517057419
epoch 200/500 over, loss_G,loss_D= 0.993828535079956,0.0032729548402130604
epoch 201/500 over, loss_G,loss_D= 0.9817455410957336,0.0036589745432138443
epoch 202/500 over, loss_G,loss_D= 0.9146817922592163,0.004067501053214073
epoch 203/500 over, loss_G,loss_D= 1.2897443771362305,0.0032935652416199446
epoch 204/500 over, loss_G,loss_D= 0.9436437487602234,0.0035490677691996098
epoch 205/500 over, loss_G,loss_D= 1.1097543239593506,0.0036522713489830494
epoch 206/500 over, loss_G,loss_D= 1.1033704280853271,0.003189879236742854
epoch 207/500 over, loss_G,loss_D= 1.0432846546173096,0.0034478623420000076
epoch 208/500 over, loss_G,loss_D= 0.8949375152587891,0.0036480827257037163
epoch 209/500 over, loss_G,loss_D= 1.025207281112671,0.0032750205136835575
epoch 210/500 over, loss_G,loss_D= 1.0514737367630005,0.003415365470573306
epoch 211/500 over, loss_G,loss_D= 0.96613609790802,0.003290040884166956
epoch 212/500 over, loss_G,loss_D= 0.864352822303772,0.003495510434731841
epoch 213/500 over, loss_G,loss_D= 1.0680866241455078,0.003631254192441702
epoch 214/500 over, loss_G,loss_D= 1.0715543031692505,0.0031156474724411964
epoch 215/500 over, loss_G,loss_D= 0.9535497426986694,0.002925079083070159
epoch 216/500 over, loss_G,loss_D= 1.013005018234253,0.0031354231759905815
epoch 217/500 over, loss_G,loss_D= 1.0660897493362427,0.0034802835434675217
epoch 218/500 over, loss_G,loss_D= 0.9019571542739868,0.0034034457057714462
epoch 219/500 over, loss_G,loss_D= 1.1633503437042236,0.0033294721506536007
epoch 220/500 over, loss_G,loss_D= 0.9321888089179993,0.0032174293883144855
epoch 221/500 over, loss_G,loss_D= 1.1744955778121948,0.003207806032150984
epoch 222/500 over, loss_G,loss_D= 0.9655153751373291,0.003394939936697483
epoch 223/500 over, loss_G,loss_D= 0.9847426414489746,0.003370496444404125
epoch 224/500 over, loss_G,loss_D= 1.023762822151184,0.0030623748898506165
epoch 225/500 over, loss_G,loss_D= 1.1975709199905396,0.0031357030384242535
epoch 226/500 over, loss_G,loss_D= 0.9645871520042419,0.0028500105254352093
epoch 227/500 over, loss_G,loss_D= 0.944254994392395,0.0033572837710380554
epoch 228/500 over, loss_G,loss_D= 0.7798013091087341,0.0035348953679203987
epoch 229/500 over, loss_G,loss_D= 1.0960791110992432,0.0035771464463323355
epoch 230/500 over, loss_G,loss_D= 1.1709023714065552,0.0032942043617367744
epoch 231/500 over, loss_G,loss_D= 0.9835728406906128,0.003761790692806244
epoch 232/500 over, loss_G,loss_D= 0.9520241618156433,0.0032118463423103094
epoch 233/500 over, loss_G,loss_D= 0.8471552133560181,0.0032324898056685925
epoch 234/500 over, loss_G,loss_D= 0.9929585456848145,0.0029526203870773315
epoch 235/500 over, loss_G,loss_D= 1.0354444980621338,0.0031785774044692516
epoch 236/500 over, loss_G,loss_D= 0.9767383933067322,0.00328714307397604
epoch 237/500 over, loss_G,loss_D= 0.7802978754043579,0.0036161483731120825
epoch 238/500 over, loss_G,loss_D= 0.8970131278038025,0.0030631450936198235
epoch 239/500 over, loss_G,loss_D= 0.9735748767852783,0.0034005828201770782
epoch 240/500 over, loss_G,loss_D= 1.014125943183899,0.0029595294035971165
epoch 241/500 over, loss_G,loss_D= 1.0666742324829102,0.003189502749592066
epoch 242/500 over, loss_G,loss_D= 0.833635151386261,0.003383463015779853
epoch 243/500 over, loss_G,loss_D= 1.0708354711532593,0.003036176785826683
epoch 244/500 over, loss_G,loss_D= 1.0179187059402466,0.003299770876765251
epoch 245/500 over, loss_G,loss_D= 0.983005166053772,0.0033573054242879152
epoch 246/500 over, loss_G,loss_D= 0.859348475933075,0.003444213652983308
epoch 247/500 over, loss_G,loss_D= 0.8683726787567139,0.0029054023325443268
epoch 248/500 over, loss_G,loss_D= 0.9884057641029358,0.003340434981510043
epoch 249/500 over, loss_G,loss_D= 1.1551036834716797,0.0032182009890675545
epoch 250/500 over, loss_G,loss_D= 0.9970053434371948,0.003481930121779442
epoch 251/500 over, loss_G,loss_D= 1.006607174873352,0.0034491834230720997
epoch 252/500 over, loss_G,loss_D= 1.00187087059021,0.003359251655638218
epoch 253/500 over, loss_G,loss_D= 0.9232043027877808,0.0030646107625216246
epoch 254/500 over, loss_G,loss_D= 0.9974241852760315,0.0033895615488290787
epoch 255/500 over, loss_G,loss_D= 1.0486832857131958,0.003140389686450362
epoch 256/500 over, loss_G,loss_D= 0.8482149839401245,0.003416320774704218
epoch 257/500 over, loss_G,loss_D= 1.343252420425415,0.003647434990853071
epoch 258/500 over, loss_G,loss_D= 0.8122737407684326,0.0035832454450428486
epoch 259/500 over, loss_G,loss_D= 0.8722156882286072,0.003597067901864648
epoch 260/500 over, loss_G,loss_D= 0.9956104755401611,0.003045981517061591
epoch 261/500 over, loss_G,loss_D= 1.0176072120666504,0.003553501795977354
epoch 262/500 over, loss_G,loss_D= 1.0645089149475098,0.003450739663094282
epoch 263/500 over, loss_G,loss_D= 1.1170198917388916,0.003396481741219759
epoch 264/500 over, loss_G,loss_D= 1.0272834300994873,0.0033724219538271427
epoch 265/500 over, loss_G,loss_D= 1.0068564414978027,0.0032980432733893394
epoch 266/500 over, loss_G,loss_D= 0.8514915108680725,0.003478060010820627
epoch 267/500 over, loss_G,loss_D= 0.8241860866546631,0.003324472578242421
epoch 268/500 over, loss_G,loss_D= 0.7985519766807556,0.0033940342254936695
epoch 269/500 over, loss_G,loss_D= 0.8863928914070129,0.0034019676968455315
epoch 270/500 over, loss_G,loss_D= 0.9947130084037781,0.003324797609820962
epoch 271/500 over, loss_G,loss_D= 0.960202693939209,0.0030067404732108116
epoch 272/500 over, loss_G,loss_D= 0.9004977941513062,0.0032263416796922684
epoch 273/500 over, loss_G,loss_D= 0.9228734374046326,0.00341330049559474
epoch 274/500 over, loss_G,loss_D= 0.8959414958953857,0.0032326385844498873
epoch 275/500 over, loss_G,loss_D= 0.9649803042411804,0.003719764295965433
epoch 276/500 over, loss_G,loss_D= 1.0236810445785522,0.0033375760540366173
epoch 277/500 over, loss_G,loss_D= 1.004837155342102,0.0031767217442393303
epoch 278/500 over, loss_G,loss_D= 0.8921069502830505,0.0031091696582734585
epoch 279/500 over, loss_G,loss_D= 1.0068837404251099,0.0029993634670972824
epoch 280/500 over, loss_G,loss_D= 1.3054825067520142,0.0033754794858396053
epoch 281/500 over, loss_G,loss_D= 1.0132383108139038,0.0033990058582276106
epoch 282/500 over, loss_G,loss_D= 0.7613711953163147,0.0033797435462474823
epoch 283/500 over, loss_G,loss_D= 0.9921189546585083,0.0032118509989231825
epoch 284/500 over, loss_G,loss_D= 0.805787205696106,0.0032713490072637796
epoch 285/500 over, loss_G,loss_D= 0.9299945831298828,0.0032143201678991318
epoch 286/500 over, loss_G,loss_D= 0.9997246861457825,0.0032623789738863707
epoch 287/500 over, loss_G,loss_D= 0.9273884296417236,0.0032123317942023277
epoch 288/500 over, loss_G,loss_D= 0.8763759136199951,0.0036084167659282684
epoch 289/500 over, loss_G,loss_D= 0.9037485122680664,0.0032631345093250275
epoch 290/500 over, loss_G,loss_D= 0.916123628616333,0.003213347401469946
epoch 291/500 over, loss_G,loss_D= 0.8004822731018066,0.003462545108050108
epoch 292/500 over, loss_G,loss_D= 0.8585397005081177,0.00295838201418519
epoch 293/500 over, loss_G,loss_D= 1.0201431512832642,0.0036116037517786026
epoch 294/500 over, loss_G,loss_D= 0.7823699712753296,0.003247806802392006
epoch 295/500 over, loss_G,loss_D= 0.9772443771362305,0.00307659525424242
epoch 296/500 over, loss_G,loss_D= 0.9669104814529419,0.003458993975073099
epoch 297/500 over, loss_G,loss_D= 1.1009708642959595,0.003388357348740101
epoch 298/500 over, loss_G,loss_D= 1.044938564300537,0.003251308109611273
epoch 299/500 over, loss_G,loss_D= 0.8404977917671204,0.0034626310225576162
epoch 300/500 over, loss_G,loss_D= 0.7667986750602722,0.0030556563287973404
epoch 301/500 over, loss_G,loss_D= 0.930908739566803,0.0035809464752674103
epoch 302/500 over, loss_G,loss_D= 1.0643848180770874,0.0032771555706858635
epoch 303/500 over, loss_G,loss_D= 0.7709076404571533,0.00316532701253891
epoch 304/500 over, loss_G,loss_D= 0.7846071720123291,0.0036006320733577013
epoch 305/500 over, loss_G,loss_D= 0.9220302700996399,0.0034744995646178722
epoch 306/500 over, loss_G,loss_D= 0.8031156063079834,0.0033090657088905573
epoch 307/500 over, loss_G,loss_D= 0.8830021619796753,0.0031895586289465427
epoch 308/500 over, loss_G,loss_D= 0.7428908944129944,0.0034333746880292892
epoch 309/500 over, loss_G,loss_D= 0.817337691783905,0.0028943330980837345
epoch 310/500 over, loss_G,loss_D= 0.9756320118904114,0.0034342482686042786
epoch 311/500 over, loss_G,loss_D= 0.8515641093254089,0.003130180761218071
epoch 312/500 over, loss_G,loss_D= 0.74723881483078,0.003525013802573085
epoch 313/500 over, loss_G,loss_D= 1.01295006275177,0.00359174283221364
epoch 314/500 over, loss_G,loss_D= 0.8860049843788147,0.0030985542107373476
epoch 315/500 over, loss_G,loss_D= 0.7974532842636108,0.003460278734564781
epoch 316/500 over, loss_G,loss_D= 0.8654060959815979,0.003773770295083523
epoch 317/500 over, loss_G,loss_D= 0.985781192779541,0.003306194208562374
epoch 318/500 over, loss_G,loss_D= 0.8321605920791626,0.0030256768222898245
epoch 319/500 over, loss_G,loss_D= 0.8213986754417419,0.0033709960989654064
epoch 320/500 over, loss_G,loss_D= 0.7465063333511353,0.0032024187967181206
epoch 321/500 over, loss_G,loss_D= 0.8417999744415283,0.003509711939841509
epoch 322/500 over, loss_G,loss_D= 0.9377774596214294,0.003048633923754096
epoch 323/500 over, loss_G,loss_D= 0.8137950897216797,0.0032377189490944147
epoch 324/500 over, loss_G,loss_D= 0.8622684478759766,0.003248111344873905
epoch 325/500 over, loss_G,loss_D= 0.8130996823310852,0.003386873286217451
epoch 326/500 over, loss_G,loss_D= 0.8667831420898438,0.0033866085577756166
epoch 327/500 over, loss_G,loss_D= 0.8652761578559875,0.0033248080871999264
epoch 328/500 over, loss_G,loss_D= 0.799888014793396,0.00317922024987638
epoch 329/500 over, loss_G,loss_D= 0.8574303388595581,0.0032880455255508423
epoch 330/500 over, loss_G,loss_D= 0.8787988424301147,0.0032549002207815647
epoch 331/500 over, loss_G,loss_D= 0.8557187914848328,0.003424268215894699
epoch 332/500 over, loss_G,loss_D= 0.8363301753997803,0.003508014604449272
epoch 333/500 over, loss_G,loss_D= 0.8234089612960815,0.0035879025235772133
epoch 334/500 over, loss_G,loss_D= 1.1745710372924805,0.00326980696991086
epoch 335/500 over, loss_G,loss_D= 0.9173083305358887,0.0030022202990949154
epoch 336/500 over, loss_G,loss_D= 0.6480516791343689,0.002908754628151655
epoch 337/500 over, loss_G,loss_D= 0.7456251382827759,0.0031232056207954884
epoch 338/500 over, loss_G,loss_D= 0.8414552807807922,0.003386997850611806
epoch 339/500 over, loss_G,loss_D= 0.8408867716789246,0.003347089048475027
epoch 340/500 over, loss_G,loss_D= 0.9286913275718689,0.0032692342065274715
epoch 341/500 over, loss_G,loss_D= 0.836604118347168,0.003158187260851264
epoch 342/500 over, loss_G,loss_D= 0.7466002106666565,0.0030927786137908697
epoch 343/500 over, loss_G,loss_D= 0.8997722864151001,0.00345290987752378
epoch 344/500 over, loss_G,loss_D= 0.8025425672531128,0.0032391557469964027
epoch 345/500 over, loss_G,loss_D= 0.7828670740127563,0.003181041218340397
epoch 346/500 over, loss_G,loss_D= 0.8614843487739563,0.003604214172810316
epoch 347/500 over, loss_G,loss_D= 0.893451452255249,0.0032630932983011007
epoch 348/500 over, loss_G,loss_D= 0.7851554751396179,0.003381115384399891
epoch 349/500 over, loss_G,loss_D= 0.6813937425613403,0.0033232462592422962
epoch 350/500 over, loss_G,loss_D= 0.6337690949440002,0.0036787206772714853
epoch 351/500 over, loss_G,loss_D= 0.9118839502334595,0.0032645617611706257
epoch 352/500 over, loss_G,loss_D= 0.719627320766449,0.0032601747661828995
epoch 353/500 over, loss_G,loss_D= 0.9144852161407471,0.0033586514182388783
epoch 354/500 over, loss_G,loss_D= 0.7633935213088989,0.003104120958596468
epoch 355/500 over, loss_G,loss_D= 0.7685532569885254,0.003128569107502699
epoch 356/500 over, loss_G,loss_D= 0.7239235043525696,0.003052942920476198
epoch 357/500 over, loss_G,loss_D= 0.8141207098960876,0.003240451216697693
epoch 358/500 over, loss_G,loss_D= 0.8798623085021973,0.003404970746487379
epoch 359/500 over, loss_G,loss_D= 0.6856422424316406,0.0030739838257431984
epoch 360/500 over, loss_G,loss_D= 0.8683484792709351,0.0031477664597332478
epoch 361/500 over, loss_G,loss_D= 0.7249979376792908,0.0031429072842001915
epoch 362/500 over, loss_G,loss_D= 0.6377253532409668,0.003298546653240919
epoch 363/500 over, loss_G,loss_D= 0.7680889964103699,0.0031141433864831924
epoch 364/500 over, loss_G,loss_D= 0.7778558135032654,0.0032786040101200342
epoch 365/500 over, loss_G,loss_D= 0.6257258057594299,0.0030169954989105463
epoch 366/500 over, loss_G,loss_D= 0.8614088296890259,0.003378060646355152
epoch 367/500 over, loss_G,loss_D= 0.7764888405799866,0.0033921264111995697
epoch 368/500 over, loss_G,loss_D= 0.9431846737861633,0.0037998033221811056
epoch 369/500 over, loss_G,loss_D= 0.8907772898674011,0.0034777135588228703
epoch 370/500 over, loss_G,loss_D= 0.6877122521400452,0.0035396278835833073
epoch 371/500 over, loss_G,loss_D= 0.7380828261375427,0.0035979854874312878
epoch 372/500 over, loss_G,loss_D= 0.8089537620544434,0.0036270548589527607
epoch 373/500 over, loss_G,loss_D= 0.7404355406761169,0.0029232031665742397
epoch 374/500 over, loss_G,loss_D= 0.8531575202941895,0.003231313545256853
epoch 375/500 over, loss_G,loss_D= 0.9947500228881836,0.0030751144513487816
epoch 376/500 over, loss_G,loss_D= 1.0760358572006226,0.0036168978549540043
epoch 377/500 over, loss_G,loss_D= 0.8110286593437195,0.00327778747305274
epoch 378/500 over, loss_G,loss_D= 0.926892101764679,0.0034895886201411486
epoch 379/500 over, loss_G,loss_D= 0.777165412902832,0.0036414931528270245
epoch 380/500 over, loss_G,loss_D= 0.857593834400177,0.003610174637287855
epoch 381/500 over, loss_G,loss_D= 0.7692347764968872,0.0038303080946207047
epoch 382/500 over, loss_G,loss_D= 1.0477503538131714,0.0030595529824495316
epoch 383/500 over, loss_G,loss_D= 0.782784640789032,0.0031971328426152468
epoch 384/500 over, loss_G,loss_D= 0.875143826007843,0.0034350028727203608
epoch 385/500 over, loss_G,loss_D= 0.8478785753250122,0.0029469733126461506
epoch 386/500 over, loss_G,loss_D= 0.8831890821456909,0.0032214531674981117
epoch 387/500 over, loss_G,loss_D= 0.7214370965957642,0.0033073900267481804
epoch 388/500 over, loss_G,loss_D= 0.7413211464881897,0.003560547949746251
epoch 389/500 over, loss_G,loss_D= 0.8307372331619263,0.0033065639436244965
epoch 390/500 over, loss_G,loss_D= 0.6422746777534485,0.0034134318120777607
epoch 391/500 over, loss_G,loss_D= 0.725267767906189,0.003487603273242712
epoch 392/500 over, loss_G,loss_D= 0.7550746202468872,0.0032709608785808086
epoch 393/500 over, loss_G,loss_D= 0.7481124401092529,0.0031768190674483776
epoch 394/500 over, loss_G,loss_D= 0.8801267743110657,0.0035946397110819817
epoch 395/500 over, loss_G,loss_D= 0.7518749237060547,0.003422559006139636
epoch 396/500 over, loss_G,loss_D= 0.9477423429489136,0.0032450403086841106
epoch 397/500 over, loss_G,loss_D= 0.8382890820503235,0.0035741240717470646
epoch 398/500 over, loss_G,loss_D= 0.6851449012756348,0.0035154083743691444
epoch 399/500 over, loss_G,loss_D= 0.8417994379997253,0.003460260108113289
epoch 400/500 over, loss_G,loss_D= 0.7504096627235413,0.00349737168289721
epoch 401/500 over, loss_G,loss_D= 0.75922691822052,0.003632575273513794
epoch 402/500 over, loss_G,loss_D= 0.6893024444580078,0.0034525529481470585
epoch 403/500 over, loss_G,loss_D= 0.8896235823631287,0.003237740136682987
epoch 404/500 over, loss_G,loss_D= 0.7072144746780396,0.003272669855505228
epoch 405/500 over, loss_G,loss_D= 0.7515313029289246,0.0037545845843851566
epoch 406/500 over, loss_G,loss_D= 0.8422510027885437,0.002925589680671692
epoch 407/500 over, loss_G,loss_D= 0.6707949638366699,0.003631784114986658
epoch 408/500 over, loss_G,loss_D= 0.6927541494369507,0.0034358054399490356
epoch 409/500 over, loss_G,loss_D= 0.8762288689613342,0.003345609176903963
epoch 410/500 over, loss_G,loss_D= 0.9381155967712402,0.003471990115940571
epoch 411/500 over, loss_G,loss_D= 0.7133304476737976,0.0037119193002581596
epoch 412/500 over, loss_G,loss_D= 0.8934617638587952,0.003538804594427347
epoch 413/500 over, loss_G,loss_D= 0.7625821232795715,0.0029172468930482864
epoch 414/500 over, loss_G,loss_D= 0.7469591498374939,0.00358229479752481
epoch 415/500 over, loss_G,loss_D= 0.8221560120582581,0.0034633674658834934
epoch 416/500 over, loss_G,loss_D= 0.7878479957580566,0.0035340727772563696
epoch 417/500 over, loss_G,loss_D= 0.868445098400116,0.0032581761479377747
epoch 418/500 over, loss_G,loss_D= 0.7511455416679382,0.0030891327187418938
epoch 419/500 over, loss_G,loss_D= 0.8615800142288208,0.0028767837211489677
epoch 420/500 over, loss_G,loss_D= 0.6907142996788025,0.0032615908421576023
epoch 421/500 over, loss_G,loss_D= 0.7643055319786072,0.003387399949133396
epoch 422/500 over, loss_G,loss_D= 0.7537839412689209,0.003163236193358898
epoch 423/500 over, loss_G,loss_D= 0.6794886589050293,0.0028316050302237272
epoch 424/500 over, loss_G,loss_D= 1.0197060108184814,0.003637807909399271
epoch 425/500 over, loss_G,loss_D= 0.7009938359260559,0.003127574920654297
epoch 426/500 over, loss_G,loss_D= 0.8312690258026123,0.003688317257910967
epoch 427/500 over, loss_G,loss_D= 0.7847424745559692,0.0032769585959613323
epoch 428/500 over, loss_G,loss_D= 0.8524477481842041,0.0037063315976411104
epoch 429/500 over, loss_G,loss_D= 0.8472886085510254,0.0033999327570199966
epoch 430/500 over, loss_G,loss_D= 0.7948002815246582,0.003407423384487629
epoch 431/500 over, loss_G,loss_D= 0.8058100938796997,0.003915493376553059
epoch 432/500 over, loss_G,loss_D= 0.9632033705711365,0.0028631875757128
epoch 433/500 over, loss_G,loss_D= 0.7832613587379456,0.00324609549716115
epoch 434/500 over, loss_G,loss_D= 0.8040868639945984,0.00283639132976532
epoch 435/500 over, loss_G,loss_D= 1.1340351104736328,0.0036445572040975094
epoch 436/500 over, loss_G,loss_D= 0.8042418956756592,0.003032154170796275
epoch 437/500 over, loss_G,loss_D= 0.8366203308105469,0.00342928315512836
epoch 438/500 over, loss_G,loss_D= 0.8552762269973755,0.003136475570499897
epoch 439/500 over, loss_G,loss_D= 0.9239761829376221,0.0031574578024446964
epoch 440/500 over, loss_G,loss_D= 7.1663498878479,29.306499481201172
epoch 441/500 over, loss_G,loss_D= 15.17215347290039,145.54151916503906
epoch 442/500 over, loss_G,loss_D= 20.177045822143555,405.1613464355469
epoch 443/500 over, loss_G,loss_D= 21.210798263549805,874.0953369140625
epoch 444/500 over, loss_G,loss_D= 22.68144416809082,1625.521728515625
epoch 445/500 over, loss_G,loss_D= 23.401569366455078,2738.2509765625
epoch 446/500 over, loss_G,loss_D= 23.79113006591797,4301.28515625
epoch 447/500 over, loss_G,loss_D= 24.12202262878418,6403.9775390625
epoch 448/500 over, loss_G,loss_D= 24.73937225341797,9145.5498046875
epoch 449/500 over, loss_G,loss_D= 24.61957359313965,12628.0439453125
epoch 450/500 over, loss_G,loss_D= 25.307544708251953,16965.38671875
epoch 451/500 over, loss_G,loss_D= 25.799333572387695,22269.896484375
epoch 452/500 over, loss_G,loss_D= 25.851848602294922,28670.521484375
epoch 453/500 over, loss_G,loss_D= 24.956411361694336,36294.76953125
epoch 454/500 over, loss_G,loss_D= 25.75860595703125,45285.375
epoch 455/500 over, loss_G,loss_D= 26.226821899414062,55773.58984375
epoch 456/500 over, loss_G,loss_D= 25.5087833404541,67923.71875
epoch 457/500 over, loss_G,loss_D= 25.6075439453125,81879.640625
epoch 458/500 over, loss_G,loss_D= 25.99184799194336,97808.5
epoch 459/500 over, loss_G,loss_D= 26.25395393371582,115877.9453125
epoch 460/500 over, loss_G,loss_D= 25.977140426635742,161076.625
epoch 461/500 over, loss_G,loss_D= 26.177410125732422,219681.4375
epoch 462/500 over, loss_G,loss_D= 26.81837272644043,292581.78125
epoch 463/500 over, loss_G,loss_D= 26.932987213134766,381453.125
epoch 464/500 over, loss_G,loss_D= 27.050588607788086,488231.5
epoch 465/500 over, loss_G,loss_D= 26.34076499938965,615032.0
epoch 466/500 over, loss_G,loss_D= 26.3590030670166,764020.625
epoch 467/500 over, loss_G,loss_D= 26.732892990112305,937523.125
epoch 468/500 over, loss_G,loss_D= 26.579866409301758,1137945.25
epoch 469/500 over, loss_G,loss_D= 27.50504493713379,1367816.875
epoch 470/500 over, loss_G,loss_D= 27.260543823242188,1629702.5
epoch 471/500 over, loss_G,loss_D= 26.776580810546875,1926337.75
epoch 472/500 over, loss_G,loss_D= 27.13920021057129,2260609.5
epoch 473/500 over, loss_G,loss_D= 27.281139373779297,2635326.5
epoch 474/500 over, loss_G,loss_D= 26.865848541259766,3053584.25
epoch 475/500 over, loss_G,loss_D= 27.424909591674805,3518399.25
epoch 476/500 over, loss_G,loss_D= 27.794902801513672,4033092.25
epoch 477/500 over, loss_G,loss_D= 27.824575424194336,4600963.0
epoch 478/500 over, loss_G,loss_D= 27.428640365600586,5225431.0
epoch 479/500 over, loss_G,loss_D= 27.031261444091797,5909637.0
epoch 480/500 over, loss_G,loss_D= 27.16633415222168,7074396.0
epoch 481/500 over, loss_G,loss_D= 27.626827239990234,8416347.0
epoch 482/500 over, loss_G,loss_D= 27.28738021850586,9937646.0
epoch 483/500 over, loss_G,loss_D= 27.47183609008789,11651788.0
epoch 484/500 over, loss_G,loss_D= 27.58265495300293,13573302.0
epoch 485/500 over, loss_G,loss_D= 27.521677017211914,15715721.0
epoch 486/500 over, loss_G,loss_D= 27.74627685546875,18095930.0
epoch 487/500 over, loss_G,loss_D= 27.23273277282715,20732100.0
epoch 488/500 over, loss_G,loss_D= 28.138338088989258,23636626.0
epoch 489/500 over, loss_G,loss_D= 28.06877326965332,26831978.0
epoch 490/500 over, loss_G,loss_D= 27.453289031982422,30331384.0
epoch 491/500 over, loss_G,loss_D= 27.680057525634766,34158352.0
epoch 492/500 over, loss_G,loss_D= 27.47222900390625,38324536.0
epoch 493/500 over, loss_G,loss_D= 27.541715621948242,42859968.0
epoch 494/500 over, loss_G,loss_D= 26.868009567260742,47770340.0
epoch 495/500 over, loss_G,loss_D= 27.843852996826172,53087984.0
epoch 496/500 over, loss_G,loss_D= 27.878780364990234,58833776.0
epoch 497/500 over, loss_G,loss_D= 27.755115509033203,65014536.0
epoch 498/500 over, loss_G,loss_D= 27.417646408081055,71669248.0
epoch 499/500 over, loss_G,loss_D= 27.430938720703125,78820896.0
