nohup: ignoring input
img_1_1_keypoints-checkpoint.json not imported
Compose(
    Resize(size=(512, 512), interpolation=PIL.Image.BILINEAR)
    ToTensor()
    Normalize(mean=[0.485, 0.456, 0.406], std=[0.229, 0.224, 0.225])
    Lambda()
)
epoch 0/500 over, loss_G,loss_D= 4.13023042678833,0.2975184917449951
1.train_bodystick.py:39: UserWarning: To copy construct from a tensor, it is recommended to use sourceTensor.clone().detach() or sourceTensor.clone().detach().requires_grad_(True), rather than torch.tensor(sourceTensor).
  losses, out_img = big_model(torch.tensor(lbl_sample,dtype=torch.float32, device=torch.device('cuda:0'))
1.train_bodystick.py:40: UserWarning: To copy construct from a tensor, it is recommended to use sourceTensor.clone().detach() or sourceTensor.clone().detach().requires_grad_(True), rather than torch.tensor(sourceTensor).
  ,torch.tensor(in_img,dtype=torch.float32, device=torch.device('cuda:0'))
/opt/conda/lib/python3.7/site-packages/torch/nn/parallel/_functions.py:61: UserWarning: Was asked to gather along dimension 0, but all input tensors were scalars; will instead unsqueeze and return a vector.
  warnings.warn('Was asked to gather along dimension 0, but all '
epoch 1/500 over, loss_G,loss_D= 4.689829349517822,0.183334082365036
epoch 2/500 over, loss_G,loss_D= 4.693391799926758,0.2046462595462799
epoch 3/500 over, loss_G,loss_D= 4.391656875610352,0.12740543484687805
epoch 4/500 over, loss_G,loss_D= 4.285519123077393,0.11454756557941437
epoch 5/500 over, loss_G,loss_D= 4.719221591949463,0.1094178855419159
epoch 6/500 over, loss_G,loss_D= 4.655770301818848,0.03112131729722023
epoch 7/500 over, loss_G,loss_D= 4.602458953857422,0.08807344734668732
epoch 8/500 over, loss_G,loss_D= 4.667529106140137,0.029494650661945343
epoch 9/500 over, loss_G,loss_D= 5.256565093994141,0.04758793115615845
epoch 10/500 over, loss_G,loss_D= 4.54931116104126,0.023425351828336716
epoch 11/500 over, loss_G,loss_D= 4.929814338684082,0.014673963189125061
epoch 12/500 over, loss_G,loss_D= 3.9418222904205322,0.2589004337787628
epoch 13/500 over, loss_G,loss_D= 4.7205915451049805,0.029315438121557236
epoch 14/500 over, loss_G,loss_D= 4.673249244689941,0.025899119675159454
epoch 15/500 over, loss_G,loss_D= 4.759052276611328,0.051292356103658676
epoch 16/500 over, loss_G,loss_D= 3.912659168243408,0.24743223190307617
epoch 17/500 over, loss_G,loss_D= 4.608381271362305,0.036397695541381836
epoch 18/500 over, loss_G,loss_D= 4.390664100646973,0.0257527157664299
epoch 19/500 over, loss_G,loss_D= 4.539633750915527,0.010365404188632965
epoch 20/500 over, loss_G,loss_D= 4.358569145202637,0.009636035189032555
epoch 21/500 over, loss_G,loss_D= 4.228344917297363,0.04161469265818596
epoch 22/500 over, loss_G,loss_D= 4.6489577293396,0.013332204893231392
epoch 23/500 over, loss_G,loss_D= 4.29703950881958,0.014670422300696373
epoch 24/500 over, loss_G,loss_D= 4.763001918792725,0.02387894131243229
epoch 25/500 over, loss_G,loss_D= 4.447953224182129,0.031442537903785706
epoch 26/500 over, loss_G,loss_D= 4.258419990539551,0.011735218577086926
epoch 27/500 over, loss_G,loss_D= 4.377480506896973,0.017000362277030945
epoch 28/500 over, loss_G,loss_D= 4.395998001098633,0.007626158185303211
epoch 29/500 over, loss_G,loss_D= 4.279323101043701,0.013711683452129364
epoch 30/500 over, loss_G,loss_D= 4.349398136138916,0.03601894527673721
epoch 31/500 over, loss_G,loss_D= 4.569794654846191,0.01746799796819687
epoch 32/500 over, loss_G,loss_D= 4.252371788024902,0.009370895102620125
epoch 33/500 over, loss_G,loss_D= 4.168500900268555,0.041387807577848434
epoch 34/500 over, loss_G,loss_D= 4.129521369934082,0.002547996351495385
epoch 35/500 over, loss_G,loss_D= 4.493189334869385,0.01721290312707424
epoch 36/500 over, loss_G,loss_D= 4.6186723709106445,0.06178615987300873
epoch 37/500 over, loss_G,loss_D= 4.4160919189453125,0.0047202445566654205
epoch 38/500 over, loss_G,loss_D= 4.743236541748047,0.02786048874258995
epoch 39/500 over, loss_G,loss_D= 4.20800256729126,0.02020157314836979
epoch 40/500 over, loss_G,loss_D= 4.437623500823975,0.028553152456879616
epoch 41/500 over, loss_G,loss_D= 4.104905605316162,0.007924152538180351
epoch 42/500 over, loss_G,loss_D= 4.147115707397461,0.008940262719988823
epoch 43/500 over, loss_G,loss_D= 4.167842864990234,0.005422202870249748
epoch 44/500 over, loss_G,loss_D= 4.202297210693359,0.016694175079464912
epoch 45/500 over, loss_G,loss_D= 4.1819658279418945,0.08244007080793381
epoch 46/500 over, loss_G,loss_D= 4.189207077026367,0.015785513445734978
epoch 47/500 over, loss_G,loss_D= 4.192574977874756,0.0037953737191855907
epoch 48/500 over, loss_G,loss_D= 3.917595863342285,0.016266385093331337
epoch 49/500 over, loss_G,loss_D= 3.816535472869873,0.0030019814148545265
epoch 50/500 over, loss_G,loss_D= 4.27125883102417,0.014381315559148788
epoch 51/500 over, loss_G,loss_D= 4.097591876983643,0.01467444933950901
epoch 52/500 over, loss_G,loss_D= 4.150216102600098,0.01856669969856739
epoch 53/500 over, loss_G,loss_D= 3.99237060546875,0.012122386135160923
epoch 54/500 over, loss_G,loss_D= 4.185638904571533,0.002593864919617772
epoch 55/500 over, loss_G,loss_D= 4.049980640411377,0.002224836964160204
epoch 56/500 over, loss_G,loss_D= 3.9304721355438232,0.002751035150140524
epoch 57/500 over, loss_G,loss_D= 4.051184177398682,0.004715063609182835
epoch 58/500 over, loss_G,loss_D= 3.976454496383667,0.00274168630130589
epoch 59/500 over, loss_G,loss_D= 3.954989433288574,0.0041969772428274155
epoch 60/500 over, loss_G,loss_D= 4.1207427978515625,0.018757563084363937
epoch 61/500 over, loss_G,loss_D= 4.129284858703613,0.0018306104466319084
epoch 62/500 over, loss_G,loss_D= 3.943294048309326,0.0022468832321465015
epoch 63/500 over, loss_G,loss_D= 4.058302402496338,0.0027047996409237385
epoch 64/500 over, loss_G,loss_D= 3.915921926498413,0.012577850371599197
epoch 65/500 over, loss_G,loss_D= 3.917731761932373,0.002071404131129384
epoch 66/500 over, loss_G,loss_D= 3.9798154830932617,0.0022221875842660666
epoch 67/500 over, loss_G,loss_D= 4.062587738037109,0.003167734481394291
epoch 68/500 over, loss_G,loss_D= 3.9001717567443848,0.003880772739648819
epoch 69/500 over, loss_G,loss_D= 4.18662166595459,0.012051434256136417
epoch 70/500 over, loss_G,loss_D= 3.711395263671875,0.0032138624228537083
epoch 71/500 over, loss_G,loss_D= 3.842106342315674,0.0009421040886081755
epoch 72/500 over, loss_G,loss_D= 3.7738213539123535,0.0022314421366900206
epoch 73/500 over, loss_G,loss_D= 3.7500340938568115,0.038300640881061554
epoch 74/500 over, loss_G,loss_D= 3.705125570297241,0.04838825762271881
epoch 75/500 over, loss_G,loss_D= 4.076139450073242,0.0033926283940672874
epoch 76/500 over, loss_G,loss_D= 3.9610135555267334,0.013338187709450722
epoch 77/500 over, loss_G,loss_D= 4.025465965270996,0.02071359008550644
epoch 78/500 over, loss_G,loss_D= 4.219944000244141,0.030321266502141953
epoch 79/500 over, loss_G,loss_D= 4.376443862915039,0.008673381991684437
epoch 80/500 over, loss_G,loss_D= 3.9854283332824707,0.004763759672641754
epoch 81/500 over, loss_G,loss_D= 4.153735637664795,0.0019196867942810059
epoch 82/500 over, loss_G,loss_D= 3.8172130584716797,0.004555905237793922
epoch 83/500 over, loss_G,loss_D= 3.860264778137207,0.0062308842316269875
epoch 84/500 over, loss_G,loss_D= 3.7800309658050537,0.0009276253404095769
epoch 85/500 over, loss_G,loss_D= 3.9027528762817383,0.010397419333457947
epoch 86/500 over, loss_G,loss_D= 3.8759360313415527,0.0014686936046928167
epoch 87/500 over, loss_G,loss_D= 4.127474784851074,0.008596963249146938
epoch 88/500 over, loss_G,loss_D= 4.204133987426758,0.005710439756512642
epoch 89/500 over, loss_G,loss_D= 3.9178271293640137,0.003375069471076131
epoch 90/500 over, loss_G,loss_D= 4.10735559463501,0.00226693507283926
epoch 91/500 over, loss_G,loss_D= 4.183637619018555,0.014836295507848263
epoch 92/500 over, loss_G,loss_D= 3.767195701599121,0.0133822625502944
epoch 93/500 over, loss_G,loss_D= 3.907017230987549,0.022626910358667374
epoch 94/500 over, loss_G,loss_D= 3.7679638862609863,0.04433291405439377
epoch 95/500 over, loss_G,loss_D= 3.9704535007476807,0.0022300267592072487
epoch 96/500 over, loss_G,loss_D= 3.8259434700012207,0.002856310224160552
epoch 97/500 over, loss_G,loss_D= 4.229313850402832,0.006548904348164797
epoch 98/500 over, loss_G,loss_D= 3.7995779514312744,0.0012866429751738906
epoch 99/500 over, loss_G,loss_D= 3.7016091346740723,0.004922638647258282
epoch 100/500 over, loss_G,loss_D= 3.747633934020996,0.0008773190202191472
epoch 101/500 over, loss_G,loss_D= 3.7237420082092285,0.0013301621656864882
epoch 102/500 over, loss_G,loss_D= 3.8324859142303467,0.001009733066894114
epoch 103/500 over, loss_G,loss_D= 3.875030994415283,0.0014197297859936953
epoch 104/500 over, loss_G,loss_D= 3.723724365234375,0.014967846684157848
epoch 105/500 over, loss_G,loss_D= 3.9112629890441895,0.0019251510966569185
epoch 106/500 over, loss_G,loss_D= 3.674455404281616,0.0016699314583092928
epoch 107/500 over, loss_G,loss_D= 3.9140055179595947,0.006105204112827778
epoch 108/500 over, loss_G,loss_D= 3.836191177368164,0.005922056268900633
epoch 109/500 over, loss_G,loss_D= 3.98600435256958,0.0016353005776181817
epoch 110/500 over, loss_G,loss_D= 3.804311513900757,0.002386180218309164
epoch 111/500 over, loss_G,loss_D= 4.036596298217773,0.00506904860958457
epoch 112/500 over, loss_G,loss_D= 3.847693920135498,0.0014409360010176897
epoch 113/500 over, loss_G,loss_D= 3.516284227371216,0.5566051006317139
epoch 114/500 over, loss_G,loss_D= 4.079648494720459,0.004951805341988802
epoch 115/500 over, loss_G,loss_D= 3.8594167232513428,0.0054512289352715015
epoch 116/500 over, loss_G,loss_D= 4.012157440185547,0.011799915693700314
epoch 117/500 over, loss_G,loss_D= 3.9778239727020264,0.0035647270269691944
epoch 118/500 over, loss_G,loss_D= 3.6908082962036133,0.035271961241960526
epoch 119/500 over, loss_G,loss_D= 3.8397958278656006,0.0023339339531958103
epoch 120/500 over, loss_G,loss_D= 3.8031299114227295,0.0014897676883265376
epoch 121/500 over, loss_G,loss_D= 3.8460946083068848,0.002479813527315855
epoch 122/500 over, loss_G,loss_D= 3.818779945373535,0.0012185527011752129
epoch 123/500 over, loss_G,loss_D= 3.8033366203308105,0.0005163259338587523
epoch 124/500 over, loss_G,loss_D= 3.795968770980835,0.0017564655281603336
epoch 125/500 over, loss_G,loss_D= 3.734381675720215,0.0014648963697254658
epoch 126/500 over, loss_G,loss_D= 3.5863423347473145,0.015418426133692265
epoch 127/500 over, loss_G,loss_D= 3.9423465728759766,0.004412418697029352
epoch 128/500 over, loss_G,loss_D= 3.781033515930176,0.00132648553699255
epoch 129/500 over, loss_G,loss_D= 3.819779872894287,0.0035023794043809175
epoch 130/500 over, loss_G,loss_D= 3.8061647415161133,0.003099413588643074
epoch 131/500 over, loss_G,loss_D= 3.774562358856201,0.0011792252771556377
epoch 132/500 over, loss_G,loss_D= 3.7741332054138184,0.0009787942981347442
epoch 133/500 over, loss_G,loss_D= 3.810755968093872,0.003661160822957754
epoch 134/500 over, loss_G,loss_D= 3.645066738128662,0.0006454698741436005
epoch 135/500 over, loss_G,loss_D= 3.8651669025421143,0.0021860129199922085
epoch 136/500 over, loss_G,loss_D= 3.8247079849243164,0.0036851121112704277
epoch 137/500 over, loss_G,loss_D= 4.021847724914551,0.008680731989443302
epoch 138/500 over, loss_G,loss_D= 3.6541337966918945,0.0010028298711404204
epoch 139/500 over, loss_G,loss_D= 3.890465259552002,0.017840862274169922
epoch 140/500 over, loss_G,loss_D= 3.8478944301605225,0.002244725590571761
epoch 141/500 over, loss_G,loss_D= 3.796813726425171,0.0017450079321861267
epoch 142/500 over, loss_G,loss_D= 3.77724027633667,0.0021129711531102657
epoch 143/500 over, loss_G,loss_D= 3.626178741455078,0.0009613024885766208
epoch 144/500 over, loss_G,loss_D= 3.984769821166992,0.0037935012951493263
epoch 145/500 over, loss_G,loss_D= 3.9725844860076904,0.026087375357747078
epoch 146/500 over, loss_G,loss_D= 3.73142147064209,0.0010189269669353962
epoch 147/500 over, loss_G,loss_D= 3.7805261611938477,0.002024593763053417
epoch 148/500 over, loss_G,loss_D= 3.811840057373047,0.003621861571446061
epoch 149/500 over, loss_G,loss_D= 3.7068285942077637,0.0007015797309577465
epoch 150/500 over, loss_G,loss_D= 3.8363518714904785,0.0038663409650325775
epoch 151/500 over, loss_G,loss_D= 3.6419246196746826,0.0007911535212770104
epoch 152/500 over, loss_G,loss_D= 3.6679444313049316,0.0038400657940655947
epoch 153/500 over, loss_G,loss_D= 3.5976710319519043,0.0014059626264497638
epoch 154/500 over, loss_G,loss_D= 3.7733113765716553,0.0006138015305623412
epoch 155/500 over, loss_G,loss_D= 3.5604162216186523,0.0006742352852597833
epoch 156/500 over, loss_G,loss_D= 3.7110705375671387,0.002713283058255911
epoch 157/500 over, loss_G,loss_D= 3.7572407722473145,0.0014200081350281835
epoch 158/500 over, loss_G,loss_D= 3.5126254558563232,0.0025371671654284
epoch 159/500 over, loss_G,loss_D= 3.420576572418213,0.0341990627348423
epoch 160/500 over, loss_G,loss_D= 3.7971811294555664,0.0039214687421917915
epoch 161/500 over, loss_G,loss_D= 3.6043379306793213,0.001499522477388382
epoch 162/500 over, loss_G,loss_D= 3.6125547885894775,0.024030378088355064
epoch 163/500 over, loss_G,loss_D= 3.875786781311035,0.004411798901855946
epoch 164/500 over, loss_G,loss_D= 3.736952543258667,0.000561172142624855
epoch 165/500 over, loss_G,loss_D= 3.614945411682129,0.000574504432734102
epoch 166/500 over, loss_G,loss_D= 3.4935643672943115,0.0015374589711427689
epoch 167/500 over, loss_G,loss_D= 3.5511486530303955,0.0020620599389076233
epoch 168/500 over, loss_G,loss_D= 3.7624611854553223,0.005203600972890854
epoch 169/500 over, loss_G,loss_D= 3.5530762672424316,0.0008469349704682827
epoch 170/500 over, loss_G,loss_D= 3.6647086143493652,0.024623429402709007
epoch 171/500 over, loss_G,loss_D= 3.699258804321289,0.0007437203894369304
epoch 172/500 over, loss_G,loss_D= 3.556758165359497,0.0025977054610848427
epoch 173/500 over, loss_G,loss_D= 3.9147887229919434,0.0013451792765408754
epoch 174/500 over, loss_G,loss_D= 3.925708770751953,0.0015764189884066582
epoch 175/500 over, loss_G,loss_D= 3.793177604675293,0.0007200447143986821
epoch 176/500 over, loss_G,loss_D= 3.6059441566467285,0.00647781603038311
epoch 177/500 over, loss_G,loss_D= 3.597066640853882,0.004656442441046238
epoch 178/500 over, loss_G,loss_D= 3.703883171081543,0.005118635483086109
epoch 179/500 over, loss_G,loss_D= 3.5524892807006836,0.0014304169453680515
epoch 180/500 over, loss_G,loss_D= 3.6322617530822754,0.0014477224322035909
epoch 181/500 over, loss_G,loss_D= 3.6094958782196045,0.0005830732407048345
epoch 182/500 over, loss_G,loss_D= 3.70389461517334,0.006127106491476297
epoch 183/500 over, loss_G,loss_D= 3.4814224243164062,0.0009517337311990559
epoch 184/500 over, loss_G,loss_D= 3.6065354347229004,0.0005024548154324293
epoch 185/500 over, loss_G,loss_D= 3.7643680572509766,0.00390890147536993
epoch 186/500 over, loss_G,loss_D= 3.6461434364318848,0.0004807898367289454
epoch 187/500 over, loss_G,loss_D= 3.661639451980591,0.0005032027256675065
epoch 188/500 over, loss_G,loss_D= 3.5883302688598633,0.005215516313910484
epoch 189/500 over, loss_G,loss_D= 3.5955986976623535,0.02023325487971306
epoch 190/500 over, loss_G,loss_D= 3.649752140045166,0.004099341109395027
epoch 191/500 over, loss_G,loss_D= 3.6091692447662354,0.0007426675874739885
epoch 192/500 over, loss_G,loss_D= 3.439263343811035,0.0006157229072414339
epoch 193/500 over, loss_G,loss_D= 3.6097209453582764,0.0008031399920582771
epoch 194/500 over, loss_G,loss_D= 3.5703911781311035,0.0010294977109879255
epoch 195/500 over, loss_G,loss_D= 3.5013530254364014,0.0018873508088290691
epoch 196/500 over, loss_G,loss_D= 4.0598931312561035,0.003304827958345413
epoch 197/500 over, loss_G,loss_D= 3.5667238235473633,0.004287252202630043
epoch 198/500 over, loss_G,loss_D= 3.6240234375,0.00655363267287612
epoch 199/500 over, loss_G,loss_D= 3.6209802627563477,0.004117758944630623
epoch 200/500 over, loss_G,loss_D= 3.6835830211639404,0.0025483635254204273
epoch 201/500 over, loss_G,loss_D= 3.6086761951446533,0.0007368771475739777
epoch 202/500 over, loss_G,loss_D= 3.466829538345337,0.000982789322733879
epoch 203/500 over, loss_G,loss_D= 3.5031046867370605,0.0011389626888558269
epoch 204/500 over, loss_G,loss_D= 3.6418704986572266,0.01860971748828888
epoch 205/500 over, loss_G,loss_D= 3.7106332778930664,0.0011032834881916642
epoch 206/500 over, loss_G,loss_D= 3.5465989112854004,0.0009803775465115905
epoch 207/500 over, loss_G,loss_D= 3.6200950145721436,0.0053034452721476555
epoch 208/500 over, loss_G,loss_D= 3.5433716773986816,0.0013475752202793956
epoch 209/500 over, loss_G,loss_D= 3.612081527709961,0.0007806720095686615
epoch 210/500 over, loss_G,loss_D= 3.4829633235931396,0.0005772149888798594
epoch 211/500 over, loss_G,loss_D= 3.6480345726013184,0.0012033930979669094
epoch 212/500 over, loss_G,loss_D= 3.6188406944274902,0.0006782682612538338
epoch 213/500 over, loss_G,loss_D= 3.5134801864624023,0.003245424712076783
epoch 214/500 over, loss_G,loss_D= 3.3952527046203613,0.0006249783909879625
epoch 215/500 over, loss_G,loss_D= 3.6492762565612793,0.007706375792622566
epoch 216/500 over, loss_G,loss_D= 3.4829883575439453,0.0004575650964397937
epoch 217/500 over, loss_G,loss_D= 3.4720659255981445,0.0007927549304440618
epoch 218/500 over, loss_G,loss_D= 3.48533296585083,0.004449243191629648
epoch 219/500 over, loss_G,loss_D= 3.4916157722473145,0.002133385045453906
epoch 220/500 over, loss_G,loss_D= 3.477158546447754,0.0006863566813990474
epoch 221/500 over, loss_G,loss_D= 3.596752166748047,0.003596350084990263
epoch 222/500 over, loss_G,loss_D= 3.4139199256896973,0.04412757232785225
epoch 223/500 over, loss_G,loss_D= 3.620394468307495,0.0004452443972695619
epoch 224/500 over, loss_G,loss_D= 3.5611932277679443,0.0008260012255050242
epoch 225/500 over, loss_G,loss_D= 3.46028995513916,0.0003772360214497894
epoch 226/500 over, loss_G,loss_D= 3.734175205230713,0.021733613684773445
epoch 227/500 over, loss_G,loss_D= 3.5601999759674072,0.0009175299783237278
epoch 228/500 over, loss_G,loss_D= 3.491938829421997,0.0006044844631105661
epoch 229/500 over, loss_G,loss_D= 3.6335840225219727,0.0007974528707563877
epoch 230/500 over, loss_G,loss_D= 3.401782274246216,0.001283021061681211
epoch 231/500 over, loss_G,loss_D= 3.5159878730773926,0.011974159628152847
epoch 232/500 over, loss_G,loss_D= 3.658482074737549,0.0018903621239587665
epoch 233/500 over, loss_G,loss_D= 3.643861770629883,0.006000966764986515
epoch 234/500 over, loss_G,loss_D= 3.3649067878723145,0.0011861345265060663
epoch 235/500 over, loss_G,loss_D= 3.4062905311584473,0.00043419309076853096
epoch 236/500 over, loss_G,loss_D= 3.4630608558654785,0.0006663413951173425
epoch 237/500 over, loss_G,loss_D= 3.561983585357666,0.000611574505455792
epoch 238/500 over, loss_G,loss_D= 3.5318503379821777,0.0009401377756148577
epoch 239/500 over, loss_G,loss_D= 3.5334410667419434,0.0006247232086025178
epoch 240/500 over, loss_G,loss_D= 3.4564058780670166,0.0030030561611056328
epoch 241/500 over, loss_G,loss_D= 3.4809353351593018,0.0005851900787092745
epoch 242/500 over, loss_G,loss_D= 3.3835201263427734,0.005467035807669163
epoch 243/500 over, loss_G,loss_D= 3.559332847595215,0.00046276242937892675
epoch 244/500 over, loss_G,loss_D= 3.587312698364258,0.0015547496732324362
epoch 245/500 over, loss_G,loss_D= 3.3415751457214355,0.0013334446121007204
epoch 246/500 over, loss_G,loss_D= 3.4757845401763916,0.002457079943269491
epoch 247/500 over, loss_G,loss_D= 3.413888692855835,0.008695779368281364
epoch 248/500 over, loss_G,loss_D= 3.4448790550231934,0.0003303597623016685
epoch 249/500 over, loss_G,loss_D= 3.6294760704040527,0.004828489385545254
epoch 250/500 over, loss_G,loss_D= 3.6890499591827393,0.005649361293762922
epoch 251/500 over, loss_G,loss_D= 3.720698118209839,0.02005099505186081
epoch 252/500 over, loss_G,loss_D= 3.5926835536956787,0.0006408790941350162
epoch 253/500 over, loss_G,loss_D= 3.637242317199707,0.003806221066042781
epoch 254/500 over, loss_G,loss_D= 3.4062671661376953,0.0005310982232913375
epoch 255/500 over, loss_G,loss_D= 3.3836464881896973,0.0007072534062899649
epoch 256/500 over, loss_G,loss_D= 3.52410888671875,0.0010421486804261804
epoch 257/500 over, loss_G,loss_D= 3.519771099090576,0.001593120046891272
epoch 258/500 over, loss_G,loss_D= 3.572680950164795,0.000739550800062716
epoch 259/500 over, loss_G,loss_D= 3.4424021244049072,0.0024077899288386106
epoch 260/500 over, loss_G,loss_D= 3.6004910469055176,0.0009950220119208097
epoch 261/500 over, loss_G,loss_D= 3.575188636779785,0.0006465510232374072
epoch 262/500 over, loss_G,loss_D= 3.4815075397491455,0.00047447055112570524
epoch 263/500 over, loss_G,loss_D= 3.687865734100342,0.00048355673789046705
epoch 264/500 over, loss_G,loss_D= 3.5521912574768066,0.0007784452755004168
epoch 265/500 over, loss_G,loss_D= 3.6129374504089355,0.00216245511546731
epoch 266/500 over, loss_G,loss_D= 3.5837771892547607,0.0006107895169407129
epoch 267/500 over, loss_G,loss_D= 3.9958136081695557,0.009901683777570724
epoch 268/500 over, loss_G,loss_D= 3.376591682434082,0.0006970179965719581
epoch 269/500 over, loss_G,loss_D= 3.5159811973571777,0.001506934524513781
epoch 270/500 over, loss_G,loss_D= 3.4451396465301514,0.00049033691175282
epoch 271/500 over, loss_G,loss_D= 3.5134541988372803,0.00046066255890764296
epoch 272/500 over, loss_G,loss_D= 3.6323771476745605,0.0009080604650080204
epoch 273/500 over, loss_G,loss_D= 3.705559492111206,0.012569242157042027
epoch 274/500 over, loss_G,loss_D= 3.532017230987549,0.0021595419384539127
epoch 275/500 over, loss_G,loss_D= 3.436213254928589,0.0004914847086183727
epoch 276/500 over, loss_G,loss_D= 3.5049145221710205,0.0010881091002374887
epoch 277/500 over, loss_G,loss_D= 3.387986183166504,0.001037563313730061
epoch 278/500 over, loss_G,loss_D= 3.45902681350708,0.00029319533496163785
epoch 279/500 over, loss_G,loss_D= 3.5772993564605713,0.007883633486926556
epoch 280/500 over, loss_G,loss_D= 3.4052884578704834,0.0004372248367872089
epoch 281/500 over, loss_G,loss_D= 3.4346156120300293,0.0010750924702733755
epoch 282/500 over, loss_G,loss_D= 3.553281545639038,0.0005432397592812777
epoch 283/500 over, loss_G,loss_D= 3.60313081741333,0.0004425161750987172
epoch 284/500 over, loss_G,loss_D= 3.4497413635253906,0.0012989944079890847
epoch 285/500 over, loss_G,loss_D= 3.3448047637939453,0.0003049341030418873
epoch 286/500 over, loss_G,loss_D= 3.5818963050842285,0.00226490362547338
epoch 287/500 over, loss_G,loss_D= 3.509070873260498,0.0004611398035194725
epoch 288/500 over, loss_G,loss_D= 3.4777302742004395,0.0019051495473831892
epoch 289/500 over, loss_G,loss_D= 3.4879353046417236,0.0020504933781921864
epoch 290/500 over, loss_G,loss_D= 3.4655935764312744,0.0004966251435689628
epoch 291/500 over, loss_G,loss_D= 3.482959747314453,0.0007311651716008782
epoch 292/500 over, loss_G,loss_D= 3.4313158988952637,0.0003075905842706561
epoch 293/500 over, loss_G,loss_D= 3.508375883102417,0.002948572626337409
epoch 294/500 over, loss_G,loss_D= 3.471203088760376,0.0005265584331937134
epoch 295/500 over, loss_G,loss_D= 3.3688201904296875,0.001434947014786303
epoch 296/500 over, loss_G,loss_D= 3.349658966064453,0.000336427561705932
epoch 297/500 over, loss_G,loss_D= 3.5427584648132324,0.0005210272502154112
epoch 298/500 over, loss_G,loss_D= 3.375483274459839,0.004910909570753574
epoch 299/500 over, loss_G,loss_D= 3.7272419929504395,0.001042093033902347
epoch 300/500 over, loss_G,loss_D= 3.578972816467285,0.0025413541588932276
epoch 301/500 over, loss_G,loss_D= 3.552180290222168,0.007845709100365639
epoch 302/500 over, loss_G,loss_D= 3.481365442276001,0.0021215665619820356
epoch 303/500 over, loss_G,loss_D= 3.535702705383301,0.006989290937781334
epoch 304/500 over, loss_G,loss_D= 3.482328176498413,0.0006140023469924927
epoch 305/500 over, loss_G,loss_D= 3.421929121017456,0.00027739955112338066
epoch 306/500 over, loss_G,loss_D= 3.615661382675171,0.0018576814327389002
epoch 307/500 over, loss_G,loss_D= 3.455138683319092,0.000801105925347656
epoch 308/500 over, loss_G,loss_D= 3.766951084136963,0.0010388265363872051
epoch 309/500 over, loss_G,loss_D= 3.641386032104492,0.005634370259940624
epoch 310/500 over, loss_G,loss_D= 3.347240686416626,0.0003683525719679892
epoch 311/500 over, loss_G,loss_D= 3.3476722240448,0.0009018711280077696
epoch 312/500 over, loss_G,loss_D= 3.4513182640075684,0.0006021955632604659
epoch 313/500 over, loss_G,loss_D= 3.2780709266662598,0.022202463820576668
epoch 314/500 over, loss_G,loss_D= 3.627115249633789,0.0009755939245223999
epoch 315/500 over, loss_G,loss_D= 3.5407767295837402,0.0012210404966026545
epoch 316/500 over, loss_G,loss_D= 3.479740619659424,0.0023729035165160894
epoch 317/500 over, loss_G,loss_D= 3.4451403617858887,0.000702456571161747
epoch 318/500 over, loss_G,loss_D= 3.475367546081543,0.0006318219820968807
epoch 319/500 over, loss_G,loss_D= 3.517989158630371,0.0012993859127163887
epoch 320/500 over, loss_G,loss_D= 3.592146873474121,0.0019455699948593974
epoch 321/500 over, loss_G,loss_D= 3.483898878097534,0.0011494747595861554
epoch 322/500 over, loss_G,loss_D= 3.3858940601348877,0.0004273238591849804
epoch 323/500 over, loss_G,loss_D= 3.4795913696289062,0.0013734298991039395
epoch 324/500 over, loss_G,loss_D= 3.6500091552734375,0.0009891510708257556
epoch 325/500 over, loss_G,loss_D= 3.44938588142395,0.0012411647476255894
epoch 326/500 over, loss_G,loss_D= 3.534252405166626,0.004473191685974598
epoch 327/500 over, loss_G,loss_D= 3.4385616779327393,0.0004996273783035576
epoch 328/500 over, loss_G,loss_D= 3.421546697616577,0.00045177381252869964
epoch 329/500 over, loss_G,loss_D= 3.3164689540863037,0.05935927480459213
epoch 330/500 over, loss_G,loss_D= 3.3643014430999756,0.011282732710242271
epoch 331/500 over, loss_G,loss_D= 3.511723518371582,0.00031953328289091587
epoch 332/500 over, loss_G,loss_D= 3.4020495414733887,0.001189980423077941
epoch 333/500 over, loss_G,loss_D= 3.4359960556030273,0.001840926124714315
epoch 334/500 over, loss_G,loss_D= 3.4399354457855225,0.00800307746976614
epoch 335/500 over, loss_G,loss_D= 3.484419822692871,0.002217582892626524
epoch 336/500 over, loss_G,loss_D= 3.5308685302734375,0.002990520792081952
epoch 337/500 over, loss_G,loss_D= 3.476292848587036,0.0003225129039492458
epoch 338/500 over, loss_G,loss_D= 3.686265468597412,0.002176594454795122
epoch 339/500 over, loss_G,loss_D= 3.4604227542877197,0.0008970596827566624
epoch 340/500 over, loss_G,loss_D= 3.3808727264404297,0.0006363519933074713
epoch 341/500 over, loss_G,loss_D= 3.2510833740234375,0.0002737472823355347
epoch 342/500 over, loss_G,loss_D= 3.4038498401641846,0.0011903216363862157
epoch 343/500 over, loss_G,loss_D= 3.20052433013916,0.012431679293513298
epoch 344/500 over, loss_G,loss_D= 3.4261603355407715,0.0007592971669510007
epoch 345/500 over, loss_G,loss_D= 3.3724470138549805,0.0002845585404429585
epoch 346/500 over, loss_G,loss_D= 3.4136850833892822,0.0004199426039122045
epoch 347/500 over, loss_G,loss_D= 3.381143093109131,0.006474754307419062
epoch 348/500 over, loss_G,loss_D= 3.5626773834228516,0.014609779231250286
epoch 349/500 over, loss_G,loss_D= 3.419757843017578,0.00035145474248565733
epoch 350/500 over, loss_G,loss_D= 3.5292346477508545,0.000899582460988313
epoch 351/500 over, loss_G,loss_D= 3.5143582820892334,0.000755096145439893
epoch 352/500 over, loss_G,loss_D= 3.3543906211853027,0.0002922395942732692
epoch 353/500 over, loss_G,loss_D= 3.5413546562194824,0.0006425140891224146
epoch 354/500 over, loss_G,loss_D= 3.4299542903900146,0.0003616112226154655
epoch 355/500 over, loss_G,loss_D= 3.2687203884124756,0.0015510732773691416
epoch 356/500 over, loss_G,loss_D= 3.328085422515869,0.002716674702242017
epoch 357/500 over, loss_G,loss_D= 3.4727823734283447,0.0007642448763363063
epoch 358/500 over, loss_G,loss_D= 3.3978774547576904,0.0002532491344027221
epoch 359/500 over, loss_G,loss_D= 3.533348798751831,0.0007569908048026264
epoch 360/500 over, loss_G,loss_D= 3.76454758644104,0.0004426379455253482
epoch 361/500 over, loss_G,loss_D= 3.447899341583252,0.00024830238544382155
epoch 362/500 over, loss_G,loss_D= 3.3958356380462646,0.0008438184158876538
epoch 363/500 over, loss_G,loss_D= 3.3203623294830322,0.00043737166561186314
epoch 364/500 over, loss_G,loss_D= 3.3767762184143066,0.0002916604862548411
epoch 365/500 over, loss_G,loss_D= 3.5159687995910645,0.002146913204342127
epoch 366/500 over, loss_G,loss_D= 3.371694803237915,0.0005693815182894468
epoch 367/500 over, loss_G,loss_D= 3.3733317852020264,0.0028636683709919453
epoch 368/500 over, loss_G,loss_D= 3.3473119735717773,0.0063485512509942055
epoch 369/500 over, loss_G,loss_D= 3.362912178039551,0.0004300180298741907
epoch 370/500 over, loss_G,loss_D= 3.480508327484131,0.00045199025771580637
epoch 371/500 over, loss_G,loss_D= 3.396955966949463,0.0008935095393098891
epoch 372/500 over, loss_G,loss_D= 3.494539260864258,0.0021574029233306646
epoch 373/500 over, loss_G,loss_D= 3.3506786823272705,0.00021401367848739028
epoch 374/500 over, loss_G,loss_D= 3.527106285095215,0.002317484002560377
epoch 375/500 over, loss_G,loss_D= 3.4506378173828125,0.0011631946545094252
epoch 376/500 over, loss_G,loss_D= 3.308004140853882,0.0003163109067827463
epoch 377/500 over, loss_G,loss_D= 3.5107154846191406,0.0004371217219159007
epoch 378/500 over, loss_G,loss_D= 3.2832698822021484,0.0003240211517550051
epoch 379/500 over, loss_G,loss_D= 3.3130266666412354,0.01154009997844696
epoch 380/500 over, loss_G,loss_D= 3.251464605331421,0.001034346641972661
epoch 381/500 over, loss_G,loss_D= 3.434898853302002,0.0010483006481081247
epoch 382/500 over, loss_G,loss_D= 3.4211835861206055,0.0005158566636964679
epoch 383/500 over, loss_G,loss_D= 3.3512446880340576,0.00033578384318389
epoch 384/500 over, loss_G,loss_D= 3.368302822113037,0.0009315324714407325
epoch 385/500 over, loss_G,loss_D= 3.3496077060699463,0.0025557074695825577
epoch 386/500 over, loss_G,loss_D= 3.4747586250305176,0.00036947065382264555
epoch 387/500 over, loss_G,loss_D= 3.4502339363098145,0.0004643170104827732
epoch 388/500 over, loss_G,loss_D= 3.269744396209717,0.0003774978395085782
epoch 389/500 over, loss_G,loss_D= 3.3475608825683594,0.0016021516639739275
epoch 390/500 over, loss_G,loss_D= 3.398223400115967,0.0005989136407151818
epoch 391/500 over, loss_G,loss_D= 3.3725483417510986,0.00520668039098382
epoch 392/500 over, loss_G,loss_D= 3.4746289253234863,0.002275346778333187
epoch 393/500 over, loss_G,loss_D= 3.3280434608459473,0.0001992135657928884
epoch 394/500 over, loss_G,loss_D= 3.4493608474731445,0.0023085931316018105
epoch 395/500 over, loss_G,loss_D= 3.310002326965332,0.0001798071461962536
epoch 396/500 over, loss_G,loss_D= 3.3130152225494385,0.000308448972646147
epoch 397/500 over, loss_G,loss_D= 3.3787598609924316,0.0037949667312204838
epoch 398/500 over, loss_G,loss_D= 3.4252593517303467,0.0005726029630750418
epoch 399/500 over, loss_G,loss_D= 3.2887046337127686,0.0006075966521166265
epoch 400/500 over, loss_G,loss_D= 3.356842041015625,0.0006263398099690676
epoch 401/500 over, loss_G,loss_D= 3.323028564453125,0.0003654535685200244
epoch 402/500 over, loss_G,loss_D= 3.421175718307495,0.0005889416206628084
epoch 403/500 over, loss_G,loss_D= 3.3943662643432617,0.00036640692269429564
epoch 404/500 over, loss_G,loss_D= 3.346273899078369,0.0017094048671424389
epoch 405/500 over, loss_G,loss_D= 3.320514440536499,0.00031562670483253896
epoch 406/500 over, loss_G,loss_D= 3.3527121543884277,0.00056690868223086
epoch 407/500 over, loss_G,loss_D= 3.31033992767334,0.0007374024717137218
epoch 408/500 over, loss_G,loss_D= 3.3681130409240723,0.0032978602685034275
epoch 409/500 over, loss_G,loss_D= 3.518126964569092,0.0005437466315925121
epoch 410/500 over, loss_G,loss_D= 3.394224166870117,0.0008851297898218036
epoch 411/500 over, loss_G,loss_D= 3.2492473125457764,0.00022076764435041696
epoch 412/500 over, loss_G,loss_D= 3.393052577972412,0.00022333591186907142
epoch 413/500 over, loss_G,loss_D= 3.25878643989563,0.0006499298615381122
epoch 414/500 over, loss_G,loss_D= 3.3443539142608643,0.0024979854933917522
epoch 415/500 over, loss_G,loss_D= 3.382673740386963,0.0005583139136433601
epoch 416/500 over, loss_G,loss_D= 3.310548782348633,0.0003281004319433123
epoch 417/500 over, loss_G,loss_D= 3.290414810180664,0.0014128093607723713
epoch 418/500 over, loss_G,loss_D= 3.259373188018799,0.02000718005001545
epoch 419/500 over, loss_G,loss_D= 3.321164131164551,0.0004665289889089763
epoch 420/500 over, loss_G,loss_D= 3.3165273666381836,0.00028024971834383905
epoch 421/500 over, loss_G,loss_D= 3.3538708686828613,0.00023574249644298106
epoch 422/500 over, loss_G,loss_D= 3.4940874576568604,0.0019323955057188869
epoch 423/500 over, loss_G,loss_D= 3.266460418701172,0.0002937107637990266
epoch 424/500 over, loss_G,loss_D= 3.4160208702087402,0.0010923671070486307
epoch 425/500 over, loss_G,loss_D= 3.2494759559631348,0.0006004933966323733
epoch 426/500 over, loss_G,loss_D= 3.4191136360168457,0.002151749562472105
epoch 427/500 over, loss_G,loss_D= 3.2992677688598633,0.0010030562989413738
epoch 428/500 over, loss_G,loss_D= 3.4789068698883057,0.00334189017303288
epoch 429/500 over, loss_G,loss_D= 3.2630810737609863,0.00020987176685594022
epoch 430/500 over, loss_G,loss_D= 3.376941442489624,0.0013447811361402273
epoch 431/500 over, loss_G,loss_D= 3.2353901863098145,0.00022935775632504374
epoch 432/500 over, loss_G,loss_D= 3.5644242763519287,0.00043048730003647506
epoch 433/500 over, loss_G,loss_D= 3.4096741676330566,0.0014382313238456845
epoch 434/500 over, loss_G,loss_D= 3.3547728061676025,0.00047074398025870323
epoch 435/500 over, loss_G,loss_D= 3.3549857139587402,0.0003673373721539974
epoch 436/500 over, loss_G,loss_D= 3.4574501514434814,0.0012628380209207535
epoch 437/500 over, loss_G,loss_D= 3.446380138397217,0.0004730400978587568
epoch 438/500 over, loss_G,loss_D= 3.3505876064300537,0.0003773774369619787
epoch 439/500 over, loss_G,loss_D= 3.464247703552246,0.0035040215589106083
epoch 440/500 over, loss_G,loss_D= 3.403233528137207,0.007929611951112747
epoch 441/500 over, loss_G,loss_D= 3.234720230102539,0.001279564225114882
epoch 442/500 over, loss_G,loss_D= 3.26556134223938,0.00024290074361488223
epoch 443/500 over, loss_G,loss_D= 3.414935350418091,0.001084436778910458
epoch 444/500 over, loss_G,loss_D= 3.4322662353515625,0.0005201903404667974
epoch 445/500 over, loss_G,loss_D= 3.323695659637451,0.0005290300468914211
epoch 446/500 over, loss_G,loss_D= 3.4058709144592285,0.0008537512621842325
epoch 447/500 over, loss_G,loss_D= 3.3164029121398926,0.0003492305404506624
epoch 448/500 over, loss_G,loss_D= 3.4694437980651855,0.000557894934900105
epoch 449/500 over, loss_G,loss_D= 3.3143815994262695,0.00068914849543944
epoch 450/500 over, loss_G,loss_D= 3.3098418712615967,0.00015900821017567068
epoch 451/500 over, loss_G,loss_D= 3.3779001235961914,0.0002818064240273088
epoch 452/500 over, loss_G,loss_D= 3.4178826808929443,0.004177812486886978
epoch 453/500 over, loss_G,loss_D= 3.312835693359375,0.00032635172829031944
epoch 454/500 over, loss_G,loss_D= 3.3735246658325195,0.001285220612771809
epoch 455/500 over, loss_G,loss_D= 3.326802968978882,0.00019936970784328878
epoch 456/500 over, loss_G,loss_D= 3.441378355026245,0.0003594753798097372
epoch 457/500 over, loss_G,loss_D= 3.351820707321167,0.00025556082255207
epoch 458/500 over, loss_G,loss_D= 3.1726503372192383,0.004272352904081345
epoch 459/500 over, loss_G,loss_D= 3.318264961242676,0.00046748440945520997
epoch 460/500 over, loss_G,loss_D= 3.4581844806671143,0.0013280019629746675
epoch 461/500 over, loss_G,loss_D= 3.4207663536071777,0.0020891292952001095
epoch 462/500 over, loss_G,loss_D= 3.406338691711426,0.0006763482233509421
epoch 463/500 over, loss_G,loss_D= 3.2330613136291504,0.0034490549005568027
epoch 464/500 over, loss_G,loss_D= 3.428391933441162,0.005312075838446617
