nohup: ignoring input
2
Compose(
    Lambda()
    ToTensor()
    <class 'torch.FloatTensor'>
    Normalize(mean=(0.5, 0.5, 0.5), std=(0.5, 0.5, 0.5))
)
128
256
epoch 0/500 over, loss_G,loss_D= 1.87429678440094,0.0029988796450197697
3.train_face_enhance.py:41: UserWarning: To copy construct from a tensor, it is recommended to use sourceTensor.clone().detach() or sourceTensor.clone().detach().requires_grad_(True), rather than torch.tensor(sourceTensor).
  losses, out_img = big_model(torch.tensor(head_mtx, device=torch.device('cuda:0'))
3.train_face_enhance.py:42: UserWarning: To copy construct from a tensor, it is recommended to use sourceTensor.clone().detach() or sourceTensor.clone().detach().requires_grad_(True), rather than torch.tensor(sourceTensor).
  ,torch.tensor(in_img, device=torch.device('cuda:0'))
3.train_face_enhance.py:43: UserWarning: To copy construct from a tensor, it is recommended to use sourceTensor.clone().detach() or sourceTensor.clone().detach().requires_grad_(True), rather than torch.tensor(sourceTensor).
  ,torch.tensor(tgt_img, device=torch.device('cuda:0')), infer=False)
/opt/conda/lib/python3.7/site-packages/torch/nn/parallel/_functions.py:61: UserWarning: Was asked to gather along dimension 0, but all input tensors were scalars; will instead unsqueeze and return a vector.
  warnings.warn('Was asked to gather along dimension 0, but all '
epoch 1/500 over, loss_G,loss_D= 1.712904930114746,0.003385529387742281
epoch 2/500 over, loss_G,loss_D= 1.5413439273834229,0.003230926115065813
epoch 3/500 over, loss_G,loss_D= 1.3282082080841064,0.003476671641692519
epoch 4/500 over, loss_G,loss_D= 1.1451704502105713,0.003550410270690918
epoch 5/500 over, loss_G,loss_D= 1.1197601556777954,0.0033070528879761696
epoch 6/500 over, loss_G,loss_D= 1.009197473526001,0.0035678446292877197
epoch 7/500 over, loss_G,loss_D= 1.1118673086166382,0.0034765712916851044
epoch 8/500 over, loss_G,loss_D= 0.9074336290359497,0.004163721576333046
epoch 9/500 over, loss_G,loss_D= 1.1096481084823608,0.003726596012711525
epoch 10/500 over, loss_G,loss_D= 1.247446060180664,0.003632717300206423
epoch 11/500 over, loss_G,loss_D= 1.142690658569336,0.00372543977573514
epoch 12/500 over, loss_G,loss_D= 1.253165602684021,0.003201679326593876
epoch 13/500 over, loss_G,loss_D= 0.9661911129951477,0.003474042285233736
epoch 14/500 over, loss_G,loss_D= 0.8493189215660095,0.0033363071270287037
epoch 15/500 over, loss_G,loss_D= 0.6887556910514832,0.0028331419453024864
epoch 16/500 over, loss_G,loss_D= 0.9423134326934814,0.0033666365779936314
epoch 17/500 over, loss_G,loss_D= 1.0979835987091064,0.0034007620997726917
epoch 18/500 over, loss_G,loss_D= 0.9154150485992432,0.0035516435746103525
epoch 19/500 over, loss_G,loss_D= 0.7805606722831726,0.003178518731147051
epoch 20/500 over, loss_G,loss_D= 0.884835958480835,0.003961404785513878
epoch 21/500 over, loss_G,loss_D= 1.0317888259887695,0.00315156951546669
epoch 22/500 over, loss_G,loss_D= 0.7941591739654541,0.003245087107643485
epoch 23/500 over, loss_G,loss_D= 0.7376388311386108,0.003278112970292568
epoch 24/500 over, loss_G,loss_D= 0.8414309024810791,0.003482409054413438
epoch 25/500 over, loss_G,loss_D= 0.8517447113990784,0.0036741236690431833
epoch 26/500 over, loss_G,loss_D= 0.7561537027359009,0.0031552091240882874
epoch 27/500 over, loss_G,loss_D= 0.8584344983100891,0.0036068193148821592
epoch 28/500 over, loss_G,loss_D= 0.9363165497779846,0.0035598541144281626
epoch 29/500 over, loss_G,loss_D= 0.7326292991638184,0.0033622351475059986
epoch 30/500 over, loss_G,loss_D= 0.7902382612228394,0.0036398153752088547
epoch 31/500 over, loss_G,loss_D= 0.9703885316848755,0.003329730127006769
epoch 32/500 over, loss_G,loss_D= 0.7518091201782227,0.0034047469962388277
epoch 33/500 over, loss_G,loss_D= 0.8650259971618652,0.0032365811057388783
epoch 34/500 over, loss_G,loss_D= 0.6709631681442261,0.0034082173369824886
epoch 35/500 over, loss_G,loss_D= 0.6428873538970947,0.0035479837097227573
epoch 36/500 over, loss_G,loss_D= 0.6762701272964478,0.0032727662473917007
epoch 37/500 over, loss_G,loss_D= 0.8533675670623779,0.00299243675544858
epoch 38/500 over, loss_G,loss_D= 0.6905751824378967,0.0032794871367514133
epoch 39/500 over, loss_G,loss_D= 0.6984360814094543,0.0033621895126998425
epoch 40/500 over, loss_G,loss_D= 0.7050120234489441,0.0035328390076756477
epoch 41/500 over, loss_G,loss_D= 0.6321191787719727,0.003445751266553998
epoch 42/500 over, loss_G,loss_D= 0.7425137162208557,0.003603932913392782
epoch 43/500 over, loss_G,loss_D= 0.793081521987915,0.00330056413076818
epoch 44/500 over, loss_G,loss_D= 0.6958304643630981,0.0032295212149620056
epoch 45/500 over, loss_G,loss_D= 0.5928129553794861,0.0035194552037864923
epoch 46/500 over, loss_G,loss_D= 0.6053919196128845,0.0032643689773976803
epoch 47/500 over, loss_G,loss_D= 0.5659531354904175,0.0032740039750933647
epoch 48/500 over, loss_G,loss_D= 0.5840920805931091,0.0031292992644011974
epoch 49/500 over, loss_G,loss_D= 0.7874499559402466,0.0029828734695911407
epoch 50/500 over, loss_G,loss_D= 0.632121205329895,0.003316162619739771
epoch 51/500 over, loss_G,loss_D= 0.629610538482666,0.0034551003482192755
epoch 52/500 over, loss_G,loss_D= 0.6153596639633179,0.0036219931207597256
epoch 53/500 over, loss_G,loss_D= 0.6848087310791016,0.0034709195606410503
epoch 54/500 over, loss_G,loss_D= 0.6189263463020325,0.003474379889667034
epoch 55/500 over, loss_G,loss_D= 0.5826215744018555,0.0033844956196844578
epoch 56/500 over, loss_G,loss_D= 0.5948400497436523,0.0030994988046586514
epoch 57/500 over, loss_G,loss_D= 0.9128643870353699,0.003134278580546379
epoch 58/500 over, loss_G,loss_D= 0.544029176235199,0.003670224454253912
epoch 59/500 over, loss_G,loss_D= 0.5539137125015259,0.003462646622210741
epoch 60/500 over, loss_G,loss_D= 0.5716633200645447,0.003414249513298273
epoch 61/500 over, loss_G,loss_D= 0.53193598985672,0.003544393926858902
epoch 62/500 over, loss_G,loss_D= 0.5254355669021606,0.0033235414884984493
epoch 63/500 over, loss_G,loss_D= 0.6426580548286438,0.003357477020472288
epoch 64/500 over, loss_G,loss_D= 0.7371832728385925,0.0034945476800203323
epoch 65/500 over, loss_G,loss_D= 0.5556277632713318,0.003591646673157811
epoch 66/500 over, loss_G,loss_D= 0.574099063873291,0.0032385794911533594
epoch 67/500 over, loss_G,loss_D= 0.564864993095398,0.0035984665155410767
epoch 68/500 over, loss_G,loss_D= 0.6358572840690613,0.0033819982782006264
epoch 69/500 over, loss_G,loss_D= 0.5633196234703064,0.003943288698792458
epoch 70/500 over, loss_G,loss_D= 0.5432195067405701,0.0033272458240389824
epoch 71/500 over, loss_G,loss_D= 0.5153607130050659,0.003229586873203516
epoch 72/500 over, loss_G,loss_D= 0.6491101384162903,0.003405521158128977
epoch 73/500 over, loss_G,loss_D= 0.5758952498435974,0.0033958936110138893
epoch 74/500 over, loss_G,loss_D= 0.7881824374198914,0.003608124330639839
epoch 75/500 over, loss_G,loss_D= 0.5317709445953369,0.003311971202492714
epoch 76/500 over, loss_G,loss_D= 0.5863703489303589,0.0034484299831092358
epoch 77/500 over, loss_G,loss_D= 0.5214722752571106,0.0032887642737478018
epoch 78/500 over, loss_G,loss_D= 0.7937893271446228,0.003406476229429245
epoch 79/500 over, loss_G,loss_D= 0.48949363827705383,0.0030057893600314856
epoch 80/500 over, loss_G,loss_D= 0.5025607943534851,0.003009266685694456
epoch 81/500 over, loss_G,loss_D= 0.7179750800132751,0.003371878992766142
epoch 82/500 over, loss_G,loss_D= 0.6752843260765076,0.0034923108760267496
epoch 83/500 over, loss_G,loss_D= 0.47357410192489624,0.0031984776724129915
epoch 84/500 over, loss_G,loss_D= 0.48608142137527466,0.003308899002149701
epoch 85/500 over, loss_G,loss_D= 0.6359996795654297,0.0033549549989402294
epoch 86/500 over, loss_G,loss_D= 0.7439711093902588,0.003163441549986601
epoch 87/500 over, loss_G,loss_D= 0.4576182961463928,0.003467733506113291
epoch 88/500 over, loss_G,loss_D= 0.5185499787330627,0.0034319814294576645
epoch 89/500 over, loss_G,loss_D= 0.5042108297348022,0.003488237038254738
epoch 90/500 over, loss_G,loss_D= 0.6032170653343201,0.0032914476469159126
epoch 91/500 over, loss_G,loss_D= 0.4960204064846039,0.0030693435110151768
epoch 92/500 over, loss_G,loss_D= 0.6192663311958313,0.003655696753412485
epoch 93/500 over, loss_G,loss_D= 0.7255409955978394,0.0031021384056657553
epoch 94/500 over, loss_G,loss_D= 0.6691485047340393,0.003524845466017723
epoch 95/500 over, loss_G,loss_D= 0.508131742477417,0.003536673728376627
epoch 96/500 over, loss_G,loss_D= 0.5312072038650513,0.0032462719827890396
epoch 97/500 over, loss_G,loss_D= 0.46007469296455383,0.003349841805174947
epoch 98/500 over, loss_G,loss_D= 0.6183415651321411,0.003590316977351904
epoch 99/500 over, loss_G,loss_D= 0.6272179484367371,0.003460893640294671
epoch 100/500 over, loss_G,loss_D= 0.5928526520729065,0.0033219503238797188
epoch 101/500 over, loss_G,loss_D= 0.48779821395874023,0.0031944075599312782
epoch 102/500 over, loss_G,loss_D= 0.5084465146064758,0.003299596719443798
epoch 103/500 over, loss_G,loss_D= 0.47585955262184143,0.003261149860918522
epoch 104/500 over, loss_G,loss_D= 0.6216497421264648,0.003329154569655657
epoch 105/500 over, loss_G,loss_D= 0.4951264262199402,0.003467894857749343
epoch 106/500 over, loss_G,loss_D= 0.5032222270965576,0.0032632157672196627
epoch 107/500 over, loss_G,loss_D= 0.39957520365715027,0.0034471291583031416
epoch 108/500 over, loss_G,loss_D= 0.47959280014038086,0.0033999034203588963
epoch 109/500 over, loss_G,loss_D= 0.4626467525959015,0.0038488362915813923
epoch 110/500 over, loss_G,loss_D= 0.41799652576446533,0.00343627599067986
epoch 111/500 over, loss_G,loss_D= 0.4113142490386963,0.0029721769969910383
epoch 112/500 over, loss_G,loss_D= 0.45636147260665894,0.0032296734862029552
epoch 113/500 over, loss_G,loss_D= 0.5525321364402771,0.0030975057743489742
epoch 114/500 over, loss_G,loss_D= 0.5470229387283325,0.0036126619670540094
epoch 115/500 over, loss_G,loss_D= 0.5722750425338745,0.003204944310709834
epoch 116/500 over, loss_G,loss_D= 0.4590763449668884,0.003744831308722496
epoch 117/500 over, loss_G,loss_D= 0.6195043325424194,0.003256850875914097
epoch 118/500 over, loss_G,loss_D= 0.4848405420780182,0.003369736485183239
epoch 119/500 over, loss_G,loss_D= 0.5546160340309143,0.003310540458187461
epoch 120/500 over, loss_G,loss_D= 0.4710744023323059,0.0036024111323058605
epoch 121/500 over, loss_G,loss_D= 0.4568481147289276,0.0034714755602180958
epoch 122/500 over, loss_G,loss_D= 0.544066309928894,0.003330675419420004
epoch 123/500 over, loss_G,loss_D= 0.502581000328064,0.003228830872103572
epoch 124/500 over, loss_G,loss_D= 0.5049917101860046,0.0035228626802563667
epoch 125/500 over, loss_G,loss_D= 0.4870237410068512,0.0034004109911620617
epoch 126/500 over, loss_G,loss_D= 0.43386855721473694,0.0036071096546947956
epoch 127/500 over, loss_G,loss_D= 0.6220715641975403,0.003487612586468458
epoch 128/500 over, loss_G,loss_D= 0.5736664533615112,0.003243983257561922
epoch 129/500 over, loss_G,loss_D= 0.46292686462402344,0.003232829738408327
epoch 130/500 over, loss_G,loss_D= 0.5666543841362,0.0034838055726140738
epoch 131/500 over, loss_G,loss_D= 0.5370066165924072,0.0033486285246908665
epoch 132/500 over, loss_G,loss_D= 0.42369163036346436,0.003340235911309719
epoch 133/500 over, loss_G,loss_D= 0.4425068199634552,0.003528896253556013
epoch 134/500 over, loss_G,loss_D= 0.4902856647968292,0.0033159267622977495
epoch 135/500 over, loss_G,loss_D= 0.46850505471229553,0.0032208606135100126
epoch 136/500 over, loss_G,loss_D= 0.44538643956184387,0.0033265184611082077
epoch 137/500 over, loss_G,loss_D= 0.4090534448623657,0.0032368628308176994
epoch 138/500 over, loss_G,loss_D= 0.4481387436389923,0.0031481292098760605
epoch 139/500 over, loss_G,loss_D= 0.40429723262786865,0.00332152983173728
epoch 140/500 over, loss_G,loss_D= 0.4936298727989197,0.0033165491186082363
epoch 141/500 over, loss_G,loss_D= 0.4065391421318054,0.003492991905659437
epoch 142/500 over, loss_G,loss_D= 0.4551219940185547,0.0031562126241624355
epoch 143/500 over, loss_G,loss_D= 0.5351991057395935,0.0034326398745179176
epoch 144/500 over, loss_G,loss_D= 0.47421902418136597,0.003545626299455762
epoch 145/500 over, loss_G,loss_D= 0.3878450393676758,0.0034961714409291744
epoch 146/500 over, loss_G,loss_D= 0.4669618606567383,0.003389033954590559
epoch 147/500 over, loss_G,loss_D= 0.4214315414428711,0.003102238057181239
epoch 148/500 over, loss_G,loss_D= 0.39569416642189026,0.0033228446263819933
epoch 149/500 over, loss_G,loss_D= 0.4379459619522095,0.0033652065321803093
epoch 150/500 over, loss_G,loss_D= 0.5325202345848083,0.0031524603255093098
epoch 151/500 over, loss_G,loss_D= 0.4455566704273224,0.003285822458565235
epoch 152/500 over, loss_G,loss_D= 0.3997858166694641,0.0036011484917253256
epoch 153/500 over, loss_G,loss_D= 0.3834352195262909,0.002881729044020176
epoch 154/500 over, loss_G,loss_D= 0.4745902419090271,0.003116318956017494
epoch 155/500 over, loss_G,loss_D= 0.6127446889877319,0.00352359376847744
epoch 156/500 over, loss_G,loss_D= 0.5183888077735901,0.003383172443136573
epoch 157/500 over, loss_G,loss_D= 0.395816832780838,0.0034955088049173355
epoch 158/500 over, loss_G,loss_D= 0.44679176807403564,0.0038970664609223604
epoch 159/500 over, loss_G,loss_D= 0.4007686674594879,0.0033568115904927254
epoch 160/500 over, loss_G,loss_D= 0.37382882833480835,0.0032422435469925404
epoch 161/500 over, loss_G,loss_D= 0.4341626763343811,0.003760851453989744
epoch 162/500 over, loss_G,loss_D= 0.4223475456237793,0.0035046522971242666
epoch 163/500 over, loss_G,loss_D= 0.57706218957901,0.0034079179167747498
epoch 164/500 over, loss_G,loss_D= 0.41855087876319885,0.0034893634729087353
epoch 165/500 over, loss_G,loss_D= 0.4065781533718109,0.0034470949321985245
epoch 166/500 over, loss_G,loss_D= 0.3996201753616333,0.003289456246420741
epoch 167/500 over, loss_G,loss_D= 0.376979798078537,0.0034035982098430395
epoch 168/500 over, loss_G,loss_D= 0.4113079607486725,0.0033037844114005566
epoch 169/500 over, loss_G,loss_D= 0.4874984323978424,0.00368643831461668
epoch 170/500 over, loss_G,loss_D= 0.4548092186450958,0.003521321341395378
epoch 171/500 over, loss_G,loss_D= 0.4109552502632141,0.0031150495633482933
epoch 172/500 over, loss_G,loss_D= 0.44200780987739563,0.003521069185808301
epoch 173/500 over, loss_G,loss_D= 0.48487234115600586,0.003304491750895977
epoch 174/500 over, loss_G,loss_D= 0.3961615562438965,0.003197564510628581
epoch 175/500 over, loss_G,loss_D= 0.4878384470939636,0.003351269755512476
epoch 176/500 over, loss_G,loss_D= 0.6794705986976624,0.0035029114224016666
epoch 177/500 over, loss_G,loss_D= 0.3918760120868683,0.00369790056720376
epoch 178/500 over, loss_G,loss_D= 0.4474203288555145,0.003309269668534398
epoch 179/500 over, loss_G,loss_D= 0.34513798356056213,0.003072418039664626
epoch 180/500 over, loss_G,loss_D= 0.43372735381126404,0.0035513360053300858
epoch 181/500 over, loss_G,loss_D= 0.3991071283817291,0.0032033417373895645
epoch 182/500 over, loss_G,loss_D= 0.43394967913627625,0.0032621589489281178
epoch 183/500 over, loss_G,loss_D= 0.35720202326774597,0.0037186844274401665
epoch 184/500 over, loss_G,loss_D= 0.36143356561660767,0.0031971342395991087
epoch 185/500 over, loss_G,loss_D= 0.348565936088562,0.0029612642247229815
epoch 186/500 over, loss_G,loss_D= 0.493422269821167,0.0036112915258854628
epoch 187/500 over, loss_G,loss_D= 0.3490842878818512,0.003108156844973564
epoch 188/500 over, loss_G,loss_D= 0.5922744274139404,0.00333589781075716
epoch 189/500 over, loss_G,loss_D= 0.41406822204589844,0.003209640271961689
epoch 190/500 over, loss_G,loss_D= 0.3469131886959076,0.002957000397145748
epoch 191/500 over, loss_G,loss_D= 0.45129507780075073,0.003403107402846217
epoch 192/500 over, loss_G,loss_D= 0.44139090180397034,0.0030945553444325924
epoch 193/500 over, loss_G,loss_D= 0.40632230043411255,0.003724365960806608
epoch 194/500 over, loss_G,loss_D= 0.4254336953163147,0.003065649885684252
epoch 195/500 over, loss_G,loss_D= 0.39019712805747986,0.0034248591400682926
epoch 196/500 over, loss_G,loss_D= 0.3896544575691223,0.003399576060473919
epoch 197/500 over, loss_G,loss_D= 0.3561438024044037,0.0032138177193701267
epoch 198/500 over, loss_G,loss_D= 0.3736235499382019,0.0033936314284801483
epoch 199/500 over, loss_G,loss_D= 0.38692137598991394,0.0036724074743688107
epoch 200/500 over, loss_G,loss_D= 0.400210976600647,0.003168094204738736
epoch 201/500 over, loss_G,loss_D= 0.45156827569007874,0.003322525415569544
epoch 202/500 over, loss_G,loss_D= 0.44407036900520325,0.003347589634358883
epoch 203/500 over, loss_G,loss_D= 0.41752398014068604,0.0035156183876097202
epoch 204/500 over, loss_G,loss_D= 0.33032506704330444,0.0032111969776451588
epoch 205/500 over, loss_G,loss_D= 0.36034059524536133,0.00319212069734931
epoch 206/500 over, loss_G,loss_D= 0.37719792127609253,0.0032647778280079365
epoch 207/500 over, loss_G,loss_D= 0.34623172879219055,0.002992610214278102
epoch 208/500 over, loss_G,loss_D= 0.3412345051765442,0.0032395159360021353
epoch 209/500 over, loss_G,loss_D= 0.3784935474395752,0.00323813920840621
epoch 210/500 over, loss_G,loss_D= 0.4740155041217804,0.0034339455887675285
epoch 211/500 over, loss_G,loss_D= 0.4178062975406647,0.0033060782589018345
epoch 212/500 over, loss_G,loss_D= 0.39629605412483215,0.0034196944907307625
epoch 213/500 over, loss_G,loss_D= 0.45553335547447205,0.00342242862097919
epoch 214/500 over, loss_G,loss_D= 0.3668293058872223,0.0034731256309896708
epoch 215/500 over, loss_G,loss_D= 0.385748028755188,0.0031549129635095596
epoch 216/500 over, loss_G,loss_D= 0.36192336678504944,0.0035282382741570473
epoch 217/500 over, loss_G,loss_D= 0.4293283224105835,0.003049952443689108
epoch 218/500 over, loss_G,loss_D= 0.35758286714553833,0.00319883250631392
epoch 219/500 over, loss_G,loss_D= 0.44313523173332214,0.0029990063048899174
epoch 220/500 over, loss_G,loss_D= 0.3828556537628174,0.003365922486409545
epoch 221/500 over, loss_G,loss_D= 0.3887622356414795,0.0030602426268160343
epoch 222/500 over, loss_G,loss_D= 0.3502788841724396,0.0032426826655864716
epoch 223/500 over, loss_G,loss_D= 0.3822300136089325,0.003613801673054695
epoch 224/500 over, loss_G,loss_D= 0.409652441740036,0.0032057706266641617
epoch 225/500 over, loss_G,loss_D= 0.4298965632915497,0.003489430993795395
epoch 226/500 over, loss_G,loss_D= 0.34790870547294617,0.003548905486240983
epoch 227/500 over, loss_G,loss_D= 0.3623510003089905,0.00323580764234066
epoch 228/500 over, loss_G,loss_D= 0.37523674964904785,0.0032533174380660057
epoch 229/500 over, loss_G,loss_D= 0.38827815651893616,0.0029784871730953455
epoch 230/500 over, loss_G,loss_D= 0.39734190702438354,0.0031975023448467255
epoch 231/500 over, loss_G,loss_D= 0.5080382823944092,0.0030853876378387213
epoch 232/500 over, loss_G,loss_D= 0.3208220601081848,0.0032014213502407074
epoch 233/500 over, loss_G,loss_D= 0.36135226488113403,0.003226793371140957
epoch 234/500 over, loss_G,loss_D= 0.42377743124961853,0.003215518780052662
epoch 235/500 over, loss_G,loss_D= 0.4058539867401123,0.00343649392016232
epoch 236/500 over, loss_G,loss_D= 0.33740830421447754,0.0035009412094950676
epoch 237/500 over, loss_G,loss_D= 0.3612654507160187,0.0032531642355024815
epoch 238/500 over, loss_G,loss_D= 0.5187309980392456,0.0036841125693172216
epoch 239/500 over, loss_G,loss_D= 0.3488210439682007,0.0033148895017802715
epoch 240/500 over, loss_G,loss_D= 0.36323386430740356,0.003225939115509391
epoch 241/500 over, loss_G,loss_D= 0.33345019817352295,0.003277082461863756
epoch 242/500 over, loss_G,loss_D= 0.2969684898853302,0.0035726241767406464
epoch 243/500 over, loss_G,loss_D= 0.48016104102134705,0.003530080895870924
epoch 244/500 over, loss_G,loss_D= 0.3166252076625824,0.00342514063231647
epoch 245/500 over, loss_G,loss_D= 0.3888857662677765,0.0038821487687528133
epoch 246/500 over, loss_G,loss_D= 0.3247862756252289,0.0033647248055785894
epoch 247/500 over, loss_G,loss_D= 0.3353249728679657,0.003283299272879958
epoch 248/500 over, loss_G,loss_D= 0.32466891407966614,0.0032517355866730213
epoch 249/500 over, loss_G,loss_D= 0.345868855714798,0.0031730649061501026
epoch 250/500 over, loss_G,loss_D= 0.34516486525535583,0.0035083757247775793
epoch 251/500 over, loss_G,loss_D= 0.4016275107860565,0.003399231471121311
epoch 252/500 over, loss_G,loss_D= 0.34389275312423706,0.003318138187751174
epoch 253/500 over, loss_G,loss_D= 0.4290178418159485,0.003099963068962097
epoch 254/500 over, loss_G,loss_D= 0.3440837860107422,0.0035405708476901054
epoch 255/500 over, loss_G,loss_D= 0.3262287676334381,0.003453704994171858
epoch 256/500 over, loss_G,loss_D= 0.3603658080101013,0.003187652211636305
epoch 257/500 over, loss_G,loss_D= 0.29888901114463806,0.00319730956107378
epoch 258/500 over, loss_G,loss_D= 0.3375740647315979,0.0032247966155409813
epoch 259/500 over, loss_G,loss_D= 0.3844577372074127,0.0036474436055868864
epoch 260/500 over, loss_G,loss_D= 0.46814072132110596,0.003090249840170145
epoch 261/500 over, loss_G,loss_D= 0.5409173965454102,0.003272400237619877
epoch 262/500 over, loss_G,loss_D= 0.2934016287326813,0.0035106739960610867
epoch 263/500 over, loss_G,loss_D= 0.5729966759681702,0.003338817972689867
epoch 264/500 over, loss_G,loss_D= 0.38192564249038696,0.003435766790062189
epoch 265/500 over, loss_G,loss_D= 0.3524095416069031,0.002976073883473873
epoch 266/500 over, loss_G,loss_D= 0.3408406674861908,0.003422733396291733
epoch 267/500 over, loss_G,loss_D= 0.3622225821018219,0.0033415835350751877
epoch 268/500 over, loss_G,loss_D= 0.30691441893577576,0.003278888761997223
epoch 269/500 over, loss_G,loss_D= 0.4175177812576294,0.0037407060153782368
epoch 270/500 over, loss_G,loss_D= 0.2961187958717346,0.003604412544518709
epoch 271/500 over, loss_G,loss_D= 0.38950082659721375,0.0031629775185137987
epoch 272/500 over, loss_G,loss_D= 0.40114089846611023,0.0032689457293599844
epoch 273/500 over, loss_G,loss_D= 0.36488431692123413,0.003350025275722146
epoch 274/500 over, loss_G,loss_D= 0.3538946509361267,0.0031416055280715227
epoch 275/500 over, loss_G,loss_D= 0.3278992772102356,0.0032528103329241276
epoch 276/500 over, loss_G,loss_D= 0.32412707805633545,0.00358673557639122
epoch 277/500 over, loss_G,loss_D= 0.290581613779068,0.003070342820137739
epoch 278/500 over, loss_G,loss_D= 0.34417402744293213,0.003549375105649233
epoch 279/500 over, loss_G,loss_D= 0.4371998906135559,0.003556904848664999
epoch 280/500 over, loss_G,loss_D= 0.3491111993789673,0.0031929879914969206
epoch 281/500 over, loss_G,loss_D= 0.3267718255519867,0.003392878919839859
epoch 282/500 over, loss_G,loss_D= 0.3354875147342682,0.0034619178622961044
epoch 283/500 over, loss_G,loss_D= 0.3703790605068207,0.00324689201079309
epoch 284/500 over, loss_G,loss_D= 0.37269678711891174,0.0031472966074943542
epoch 285/500 over, loss_G,loss_D= 0.3300890326499939,0.003366443794220686
epoch 286/500 over, loss_G,loss_D= 0.39508867263793945,0.0033657047897577286
epoch 287/500 over, loss_G,loss_D= 0.29137349128723145,0.002808425109833479
epoch 288/500 over, loss_G,loss_D= 0.3319702744483948,0.0031825541518628597
epoch 289/500 over, loss_G,loss_D= 0.33920910954475403,0.003146201139315963
epoch 290/500 over, loss_G,loss_D= 0.483947217464447,0.003307230770587921
epoch 291/500 over, loss_G,loss_D= 0.3532792329788208,0.0032056118361651897
epoch 292/500 over, loss_G,loss_D= 0.33705997467041016,0.00365612399764359
epoch 293/500 over, loss_G,loss_D= 0.32674846053123474,0.003113875398412347
epoch 294/500 over, loss_G,loss_D= 0.3180882930755615,0.003098891582340002
epoch 295/500 over, loss_G,loss_D= 0.2990066409111023,0.003685382194817066
epoch 296/500 over, loss_G,loss_D= 0.2771032750606537,0.00331610394641757
epoch 297/500 over, loss_G,loss_D= 0.3062610626220703,0.003412096295505762
epoch 298/500 over, loss_G,loss_D= 0.27925530076026917,0.003255032002925873
epoch 299/500 over, loss_G,loss_D= 0.41275835037231445,0.0031468630768358707
epoch 300/500 over, loss_G,loss_D= 0.5267895460128784,0.003039632923901081
epoch 301/500 over, loss_G,loss_D= 0.32791948318481445,0.003574924310669303
epoch 302/500 over, loss_G,loss_D= 0.38343697786331177,0.0033653145655989647
epoch 303/500 over, loss_G,loss_D= 0.3445174992084503,0.0035474933683872223
epoch 304/500 over, loss_G,loss_D= 0.3269662857055664,0.0029601636342704296
epoch 305/500 over, loss_G,loss_D= 0.38667532801628113,0.003542570862919092
epoch 306/500 over, loss_G,loss_D= 0.38185539841651917,0.003354080021381378
epoch 307/500 over, loss_G,loss_D= 0.3248201608657837,0.0034781894646584988
epoch 308/500 over, loss_G,loss_D= 0.33534157276153564,0.0034177517518401146
epoch 309/500 over, loss_G,loss_D= 0.36063143610954285,0.003449383657425642
epoch 310/500 over, loss_G,loss_D= 0.33413010835647583,0.00336643704213202
epoch 311/500 over, loss_G,loss_D= 0.26923465728759766,0.00295081059448421
epoch 312/500 over, loss_G,loss_D= 0.26072701811790466,0.003479574341326952
epoch 313/500 over, loss_G,loss_D= 0.28472787141799927,0.0036009540781378746
epoch 314/500 over, loss_G,loss_D= 0.4002295434474945,0.0033474513329565525
epoch 315/500 over, loss_G,loss_D= 0.2792482376098633,0.003510155947878957
epoch 316/500 over, loss_G,loss_D= 0.31483134627342224,0.0034191119484603405
epoch 317/500 over, loss_G,loss_D= 0.3095628023147583,0.003321027383208275
epoch 318/500 over, loss_G,loss_D= 0.31578004360198975,0.003142994362860918
epoch 319/500 over, loss_G,loss_D= 0.2759474813938141,0.0034449021331965923
epoch 320/500 over, loss_G,loss_D= 0.26176390051841736,0.003502662293612957
epoch 321/500 over, loss_G,loss_D= 0.31953251361846924,0.0033592998515814543
epoch 322/500 over, loss_G,loss_D= 0.36276960372924805,0.0033085113391280174
epoch 323/500 over, loss_G,loss_D= 0.31665921211242676,0.00344090536236763
epoch 324/500 over, loss_G,loss_D= 0.30939754843711853,0.003187221474945545
epoch 325/500 over, loss_G,loss_D= 0.3507186770439148,0.003121948102489114
epoch 326/500 over, loss_G,loss_D= 0.2778278887271881,0.0032773390412330627
epoch 327/500 over, loss_G,loss_D= 0.2535932958126068,0.0033470196649432182
epoch 328/500 over, loss_G,loss_D= 0.32335737347602844,0.0033060945570468903
epoch 329/500 over, loss_G,loss_D= 0.34112638235092163,0.003613437991589308
epoch 330/500 over, loss_G,loss_D= 0.3521032929420471,0.003512999275699258
epoch 331/500 over, loss_G,loss_D= 0.3097265660762787,0.0033373339101672173
epoch 332/500 over, loss_G,loss_D= 0.3012646436691284,0.0032060695812106133
epoch 333/500 over, loss_G,loss_D= 0.3047332465648651,0.0035533146001398563
epoch 334/500 over, loss_G,loss_D= 0.2959893047809601,0.0029876092448830605
epoch 335/500 over, loss_G,loss_D= 0.3941560983657837,0.0031441408209502697
epoch 336/500 over, loss_G,loss_D= 0.2563469111919403,0.003338171634823084
epoch 337/500 over, loss_G,loss_D= 0.3835988938808441,0.0029969504103064537
epoch 338/500 over, loss_G,loss_D= 0.2857988476753235,0.003140889573842287
epoch 339/500 over, loss_G,loss_D= 0.33830881118774414,0.0031380155123770237
epoch 340/500 over, loss_G,loss_D= 0.3141824007034302,0.003047573147341609
epoch 341/500 over, loss_G,loss_D= 0.26049360632896423,0.003636321285739541
epoch 342/500 over, loss_G,loss_D= 0.33033961057662964,0.0034286498557776213
epoch 343/500 over, loss_G,loss_D= 0.24740003049373627,0.0031993743032217026
epoch 344/500 over, loss_G,loss_D= 0.23953662812709808,0.003303306642919779
epoch 345/500 over, loss_G,loss_D= 0.27007171511650085,0.003376336768269539
epoch 346/500 over, loss_G,loss_D= 0.2993631958961487,0.003552556037902832
epoch 347/500 over, loss_G,loss_D= 0.40862372517585754,0.0032172738574445248
epoch 348/500 over, loss_G,loss_D= 0.3147580027580261,0.0034133880399167538
epoch 349/500 over, loss_G,loss_D= 0.29048261046409607,0.003432926721870899
epoch 350/500 over, loss_G,loss_D= 0.2976837158203125,0.003611932275816798
epoch 351/500 over, loss_G,loss_D= 0.3138275444507599,0.0031791571527719498
epoch 352/500 over, loss_G,loss_D= 0.3322567343711853,0.003458167891949415
epoch 353/500 over, loss_G,loss_D= 0.31437402963638306,0.003464360721409321
epoch 354/500 over, loss_G,loss_D= 0.2803921699523926,0.0033429658506065607
epoch 355/500 over, loss_G,loss_D= 0.2882774770259857,0.0033319094218313694
epoch 356/500 over, loss_G,loss_D= 0.2751311659812927,0.0032770647667348385
epoch 357/500 over, loss_G,loss_D= 0.3165663480758667,0.0035363673232495785
epoch 358/500 over, loss_G,loss_D= 0.29254940152168274,0.0036680642515420914
epoch 359/500 over, loss_G,loss_D= 0.32545366883277893,0.0034681949764490128
epoch 360/500 over, loss_G,loss_D= 0.30850750207901,0.0031340387649834156
epoch 361/500 over, loss_G,loss_D= 0.29328107833862305,0.003320075571537018
epoch 362/500 over, loss_G,loss_D= 0.36296382546424866,0.003426832612603903
epoch 363/500 over, loss_G,loss_D= 0.2584756910800934,0.0033793733455240726
epoch 364/500 over, loss_G,loss_D= 0.3368438482284546,0.003645950462669134
epoch 365/500 over, loss_G,loss_D= 0.2646183669567108,0.0032462531235069036
epoch 366/500 over, loss_G,loss_D= 0.3549644947052002,0.0035297400318086147
epoch 367/500 over, loss_G,loss_D= 0.3203774094581604,0.003041660413146019
epoch 368/500 over, loss_G,loss_D= 0.3336747884750366,0.0035290266387164593
epoch 369/500 over, loss_G,loss_D= 0.392621248960495,0.0028951349668204784
epoch 370/500 over, loss_G,loss_D= 0.24683091044425964,0.0033841102849692106
epoch 371/500 over, loss_G,loss_D= 0.30088740587234497,0.00323660159483552
epoch 372/500 over, loss_G,loss_D= 0.29212450981140137,0.002907815156504512
epoch 373/500 over, loss_G,loss_D= 0.32989177107810974,0.0037789742927998304
epoch 374/500 over, loss_G,loss_D= 0.28432440757751465,0.0038324615452438593
epoch 375/500 over, loss_G,loss_D= 0.2803131639957428,0.0037719353567808867
epoch 376/500 over, loss_G,loss_D= 0.2643246054649353,0.0034491484984755516
epoch 377/500 over, loss_G,loss_D= 0.25699570775032043,0.0031653600744903088
epoch 378/500 over, loss_G,loss_D= 0.2896149158477783,0.003367343218997121
epoch 379/500 over, loss_G,loss_D= 0.2729518711566925,0.0034049097448587418
epoch 380/500 over, loss_G,loss_D= 0.2702787518501282,0.003447478637099266
epoch 381/500 over, loss_G,loss_D= 0.26876893639564514,0.003195960307493806
epoch 382/500 over, loss_G,loss_D= 0.3071155250072479,0.003291924949735403
epoch 383/500 over, loss_G,loss_D= 0.256967693567276,0.003047590609639883
epoch 384/500 over, loss_G,loss_D= 0.27437010407447815,0.0029376866295933723
epoch 385/500 over, loss_G,loss_D= 0.23434153199195862,0.0033201314508914948
epoch 386/500 over, loss_G,loss_D= 0.3316168487071991,0.003426266834139824
epoch 387/500 over, loss_G,loss_D= 0.2727256417274475,0.0033978624269366264
epoch 388/500 over, loss_G,loss_D= 0.23272453248500824,0.003466783557087183
epoch 389/500 over, loss_G,loss_D= 0.35242772102355957,0.0034970217384397984
epoch 390/500 over, loss_G,loss_D= 0.2990869879722595,0.0030726648401468992
epoch 391/500 over, loss_G,loss_D= 0.2546650767326355,0.0034405733458697796
epoch 392/500 over, loss_G,loss_D= 0.2915153205394745,0.0035504503175616264
epoch 393/500 over, loss_G,loss_D= 1.157936453819275,0.0034853846300393343
epoch 394/500 over, loss_G,loss_D= 0.3303453326225281,0.0036775751505047083
epoch 395/500 over, loss_G,loss_D= 0.25323402881622314,0.0033528702333569527
epoch 396/500 over, loss_G,loss_D= 0.3152444362640381,0.003220801707357168
epoch 397/500 over, loss_G,loss_D= 0.2782999575138092,0.00312661100178957
epoch 398/500 over, loss_G,loss_D= 0.2712572515010834,0.0034602927044034004
epoch 399/500 over, loss_G,loss_D= 0.2905961573123932,0.003335578367114067
epoch 400/500 over, loss_G,loss_D= 0.2841971218585968,0.0034430664964020252
epoch 401/500 over, loss_G,loss_D= 0.2633364796638489,0.0033453330397605896
epoch 402/500 over, loss_G,loss_D= 0.2587912976741791,0.0031694425269961357
epoch 403/500 over, loss_G,loss_D= 0.24870657920837402,0.0035467164125293493
epoch 404/500 over, loss_G,loss_D= 0.4567177891731262,0.003355451626703143
epoch 405/500 over, loss_G,loss_D= 0.30853721499443054,0.0031968695111572742
epoch 406/500 over, loss_G,loss_D= 0.25219181180000305,0.003349989652633667
epoch 407/500 over, loss_G,loss_D= 0.30517861247062683,0.002964023733511567
epoch 408/500 over, loss_G,loss_D= 0.3473333418369293,0.0031185983680188656
epoch 409/500 over, loss_G,loss_D= 0.26344823837280273,0.003064964432269335
epoch 410/500 over, loss_G,loss_D= 0.28146371245384216,0.003350642044097185
epoch 411/500 over, loss_G,loss_D= 0.2833668887615204,0.0034601143561303616
epoch 412/500 over, loss_G,loss_D= 0.30958452820777893,0.0036388463340699673
epoch 413/500 over, loss_G,loss_D= 0.3207190930843353,0.0033775516785681248
epoch 414/500 over, loss_G,loss_D= 0.27884361147880554,0.003262501209974289
epoch 415/500 over, loss_G,loss_D= 0.24223767220973969,0.0033987099304795265
epoch 416/500 over, loss_G,loss_D= 0.26890796422958374,0.0028103524819016457
epoch 417/500 over, loss_G,loss_D= 0.29177165031433105,0.0033875652588903904
epoch 418/500 over, loss_G,loss_D= 0.25202476978302,0.0034837457351386547
epoch 419/500 over, loss_G,loss_D= 0.3512135446071625,0.003554253838956356
epoch 420/500 over, loss_G,loss_D= 0.2766960859298706,0.0035912145394831896
epoch 421/500 over, loss_G,loss_D= 0.3271835744380951,0.0034895436838269234
epoch 422/500 over, loss_G,loss_D= 0.2308468520641327,0.0031674294732511044
epoch 423/500 over, loss_G,loss_D= 0.2449488639831543,0.003081938251852989
epoch 424/500 over, loss_G,loss_D= 0.2865293323993683,0.00343552534468472
epoch 425/500 over, loss_G,loss_D= 0.251632958650589,0.0032379613257944584
epoch 426/500 over, loss_G,loss_D= 0.2773226797580719,0.0033723092637956142
epoch 427/500 over, loss_G,loss_D= 0.23706690967082977,0.0031562596559524536
epoch 428/500 over, loss_G,loss_D= 0.2542732059955597,0.0032894592732191086
epoch 429/500 over, loss_G,loss_D= 0.3100309371948242,0.0034661386162042618
epoch 430/500 over, loss_G,loss_D= 0.2900751531124115,0.003082280047237873
epoch 431/500 over, loss_G,loss_D= 0.31205064058303833,0.0032779336906969547
epoch 432/500 over, loss_G,loss_D= 0.26511964201927185,0.003476459067314863
epoch 433/500 over, loss_G,loss_D= 0.39669859409332275,0.0034340666607022285
epoch 434/500 over, loss_G,loss_D= 0.29478180408477783,0.0032547181472182274
epoch 435/500 over, loss_G,loss_D= 0.2975948452949524,0.0033307799603790045
epoch 436/500 over, loss_G,loss_D= 0.2729376554489136,0.0030190483666956425
epoch 437/500 over, loss_G,loss_D= 0.3079266846179962,0.0033911874052137136
epoch 438/500 over, loss_G,loss_D= 0.32307934761047363,0.0033788695000112057
epoch 439/500 over, loss_G,loss_D= 0.25625649094581604,0.003125841496512294
epoch 440/500 over, loss_G,loss_D= 13.107491493225098,24.951881408691406
epoch 441/500 over, loss_G,loss_D= 20.914230346679688,95.2410888671875
epoch 442/500 over, loss_G,loss_D= 25.698566436767578,231.58456420898438
epoch 443/500 over, loss_G,loss_D= 27.9356689453125,458.01641845703125
epoch 444/500 over, loss_G,loss_D= 29.821104049682617,800.91796875
epoch 445/500 over, loss_G,loss_D= 31.088804244995117,1287.6544189453125
epoch 446/500 over, loss_G,loss_D= 32.02392578125,1948.841064453125
epoch 447/500 over, loss_G,loss_D= 32.44822311401367,2814.3466796875
epoch 448/500 over, loss_G,loss_D= 32.6530647277832,3917.50537109375
epoch 449/500 over, loss_G,loss_D= 33.054176330566406,5294.6806640625
epoch 450/500 over, loss_G,loss_D= 33.266395568847656,6982.970703125
epoch 451/500 over, loss_G,loss_D= 33.468505859375,9021.734375
epoch 452/500 over, loss_G,loss_D= 33.656490325927734,11453.970703125
epoch 453/500 over, loss_G,loss_D= 33.73733901977539,14319.658203125
epoch 454/500 over, loss_G,loss_D= 33.95430374145508,17668.45703125
epoch 455/500 over, loss_G,loss_D= 34.02461624145508,21546.994140625
epoch 456/500 over, loss_G,loss_D= 33.906776428222656,25998.98828125
epoch 457/500 over, loss_G,loss_D= 34.23064041137695,31084.71875
epoch 458/500 over, loss_G,loss_D= 34.12929153442383,36846.609375
epoch 459/500 over, loss_G,loss_D= 34.22907638549805,43350.34375
epoch 460/500 over, loss_G,loss_D= 34.26669692993164,59501.8828125
epoch 461/500 over, loss_G,loss_D= 34.33444595336914,80379.96875
epoch 462/500 over, loss_G,loss_D= 34.47566604614258,106234.5859375
epoch 463/500 over, loss_G,loss_D= 34.515708923339844,137582.5
epoch 464/500 over, loss_G,loss_D= 34.51750564575195,175035.71875
epoch 465/500 over, loss_G,loss_D= 34.7086296081543,219278.046875
epoch 466/500 over, loss_G,loss_D= 34.59645080566406,271021.25
epoch 467/500 over, loss_G,loss_D= 34.63667678833008,331007.8125
epoch 468/500 over, loss_G,loss_D= 34.620689392089844,400013.0625
epoch 469/500 over, loss_G,loss_D= 34.78193283081055,478841.875
epoch 470/500 over, loss_G,loss_D= 34.590431213378906,568353.75
epoch 471/500 over, loss_G,loss_D= 34.835514068603516,669386.125
epoch 472/500 over, loss_G,loss_D= 34.82698059082031,782895.125
epoch 473/500 over, loss_G,loss_D= 34.72396469116211,909741.375
epoch 474/500 over, loss_G,loss_D= 34.944847106933594,1050931.25
epoch 475/500 over, loss_G,loss_D= 34.852447509765625,1207428.5
epoch 476/500 over, loss_G,loss_D= 34.85513687133789,1380298.75
epoch 477/500 over, loss_G,loss_D= 34.96845626831055,1570581.0
epoch 478/500 over, loss_G,loss_D= 34.99126434326172,1779375.0
epoch 479/500 over, loss_G,loss_D= 34.851985931396484,2007692.75
epoch 480/500 over, loss_G,loss_D= 34.918785095214844,2395605.0
epoch 481/500 over, loss_G,loss_D= 34.8608283996582,2842134.25
epoch 482/500 over, loss_G,loss_D= 34.8463020324707,3348126.0
epoch 483/500 over, loss_G,loss_D= 35.03248977661133,3917024.25
epoch 484/500 over, loss_G,loss_D= 35.04267501831055,4553380.0
epoch 485/500 over, loss_G,loss_D= 35.07919692993164,5261899.0
epoch 486/500 over, loss_G,loss_D= 35.018455505371094,6047780.0
epoch 487/500 over, loss_G,loss_D= 35.159671783447266,6915734.0
epoch 488/500 over, loss_G,loss_D= 34.93006896972656,7871142.5
epoch 489/500 over, loss_G,loss_D= 34.94635772705078,8920176.0
epoch 490/500 over, loss_G,loss_D= 35.246124267578125,10067480.0
epoch 491/500 over, loss_G,loss_D= 35.15858840942383,11319397.0
epoch 492/500 over, loss_G,loss_D= 35.17029571533203,12682056.0
epoch 493/500 over, loss_G,loss_D= 35.22593307495117,14160786.0
epoch 494/500 over, loss_G,loss_D= 35.04005432128906,15762678.0
epoch 495/500 over, loss_G,loss_D= 35.212066650390625,17493724.0
epoch 496/500 over, loss_G,loss_D= 35.23621368408203,19359616.0
epoch 497/500 over, loss_G,loss_D= 35.2588005065918,21370492.0
epoch 498/500 over, loss_G,loss_D= 35.017635345458984,23526880.0
epoch 499/500 over, loss_G,loss_D= 35.2210693359375,25841514.0
