nohup: ignoring input
Compose(
    <built-in function array>
    Lambda()
    ToTensor()
    <class 'torch.FloatTensor'>
    Normalize(mean=(0.5, 0.5, 0.5), std=(0.5, 0.5, 0.5))
)
epoch 120/500 over, loss_G,loss_D= 5.2824931144714355,0.8062084317207336
1.train_bodystick.py:41: UserWarning: To copy construct from a tensor, it is recommended to use sourceTensor.clone().detach() or sourceTensor.clone().detach().requires_grad_(True), rather than torch.tensor(sourceTensor).
  losses, out_img = big_model(torch.tensor(lbl_sample,dtype=torch.float32, device=torch.device('cuda:0'))
1.train_bodystick.py:42: UserWarning: To copy construct from a tensor, it is recommended to use sourceTensor.clone().detach() or sourceTensor.clone().detach().requires_grad_(True), rather than torch.tensor(sourceTensor).
  ,torch.tensor(in_img,dtype=torch.float32, device=torch.device('cuda:0'))
/opt/conda/lib/python3.7/site-packages/torch/nn/parallel/_functions.py:61: UserWarning: Was asked to gather along dimension 0, but all input tensors were scalars; will instead unsqueeze and return a vector.
  warnings.warn('Was asked to gather along dimension 0, but all '
epoch 121/500 over, loss_G,loss_D= 4.392658233642578,0.4393610954284668
epoch 122/500 over, loss_G,loss_D= 4.83616828918457,0.3551176190376282
epoch 123/500 over, loss_G,loss_D= 5.1079325675964355,0.2374589443206787
epoch 124/500 over, loss_G,loss_D= 5.498075008392334,0.1477975845336914
epoch 125/500 over, loss_G,loss_D= 5.111240386962891,0.3884269595146179
epoch 126/500 over, loss_G,loss_D= 4.967432022094727,0.3277862071990967
epoch 127/500 over, loss_G,loss_D= 5.24644660949707,0.19249506294727325
epoch 128/500 over, loss_G,loss_D= 4.859554767608643,0.28390026092529297
epoch 129/500 over, loss_G,loss_D= 5.381824016571045,0.21691232919692993
epoch 130/500 over, loss_G,loss_D= 4.430335521697998,0.3761660158634186
epoch 131/500 over, loss_G,loss_D= 5.138507843017578,0.1128576397895813
epoch 132/500 over, loss_G,loss_D= 5.468354225158691,0.15776515007019043
epoch 133/500 over, loss_G,loss_D= 5.547245025634766,0.05997729301452637
epoch 134/500 over, loss_G,loss_D= 5.2941107749938965,0.3011956214904785
epoch 135/500 over, loss_G,loss_D= 5.348552703857422,0.2777456045150757
epoch 136/500 over, loss_G,loss_D= 5.248751163482666,0.25794535875320435
epoch 137/500 over, loss_G,loss_D= 4.825478553771973,0.20703938603401184
epoch 138/500 over, loss_G,loss_D= 5.281085014343262,0.22047847509384155
epoch 139/500 over, loss_G,loss_D= 4.976224422454834,0.22428780794143677
epoch 140/500 over, loss_G,loss_D= 5.10883903503418,0.19341737031936646
epoch 141/500 over, loss_G,loss_D= 5.155126571655273,0.15420663356781006
epoch 142/500 over, loss_G,loss_D= 5.301084518432617,0.1310305893421173
epoch 143/500 over, loss_G,loss_D= 5.293704986572266,0.129891037940979
epoch 144/500 over, loss_G,loss_D= 5.364225387573242,0.06580682098865509
epoch 145/500 over, loss_G,loss_D= 5.032588958740234,0.15559335052967072
epoch 146/500 over, loss_G,loss_D= 4.866580009460449,0.1173538789153099
epoch 147/500 over, loss_G,loss_D= 4.617397785186768,0.33079439401626587
epoch 148/500 over, loss_G,loss_D= 5.123003959655762,0.13903817534446716
epoch 149/500 over, loss_G,loss_D= 4.644084930419922,0.3624396324157715
epoch 150/500 over, loss_G,loss_D= 5.13752555847168,0.09254597127437592
epoch 151/500 over, loss_G,loss_D= 4.814353942871094,0.27033668756484985
epoch 152/500 over, loss_G,loss_D= 5.2527570724487305,0.29184216260910034
epoch 153/500 over, loss_G,loss_D= 5.083774566650391,0.10804258286952972
epoch 154/500 over, loss_G,loss_D= 5.460722923278809,0.09157020598649979
epoch 155/500 over, loss_G,loss_D= 5.142657279968262,0.07020625472068787
epoch 156/500 over, loss_G,loss_D= 4.919394493103027,0.13707520067691803
epoch 157/500 over, loss_G,loss_D= 4.870257377624512,0.117301344871521
epoch 158/500 over, loss_G,loss_D= 4.846030235290527,0.10463294386863708
epoch 159/500 over, loss_G,loss_D= 4.1318254470825195,0.3301598131656647
epoch 160/500 over, loss_G,loss_D= 4.104438781738281,0.25255388021469116
epoch 161/500 over, loss_G,loss_D= 5.131054878234863,0.10286995023488998
epoch 162/500 over, loss_G,loss_D= 4.908809185028076,0.10247638821601868
epoch 163/500 over, loss_G,loss_D= 5.155659198760986,0.11696192622184753
epoch 164/500 over, loss_G,loss_D= 4.247432231903076,0.3223227858543396
epoch 165/500 over, loss_G,loss_D= 5.063071250915527,0.05144566297531128
epoch 166/500 over, loss_G,loss_D= 4.787500381469727,0.08221164345741272
epoch 167/500 over, loss_G,loss_D= 4.759328842163086,0.20145446062088013
epoch 168/500 over, loss_G,loss_D= 5.530885696411133,0.11644532531499863
epoch 169/500 over, loss_G,loss_D= 4.489316940307617,0.16307467222213745
epoch 170/500 over, loss_G,loss_D= 5.189396858215332,0.1425493359565735
epoch 171/500 over, loss_G,loss_D= 5.037884712219238,0.04235927760601044
epoch 172/500 over, loss_G,loss_D= 5.490749359130859,0.22702401876449585
epoch 173/500 over, loss_G,loss_D= 4.954987049102783,0.1227039322257042
epoch 174/500 over, loss_G,loss_D= 6.38831901550293,2.3121917247772217
epoch 175/500 over, loss_G,loss_D= 5.1727800369262695,0.05024103820323944
epoch 176/500 over, loss_G,loss_D= 4.7954254150390625,0.0707433819770813
epoch 177/500 over, loss_G,loss_D= 5.334449768066406,0.1428067982196808
epoch 178/500 over, loss_G,loss_D= 4.486212253570557,0.18505746126174927
epoch 179/500 over, loss_G,loss_D= 4.609029769897461,0.06937102973461151
epoch 180/500 over, loss_G,loss_D= 4.999359130859375,0.04735858738422394
epoch 181/500 over, loss_G,loss_D= 4.900580406188965,0.10329534858465195
epoch 182/500 over, loss_G,loss_D= 4.531974792480469,0.18115919828414917
epoch 183/500 over, loss_G,loss_D= 4.601957321166992,0.20738819241523743
epoch 184/500 over, loss_G,loss_D= 5.03972053527832,0.027209600433707237
epoch 185/500 over, loss_G,loss_D= 4.664060115814209,0.19363687932491302
epoch 186/500 over, loss_G,loss_D= 5.192206859588623,0.07286924123764038
epoch 187/500 over, loss_G,loss_D= 4.411257266998291,0.12540070712566376
epoch 188/500 over, loss_G,loss_D= 5.0269598960876465,0.013596243225038052
epoch 189/500 over, loss_G,loss_D= 4.9382758140563965,0.13007661700248718
epoch 190/500 over, loss_G,loss_D= 4.832128047943115,0.028517048805952072
epoch 191/500 over, loss_G,loss_D= 4.713630676269531,0.07288007438182831
epoch 192/500 over, loss_G,loss_D= 4.231088161468506,0.3120337128639221
epoch 193/500 over, loss_G,loss_D= 4.937398433685303,0.055151645094156265
epoch 194/500 over, loss_G,loss_D= 4.623856544494629,0.2911376655101776
epoch 195/500 over, loss_G,loss_D= 5.351324081420898,0.03300420194864273
epoch 196/500 over, loss_G,loss_D= 5.113833904266357,0.04924267530441284
epoch 197/500 over, loss_G,loss_D= 4.725852012634277,0.05177883803844452
epoch 198/500 over, loss_G,loss_D= 5.310344696044922,0.06688578426837921
epoch 199/500 over, loss_G,loss_D= 4.996187210083008,0.06213501840829849
epoch 200/500 over, loss_G,loss_D= 4.842259407043457,0.036754123866558075
epoch 201/500 over, loss_G,loss_D= 4.596226215362549,0.09701919555664062
epoch 202/500 over, loss_G,loss_D= 4.80660343170166,0.016468238085508347
epoch 203/500 over, loss_G,loss_D= 4.619651794433594,0.08787049353122711
epoch 204/500 over, loss_G,loss_D= 4.533630847930908,0.07119710743427277
epoch 205/500 over, loss_G,loss_D= 4.964495658874512,0.05802479386329651
epoch 206/500 over, loss_G,loss_D= 5.0565571784973145,0.09690872579813004
epoch 207/500 over, loss_G,loss_D= 5.086754322052002,0.05253458023071289
epoch 208/500 over, loss_G,loss_D= 5.088242530822754,0.027054978534579277
epoch 209/500 over, loss_G,loss_D= 4.829431056976318,0.07399319112300873
epoch 210/500 over, loss_G,loss_D= 4.706050872802734,0.09485193341970444
epoch 211/500 over, loss_G,loss_D= 4.962409973144531,0.017589816823601723
epoch 212/500 over, loss_G,loss_D= 5.395265579223633,0.11746890842914581
epoch 213/500 over, loss_G,loss_D= 4.412705421447754,0.18305771052837372
epoch 214/500 over, loss_G,loss_D= 4.978168487548828,0.07186895608901978
epoch 215/500 over, loss_G,loss_D= 5.316257476806641,0.06762771308422089
epoch 216/500 over, loss_G,loss_D= 4.756807804107666,0.08036336302757263
epoch 217/500 over, loss_G,loss_D= 4.764246940612793,0.21891051530838013
epoch 218/500 over, loss_G,loss_D= 4.903815269470215,0.05071776732802391
epoch 219/500 over, loss_G,loss_D= 4.622811794281006,0.10189476609230042
epoch 220/500 over, loss_G,loss_D= 4.973514080047607,0.026871196925640106
epoch 221/500 over, loss_G,loss_D= 4.4375786781311035,0.09462419897317886
epoch 222/500 over, loss_G,loss_D= 4.924927711486816,0.061411045491695404
epoch 223/500 over, loss_G,loss_D= 4.9383158683776855,0.04318348318338394
epoch 224/500 over, loss_G,loss_D= 5.295219421386719,0.04340614750981331
epoch 225/500 over, loss_G,loss_D= 5.06427526473999,0.05820965766906738
<<<<<<< HEAD
epoch 226/500 over, loss_G,loss_D= 4.5436506271362305,0.12956392765045166
epoch 227/500 over, loss_G,loss_D= 4.903441429138184,0.07075148820877075
epoch 228/500 over, loss_G,loss_D= 4.517759799957275,0.07970847189426422
epoch 229/500 over, loss_G,loss_D= 4.782759666442871,0.04969494789838791
epoch 230/500 over, loss_G,loss_D= 4.06785774230957,0.15394705533981323
epoch 231/500 over, loss_G,loss_D= 5.254368782043457,0.0418977290391922
epoch 232/500 over, loss_G,loss_D= 4.621932506561279,0.0735185369849205
epoch 233/500 over, loss_G,loss_D= 4.896059989929199,0.01776696927845478
epoch 234/500 over, loss_G,loss_D= 4.670263290405273,0.08637169003486633
epoch 235/500 over, loss_G,loss_D= 5.7792158126831055,0.2122213989496231
epoch 236/500 over, loss_G,loss_D= 4.584267616271973,0.17883741855621338
epoch 237/500 over, loss_G,loss_D= 4.716268539428711,0.1326999068260193
epoch 238/500 over, loss_G,loss_D= 4.690648555755615,0.05001305788755417
epoch 239/500 over, loss_G,loss_D= 4.908403396606445,0.0647745430469513
epoch 240/500 over, loss_G,loss_D= 4.732215404510498,0.09400588274002075
epoch 241/500 over, loss_G,loss_D= 4.609201431274414,0.1179136335849762
epoch 242/500 over, loss_G,loss_D= 4.217889785766602,0.13578291237354279
epoch 243/500 over, loss_G,loss_D= 4.521271705627441,0.1450502723455429
epoch 244/500 over, loss_G,loss_D= 4.945633888244629,0.025405747815966606
epoch 245/500 over, loss_G,loss_D= 4.845787048339844,0.0894286036491394
epoch 246/500 over, loss_G,loss_D= 4.07838249206543,0.18746896088123322
epoch 247/500 over, loss_G,loss_D= 4.515639305114746,0.12420654296875
epoch 248/500 over, loss_G,loss_D= 4.622398853302002,0.03265254572033882
epoch 249/500 over, loss_G,loss_D= 3.9753074645996094,0.23696741461753845
epoch 250/500 over, loss_G,loss_D= 4.553524017333984,0.12416616082191467
epoch 251/500 over, loss_G,loss_D= 4.686707496643066,0.11005265265703201
epoch 252/500 over, loss_G,loss_D= 4.7803144454956055,0.0458114892244339
epoch 253/500 over, loss_G,loss_D= 4.919958114624023,0.05230095982551575
epoch 254/500 over, loss_G,loss_D= 4.873506546020508,0.13647432625293732
epoch 255/500 over, loss_G,loss_D= 4.688312530517578,0.04469624161720276
epoch 256/500 over, loss_G,loss_D= 4.865486145019531,0.053979698568582535
epoch 257/500 over, loss_G,loss_D= 4.487987518310547,0.057932764291763306
epoch 258/500 over, loss_G,loss_D= 4.4003777503967285,0.020378556102514267
epoch 259/500 over, loss_G,loss_D= 4.763363838195801,0.010934101417660713
epoch 260/500 over, loss_G,loss_D= 4.400576114654541,0.11988727748394012
epoch 261/500 over, loss_G,loss_D= 4.319118499755859,0.1547488421201706
epoch 262/500 over, loss_G,loss_D= 4.576272010803223,0.052592821419239044
epoch 263/500 over, loss_G,loss_D= 4.171139717102051,0.08847889304161072
epoch 264/500 over, loss_G,loss_D= 4.661659240722656,0.012617741711437702
epoch 265/500 over, loss_G,loss_D= 4.81575345993042,0.016229115426540375
epoch 266/500 over, loss_G,loss_D= 4.680942535400391,0.042566921561956406
epoch 267/500 over, loss_G,loss_D= 5.225788116455078,0.029692690819501877
epoch 268/500 over, loss_G,loss_D= 4.358293056488037,0.16986976563930511
epoch 269/500 over, loss_G,loss_D= 5.086452960968018,0.0317373052239418
epoch 270/500 over, loss_G,loss_D= 4.488314628601074,0.05732345953583717
epoch 271/500 over, loss_G,loss_D= 4.7669901847839355,0.02499280869960785
epoch 272/500 over, loss_G,loss_D= 4.4906005859375,0.04830702394247055
epoch 273/500 over, loss_G,loss_D= 4.903960704803467,0.18050441145896912
epoch 274/500 over, loss_G,loss_D= 4.447856903076172,0.04067252576351166
epoch 275/500 over, loss_G,loss_D= 4.203985214233398,0.08422233164310455
epoch 276/500 over, loss_G,loss_D= 4.6193718910217285,0.0722380131483078
epoch 277/500 over, loss_G,loss_D= 4.442150115966797,0.13224443793296814
epoch 278/500 over, loss_G,loss_D= 4.508697509765625,0.16538548469543457
epoch 279/500 over, loss_G,loss_D= 4.631422996520996,0.02330927923321724
epoch 280/500 over, loss_G,loss_D= 3.840895414352417,0.2750711441040039
epoch 281/500 over, loss_G,loss_D= 4.199861526489258,0.2555958926677704
epoch 282/500 over, loss_G,loss_D= 4.262153625488281,0.21449659764766693
epoch 283/500 over, loss_G,loss_D= 4.159333229064941,0.25027763843536377
epoch 284/500 over, loss_G,loss_D= 4.254501819610596,0.15735526382923126
epoch 285/500 over, loss_G,loss_D= 4.664493083953857,0.06176185607910156
epoch 286/500 over, loss_G,loss_D= 4.562726020812988,0.12868139147758484
epoch 287/500 over, loss_G,loss_D= 4.855584621429443,0.17476992309093475
epoch 288/500 over, loss_G,loss_D= 4.400352478027344,0.15308575332164764
epoch 289/500 over, loss_G,loss_D= 4.412829399108887,0.07249264419078827
epoch 290/500 over, loss_G,loss_D= 4.336840629577637,0.05873618274927139
epoch 291/500 over, loss_G,loss_D= 4.231103897094727,0.12146548926830292
epoch 292/500 over, loss_G,loss_D= 4.46215295791626,0.10527390986680984
epoch 293/500 over, loss_G,loss_D= 4.33771276473999,0.05818959325551987
epoch 294/500 over, loss_G,loss_D= 4.583685874938965,0.04924119636416435
epoch 295/500 over, loss_G,loss_D= 4.818695068359375,0.23404169082641602
epoch 296/500 over, loss_G,loss_D= 4.564123153686523,0.027235329151153564
epoch 297/500 over, loss_G,loss_D= 4.325083255767822,0.04067295417189598
epoch 298/500 over, loss_G,loss_D= 4.521733283996582,0.06138551980257034
epoch 299/500 over, loss_G,loss_D= 4.473884582519531,0.0450507253408432
epoch 300/500 over, loss_G,loss_D= 4.114484786987305,0.2323949635028839
epoch 301/500 over, loss_G,loss_D= 4.167037487030029,0.05211799591779709
epoch 302/500 over, loss_G,loss_D= 4.188265800476074,0.11029750108718872
epoch 303/500 over, loss_G,loss_D= 4.553797721862793,0.03358691558241844
epoch 304/500 over, loss_G,loss_D= 4.527009010314941,0.0805591493844986
epoch 305/500 over, loss_G,loss_D= 4.4481353759765625,0.050451863557100296
epoch 306/500 over, loss_G,loss_D= 4.540829658508301,0.06158804893493652
epoch 307/500 over, loss_G,loss_D= 4.313335418701172,0.051643289625644684
epoch 308/500 over, loss_G,loss_D= 4.1113057136535645,0.11324673891067505
epoch 309/500 over, loss_G,loss_D= 4.407931804656982,0.10479400306940079
epoch 310/500 over, loss_G,loss_D= 4.117053985595703,0.03403075039386749
epoch 311/500 over, loss_G,loss_D= 4.44797420501709,0.04954008758068085
epoch 312/500 over, loss_G,loss_D= 4.4140424728393555,0.014386084862053394
epoch 313/500 over, loss_G,loss_D= 4.750411033630371,0.04214342311024666
epoch 314/500 over, loss_G,loss_D= 4.641852378845215,0.01802818477153778
epoch 315/500 over, loss_G,loss_D= 4.464578628540039,0.06993412971496582
epoch 316/500 over, loss_G,loss_D= 4.654457092285156,0.021006934344768524
epoch 317/500 over, loss_G,loss_D= 4.740106582641602,0.03548404201865196
epoch 318/500 over, loss_G,loss_D= 4.5334343910217285,0.06959535926580429
epoch 319/500 over, loss_G,loss_D= 4.4755964279174805,0.03705654665827751
epoch 320/500 over, loss_G,loss_D= 4.291615962982178,0.05622047558426857
epoch 321/500 over, loss_G,loss_D= 4.3468475341796875,0.032405272126197815
epoch 322/500 over, loss_G,loss_D= 3.9363956451416016,0.22442957758903503
epoch 323/500 over, loss_G,loss_D= 4.282244682312012,0.13916225731372833
epoch 324/500 over, loss_G,loss_D= 4.439412593841553,0.05070763826370239
epoch 325/500 over, loss_G,loss_D= 4.7831573486328125,0.03879382088780403
epoch 326/500 over, loss_G,loss_D= 4.315004825592041,0.08698417991399765
epoch 327/500 over, loss_G,loss_D= 4.071613311767578,0.08912955224514008
epoch 328/500 over, loss_G,loss_D= 4.686184883117676,0.14616504311561584
epoch 329/500 over, loss_G,loss_D= 4.457531929016113,0.07444250583648682
epoch 330/500 over, loss_G,loss_D= 4.72762393951416,0.05077628046274185
epoch 331/500 over, loss_G,loss_D= 4.30826473236084,0.15857180953025818
epoch 332/500 over, loss_G,loss_D= 4.445282936096191,0.04652857407927513
epoch 333/500 over, loss_G,loss_D= 4.33070182800293,0.04823862016201019
epoch 334/500 over, loss_G,loss_D= 4.382025718688965,0.13079096376895905
epoch 335/500 over, loss_G,loss_D= 4.677486419677734,0.07314511388540268
epoch 336/500 over, loss_G,loss_D= 4.370770454406738,0.016581162810325623
epoch 337/500 over, loss_G,loss_D= 4.156462669372559,0.09326253831386566
epoch 338/500 over, loss_G,loss_D= 4.199311256408691,0.03500933200120926
epoch 339/500 over, loss_G,loss_D= 4.535501003265381,0.02499457448720932
epoch 340/500 over, loss_G,loss_D= 4.416303634643555,0.018152747303247452
epoch 341/500 over, loss_G,loss_D= 4.8511762619018555,0.05593594163656235
epoch 342/500 over, loss_G,loss_D= 4.184308052062988,0.03937406465411186
epoch 343/500 over, loss_G,loss_D= 4.0788750648498535,0.10491983592510223
epoch 344/500 over, loss_G,loss_D= 4.161640167236328,0.06574854999780655
epoch 345/500 over, loss_G,loss_D= 4.443166255950928,0.0556887686252594
epoch 346/500 over, loss_G,loss_D= 4.728505611419678,0.034816522151231766
epoch 347/500 over, loss_G,loss_D= 4.238597869873047,0.04901907220482826
epoch 348/500 over, loss_G,loss_D= 4.380589485168457,0.014572431333363056
epoch 349/500 over, loss_G,loss_D= 4.287379264831543,0.21262338757514954
epoch 350/500 over, loss_G,loss_D= 4.166431427001953,0.07200852036476135
epoch 351/500 over, loss_G,loss_D= 4.289852619171143,0.024637946859002113
epoch 352/500 over, loss_G,loss_D= 4.430562973022461,0.030851656571030617
epoch 353/500 over, loss_G,loss_D= 4.149609088897705,0.05195755511522293
epoch 354/500 over, loss_G,loss_D= 4.426952362060547,0.10325586050748825
epoch 355/500 over, loss_G,loss_D= 4.459516525268555,0.07421240955591202
epoch 356/500 over, loss_G,loss_D= 4.116673469543457,0.07090448588132858
epoch 357/500 over, loss_G,loss_D= 4.147503852844238,0.05557023733854294
epoch 358/500 over, loss_G,loss_D= 4.210110187530518,0.11180979758501053
epoch 359/500 over, loss_G,loss_D= 4.04128885269165,0.09956838190555573
epoch 360/500 over, loss_G,loss_D= 4.561348915100098,0.015760648995637894
epoch 361/500 over, loss_G,loss_D= 4.319311141967773,0.031389012932777405
epoch 362/500 over, loss_G,loss_D= 4.240053176879883,0.10556714981794357
epoch 363/500 over, loss_G,loss_D= 4.227805137634277,0.010850121267139912
epoch 364/500 over, loss_G,loss_D= 4.384456634521484,0.7231605648994446
epoch 365/500 over, loss_G,loss_D= 4.772546768188477,0.13889990746974945
epoch 366/500 over, loss_G,loss_D= 3.5313236713409424,0.28649410605430603
=======
>>>>>>> 72dfc472d73fe993ea067735b47f10c67b2b0a65
