nohup: ignoring input
2
Compose(
    Lambda()
    ToTensor()
    <class 'torch.FloatTensor'>
    Normalize(mean=(0.5, 0.5, 0.5), std=(0.5, 0.5, 0.5))
)
128
256
epoch 0/500 over, loss_G,loss_D= 2.202789068222046,0.0037732524797320366
3_0.train_face.py:44: UserWarning: To copy construct from a tensor, it is recommended to use sourceTensor.clone().detach() or sourceTensor.clone().detach().requires_grad_(True), rather than torch.tensor(sourceTensor).
  losses, out_img = big_model(torch.tensor(head_mtx, device=torch.device('cuda:0'))
3_0.train_face.py:45: UserWarning: To copy construct from a tensor, it is recommended to use sourceTensor.clone().detach() or sourceTensor.clone().detach().requires_grad_(True), rather than torch.tensor(sourceTensor).
  ,torch.tensor(in_img, device=torch.device('cuda:0'))
3_0.train_face.py:46: UserWarning: To copy construct from a tensor, it is recommended to use sourceTensor.clone().detach() or sourceTensor.clone().detach().requires_grad_(True), rather than torch.tensor(sourceTensor).
  ,torch.tensor(tgt_img, device=torch.device('cuda:0')), infer=False)
/opt/conda/lib/python3.7/site-packages/torch/nn/parallel/_functions.py:61: UserWarning: Was asked to gather along dimension 0, but all input tensors were scalars; will instead unsqueeze and return a vector.
  warnings.warn('Was asked to gather along dimension 0, but all '
epoch 1/500 over, loss_G,loss_D= 2.1408939361572266,0.0038155117072165012
epoch 2/500 over, loss_G,loss_D= 2.576497793197632,0.0031329954508692026
epoch 3/500 over, loss_G,loss_D= 2.044067859649658,0.003444718662649393
epoch 4/500 over, loss_G,loss_D= 2.4398269653320312,0.0031251180917024612
epoch 5/500 over, loss_G,loss_D= 2.1764369010925293,0.003659588284790516
epoch 6/500 over, loss_G,loss_D= 1.9411859512329102,0.003601402509957552
epoch 7/500 over, loss_G,loss_D= 1.6264305114746094,0.0035412113647907972
epoch 8/500 over, loss_G,loss_D= 2.138296604156494,0.0035094358026981354
epoch 9/500 over, loss_G,loss_D= 1.6333301067352295,0.003937762230634689
epoch 10/500 over, loss_G,loss_D= 2.0358712673187256,0.003549212822690606
epoch 11/500 over, loss_G,loss_D= 1.795688271522522,0.0038263006135821342
epoch 12/500 over, loss_G,loss_D= 1.6245678663253784,0.003530636429786682
epoch 13/500 over, loss_G,loss_D= 2.158909797668457,0.003542795078828931
epoch 14/500 over, loss_G,loss_D= 1.4469367265701294,0.0031721126288175583
epoch 15/500 over, loss_G,loss_D= 1.4424877166748047,0.003304686164483428
epoch 16/500 over, loss_G,loss_D= 1.7063976526260376,0.0031241518445312977
epoch 17/500 over, loss_G,loss_D= 1.2932586669921875,0.003622639924287796
epoch 18/500 over, loss_G,loss_D= 1.4938106536865234,0.0036152713000774384
epoch 19/500 over, loss_G,loss_D= 1.6469640731811523,0.0037649041041731834
epoch 20/500 over, loss_G,loss_D= 1.7298200130462646,0.0035341805778443813
epoch 21/500 over, loss_G,loss_D= 1.3521722555160522,0.0031930524855852127
epoch 22/500 over, loss_G,loss_D= 1.6043715476989746,0.0035258259158581495
epoch 23/500 over, loss_G,loss_D= 1.5141828060150146,0.0034397689159959555
epoch 24/500 over, loss_G,loss_D= 1.4725148677825928,0.003423003712669015
epoch 25/500 over, loss_G,loss_D= 1.4776461124420166,0.003283865749835968
epoch 26/500 over, loss_G,loss_D= 1.614806056022644,0.0029573640786111355
epoch 27/500 over, loss_G,loss_D= 1.4083706140518188,0.003300912445411086
epoch 28/500 over, loss_G,loss_D= 1.4081056118011475,0.003461853601038456
epoch 29/500 over, loss_G,loss_D= 1.3867179155349731,0.0034326105378568172
epoch 30/500 over, loss_G,loss_D= 1.4123244285583496,0.003303809091448784
epoch 31/500 over, loss_G,loss_D= 1.680633306503296,0.00330266822129488
epoch 32/500 over, loss_G,loss_D= 1.1081771850585938,0.0033377076033502817
epoch 33/500 over, loss_G,loss_D= 1.437963604927063,0.003600585274398327
epoch 34/500 over, loss_G,loss_D= 1.2337148189544678,0.003671656595543027
epoch 35/500 over, loss_G,loss_D= 1.494909644126892,0.0034235818311572075
epoch 36/500 over, loss_G,loss_D= 1.4592660665512085,0.003312352579087019
epoch 37/500 over, loss_G,loss_D= 1.4367444515228271,0.003606208600103855
epoch 38/500 over, loss_G,loss_D= 1.4034608602523804,0.0034440788440406322
epoch 39/500 over, loss_G,loss_D= 1.38260817527771,0.003303194185718894
epoch 40/500 over, loss_G,loss_D= 1.2702915668487549,0.003680401248857379
epoch 41/500 over, loss_G,loss_D= 1.339564561843872,0.003696718718856573
epoch 42/500 over, loss_G,loss_D= 1.2496438026428223,0.003469215240329504
epoch 43/500 over, loss_G,loss_D= 0.9993219375610352,0.003494619159027934
epoch 44/500 over, loss_G,loss_D= 1.8007382154464722,0.003550625406205654
epoch 45/500 over, loss_G,loss_D= 1.2038167715072632,0.003417428582906723
epoch 46/500 over, loss_G,loss_D= 1.2958070039749146,0.003421531291678548
epoch 47/500 over, loss_G,loss_D= 1.3251510858535767,0.003323993179947138
epoch 48/500 over, loss_G,loss_D= 1.2218539714813232,0.0036990586668252945
epoch 49/500 over, loss_G,loss_D= 1.4044617414474487,0.003910547122359276
epoch 50/500 over, loss_G,loss_D= 1.2185883522033691,0.003362667514011264
epoch 51/500 over, loss_G,loss_D= 1.2146422863006592,0.0031212647445499897
epoch 52/500 over, loss_G,loss_D= 1.1610053777694702,0.0033577466383576393
epoch 53/500 over, loss_G,loss_D= 0.9794284701347351,0.003790367627516389
epoch 54/500 over, loss_G,loss_D= 1.2680832147598267,0.0036365040577948093
epoch 55/500 over, loss_G,loss_D= 1.1583939790725708,0.0035500223748385906
epoch 56/500 over, loss_G,loss_D= 1.3603730201721191,0.003438198007643223
epoch 57/500 over, loss_G,loss_D= 1.2714176177978516,0.0037911119870841503
epoch 58/500 over, loss_G,loss_D= 1.0374815464019775,0.003417274449020624
epoch 59/500 over, loss_G,loss_D= 1.3210638761520386,0.0036471288185566664
epoch 60/500 over, loss_G,loss_D= 1.1527259349822998,0.00315430318005383
epoch 61/500 over, loss_G,loss_D= 0.8646837472915649,0.0034288079477846622
epoch 62/500 over, loss_G,loss_D= 1.0143789052963257,0.0032684719190001488
epoch 63/500 over, loss_G,loss_D= 1.2276701927185059,0.003204015549272299
epoch 64/500 over, loss_G,loss_D= 1.3503496646881104,0.0033643709030002356
epoch 65/500 over, loss_G,loss_D= 0.9964085221290588,0.003573142923414707
epoch 66/500 over, loss_G,loss_D= 0.876062273979187,0.0028578031342476606
epoch 67/500 over, loss_G,loss_D= 0.9815542101860046,0.0029648644849658012
epoch 68/500 over, loss_G,loss_D= 1.2300440073013306,0.0028702556155622005
epoch 69/500 over, loss_G,loss_D= 1.342811107635498,0.0032065403647720814
epoch 70/500 over, loss_G,loss_D= 1.2141655683517456,0.003155296901240945
epoch 71/500 over, loss_G,loss_D= 1.2990810871124268,0.003455219091847539
epoch 72/500 over, loss_G,loss_D= 1.3000993728637695,0.003154331585392356
epoch 73/500 over, loss_G,loss_D= 1.081563949584961,0.0036183632910251617
epoch 74/500 over, loss_G,loss_D= 1.214398741722107,0.0031497799791395664
epoch 75/500 over, loss_G,loss_D= 1.2320425510406494,0.003193824551999569
epoch 76/500 over, loss_G,loss_D= 1.0225318670272827,0.003423131536692381
epoch 77/500 over, loss_G,loss_D= 1.0591683387756348,0.003557195421308279
epoch 78/500 over, loss_G,loss_D= 1.3067675828933716,0.0034870291128754616
epoch 79/500 over, loss_G,loss_D= 1.1347804069519043,0.0034772607032209635
epoch 80/500 over, loss_G,loss_D= 1.029754400253296,0.003369639627635479
epoch 81/500 over, loss_G,loss_D= 0.8738987445831299,0.0033688775729388
epoch 82/500 over, loss_G,loss_D= 1.0351123809814453,0.003512725932523608
epoch 83/500 over, loss_G,loss_D= 1.2347220182418823,0.0030956945847719908
epoch 84/500 over, loss_G,loss_D= 1.2160049676895142,0.0032514201011508703
epoch 85/500 over, loss_G,loss_D= 1.182241439819336,0.0034621628001332283
epoch 86/500 over, loss_G,loss_D= 1.2314561605453491,0.0033679399639368057
epoch 87/500 over, loss_G,loss_D= 1.1089887619018555,0.0035871900618076324
epoch 88/500 over, loss_G,loss_D= 0.9111777544021606,0.003231544978916645
epoch 89/500 over, loss_G,loss_D= 0.9706043004989624,0.003298563417047262
epoch 90/500 over, loss_G,loss_D= 0.9334359169006348,0.0033689201809465885
epoch 91/500 over, loss_G,loss_D= 0.9872010946273804,0.003320431336760521
epoch 92/500 over, loss_G,loss_D= 0.8908605575561523,0.0035899095237255096
epoch 93/500 over, loss_G,loss_D= 1.060786247253418,0.0034895995631814003
epoch 94/500 over, loss_G,loss_D= 0.8620986342430115,0.003751962911337614
epoch 95/500 over, loss_G,loss_D= 1.068967342376709,0.0033387276344001293
epoch 96/500 over, loss_G,loss_D= 0.9505129456520081,0.0036682970821857452
epoch 97/500 over, loss_G,loss_D= 1.1697505712509155,0.003918110392987728
epoch 98/500 over, loss_G,loss_D= 0.9544307589530945,0.0032618038821965456
epoch 99/500 over, loss_G,loss_D= 0.990586519241333,0.003165164962410927
epoch 100/500 over, loss_G,loss_D= 0.9396767616271973,0.0035151485353708267
epoch 101/500 over, loss_G,loss_D= 0.9798303246498108,0.0034364054445177317
epoch 102/500 over, loss_G,loss_D= 1.14580237865448,0.003234779927879572
epoch 103/500 over, loss_G,loss_D= 1.0853546857833862,0.003373515559360385
epoch 104/500 over, loss_G,loss_D= 1.018198847770691,0.002952743321657181
epoch 105/500 over, loss_G,loss_D= 1.1268030405044556,0.003336849855259061
epoch 106/500 over, loss_G,loss_D= 0.8703827857971191,0.0030945378821343184
epoch 107/500 over, loss_G,loss_D= 1.0085477828979492,0.003595125861465931
epoch 108/500 over, loss_G,loss_D= 0.9590015411376953,0.00332485674880445
epoch 109/500 over, loss_G,loss_D= 0.8809714913368225,0.00329390587285161
epoch 110/500 over, loss_G,loss_D= 0.8374351859092712,0.003612891072407365
epoch 111/500 over, loss_G,loss_D= 1.1317723989486694,0.0031401831656694412
epoch 112/500 over, loss_G,loss_D= 0.9215331673622131,0.003522259648889303
epoch 113/500 over, loss_G,loss_D= 1.0721406936645508,0.003360599046573043
epoch 114/500 over, loss_G,loss_D= 0.8975375294685364,0.0034573026932775974
epoch 115/500 over, loss_G,loss_D= 1.0201555490493774,0.0033909110352396965
epoch 116/500 over, loss_G,loss_D= 0.8853980302810669,0.003367125755175948
epoch 117/500 over, loss_G,loss_D= 1.0939446687698364,0.0032454729080200195
epoch 118/500 over, loss_G,loss_D= 0.8494712114334106,0.003229063004255295
epoch 119/500 over, loss_G,loss_D= 0.9058740139007568,0.0036362032406032085
epoch 120/500 over, loss_G,loss_D= 0.8788641095161438,0.0036450920160859823
epoch 121/500 over, loss_G,loss_D= 0.8955892324447632,0.0034324489533901215
epoch 122/500 over, loss_G,loss_D= 0.834753155708313,0.0030650170519948006
epoch 123/500 over, loss_G,loss_D= 0.9629518389701843,0.003806665074080229
epoch 124/500 over, loss_G,loss_D= 0.9431512355804443,0.003515037940815091
epoch 125/500 over, loss_G,loss_D= 0.8610633611679077,0.0033454522490501404
epoch 126/500 over, loss_G,loss_D= 0.9453409314155579,0.0035295640118420124
epoch 127/500 over, loss_G,loss_D= 0.8831710815429688,0.0033199377357959747
epoch 128/500 over, loss_G,loss_D= 0.9821344017982483,0.003458521794527769
epoch 129/500 over, loss_G,loss_D= 0.8215944170951843,0.002812345512211323
epoch 130/500 over, loss_G,loss_D= 0.9531069397926331,0.00352104427292943
epoch 131/500 over, loss_G,loss_D= 0.9072100520133972,0.0036204408388584852
epoch 132/500 over, loss_G,loss_D= 0.8295327425003052,0.003538464428856969
epoch 133/500 over, loss_G,loss_D= 0.8315030336380005,0.0031442854087799788
epoch 134/500 over, loss_G,loss_D= 0.9332951903343201,0.00324685825034976
epoch 135/500 over, loss_G,loss_D= 0.8134242296218872,0.003452656092122197
epoch 136/500 over, loss_G,loss_D= 0.8481126427650452,0.003322466742247343
epoch 137/500 over, loss_G,loss_D= 0.8457123637199402,0.003580058692023158
epoch 138/500 over, loss_G,loss_D= 0.8051113486289978,0.0029888148419559
epoch 139/500 over, loss_G,loss_D= 0.9811348915100098,0.003336956026032567
epoch 140/500 over, loss_G,loss_D= 0.8258083462715149,0.0032336190342903137
epoch 141/500 over, loss_G,loss_D= 0.7916104197502136,0.0032859649509191513
epoch 142/500 over, loss_G,loss_D= 0.8940697312355042,0.0031085603404790163
epoch 143/500 over, loss_G,loss_D= 0.8282605409622192,0.003081442089751363
epoch 144/500 over, loss_G,loss_D= 0.828177809715271,0.003292877459898591
epoch 145/500 over, loss_G,loss_D= 0.9378166198730469,0.00335525325499475
epoch 146/500 over, loss_G,loss_D= 0.8439447283744812,0.0033303555101156235
epoch 147/500 over, loss_G,loss_D= 0.8468824028968811,0.003500142600387335
epoch 148/500 over, loss_G,loss_D= 0.8784864544868469,0.002982444129884243
epoch 149/500 over, loss_G,loss_D= 0.8416635394096375,0.0033149002119898796
epoch 150/500 over, loss_G,loss_D= 0.8351796269416809,0.003526079934090376
epoch 151/500 over, loss_G,loss_D= 0.7838021516799927,0.003281051991507411
epoch 152/500 over, loss_G,loss_D= 0.6897159814834595,0.0037330100312829018
epoch 153/500 over, loss_G,loss_D= 0.7577301859855652,0.003301626071333885
epoch 154/500 over, loss_G,loss_D= 0.9317270517349243,0.003560718847438693
epoch 155/500 over, loss_G,loss_D= 0.6788787245750427,0.003934924956411123
epoch 156/500 over, loss_G,loss_D= 0.8510335087776184,0.003007845487445593
epoch 157/500 over, loss_G,loss_D= 1.0282917022705078,0.0033118068240582943
epoch 158/500 over, loss_G,loss_D= 0.7432905435562134,0.003251838032156229
epoch 159/500 over, loss_G,loss_D= 0.8650873899459839,0.003538798773661256
epoch 160/500 over, loss_G,loss_D= 1.2135809659957886,0.003327749902382493
epoch 161/500 over, loss_G,loss_D= 0.7184816598892212,0.003418878186494112
epoch 162/500 over, loss_G,loss_D= 0.8450937271118164,0.0037148380652070045
epoch 163/500 over, loss_G,loss_D= 0.9126290678977966,0.003473155200481415
epoch 164/500 over, loss_G,loss_D= 0.9078088402748108,0.003404346527531743
epoch 165/500 over, loss_G,loss_D= 0.8559500575065613,0.003463958390057087
epoch 166/500 over, loss_G,loss_D= 0.80307537317276,0.003147503826767206
epoch 167/500 over, loss_G,loss_D= 0.8707965016365051,0.0031824896577745676
epoch 168/500 over, loss_G,loss_D= 0.8146108388900757,0.002983235288411379
epoch 169/500 over, loss_G,loss_D= 0.818780243396759,0.0031487741507589817
epoch 170/500 over, loss_G,loss_D= 0.8706760406494141,0.0038333723787218332
epoch 171/500 over, loss_G,loss_D= 0.9321117401123047,0.00341969495639205
epoch 172/500 over, loss_G,loss_D= 0.8568823337554932,0.003260348690673709
epoch 173/500 over, loss_G,loss_D= 0.9359005689620972,0.00362757476978004
epoch 174/500 over, loss_G,loss_D= 0.7094375491142273,0.0032104142010211945
epoch 175/500 over, loss_G,loss_D= 0.9281333684921265,0.0033105905167758465
epoch 176/500 over, loss_G,loss_D= 0.7382920980453491,0.003097860375419259
epoch 177/500 over, loss_G,loss_D= 0.7574389576911926,0.0029891682788729668
epoch 178/500 over, loss_G,loss_D= 0.807282030582428,0.0035030271392315626
epoch 179/500 over, loss_G,loss_D= 0.7656174898147583,0.0036216434091329575
epoch 180/500 over, loss_G,loss_D= 0.7595435976982117,0.0035075400955975056
epoch 181/500 over, loss_G,loss_D= 0.8529825806617737,0.0035674485843628645
epoch 182/500 over, loss_G,loss_D= 0.7614410519599915,0.0033064340241253376
epoch 183/500 over, loss_G,loss_D= 0.7935431599617004,0.0032880038488656282
epoch 184/500 over, loss_G,loss_D= 0.8596258759498596,0.002995346672832966
epoch 185/500 over, loss_G,loss_D= 0.6432702541351318,0.003654067637398839
epoch 186/500 over, loss_G,loss_D= 1.034349799156189,0.00358337233774364
epoch 187/500 over, loss_G,loss_D= 1.1130070686340332,0.003486418165266514
epoch 188/500 over, loss_G,loss_D= 0.8619358539581299,0.003339356742799282
epoch 189/500 over, loss_G,loss_D= 0.7805348634719849,0.003395257517695427
epoch 190/500 over, loss_G,loss_D= 0.8707838654518127,0.0034904612693935633
epoch 191/500 over, loss_G,loss_D= 0.7790807485580444,0.0035152053460478783
epoch 192/500 over, loss_G,loss_D= 0.7630040645599365,0.0034504448994994164
epoch 193/500 over, loss_G,loss_D= 0.9337744116783142,0.003561711870133877
epoch 194/500 over, loss_G,loss_D= 0.9333583116531372,0.003483138745650649
epoch 195/500 over, loss_G,loss_D= 0.82325279712677,0.0035589924082159996
epoch 196/500 over, loss_G,loss_D= 0.9599350690841675,0.003443982219323516
epoch 197/500 over, loss_G,loss_D= 0.7341663837432861,0.003506692824885249
epoch 198/500 over, loss_G,loss_D= 0.7159206867218018,0.0031532372813671827
epoch 199/500 over, loss_G,loss_D= 0.8371614813804626,0.003346984274685383
epoch 200/500 over, loss_G,loss_D= 0.7905519604682922,0.003287795465439558
epoch 201/500 over, loss_G,loss_D= 0.7728371620178223,0.003556269919499755
epoch 202/500 over, loss_G,loss_D= 0.6603804230690002,0.0033602812327444553
epoch 203/500 over, loss_G,loss_D= 0.7238706350326538,0.003921461757272482
epoch 204/500 over, loss_G,loss_D= 0.791159451007843,0.003330822568386793
epoch 205/500 over, loss_G,loss_D= 0.6584485769271851,0.0034904177300632
epoch 206/500 over, loss_G,loss_D= 0.8436141014099121,0.00367727130651474
epoch 207/500 over, loss_G,loss_D= 0.7823264002799988,0.0034836202394217253
epoch 208/500 over, loss_G,loss_D= 0.8110557794570923,0.003195728175342083
epoch 209/500 over, loss_G,loss_D= 0.692939817905426,0.0033625946380198
epoch 210/500 over, loss_G,loss_D= 0.799206018447876,0.0034622186794877052
epoch 211/500 over, loss_G,loss_D= 0.6139087677001953,0.003340155817568302
epoch 212/500 over, loss_G,loss_D= 0.6055483222007751,0.0033877401147037745
epoch 213/500 over, loss_G,loss_D= 0.7124595642089844,0.003247861284762621
epoch 214/500 over, loss_G,loss_D= 0.6753926873207092,0.0036413068883121014
epoch 215/500 over, loss_G,loss_D= 0.7702067494392395,0.003212600015103817
epoch 216/500 over, loss_G,loss_D= 0.9057409167289734,0.0032774852588772774
epoch 217/500 over, loss_G,loss_D= 0.6392483115196228,0.003529209876433015
epoch 218/500 over, loss_G,loss_D= 0.6800650358200073,0.003027803497388959
epoch 219/500 over, loss_G,loss_D= 0.8460813164710999,0.0033938903361558914
epoch 220/500 over, loss_G,loss_D= 0.7079723477363586,0.0031252088956534863
epoch 221/500 over, loss_G,loss_D= 0.8801930546760559,0.003219940233975649
epoch 222/500 over, loss_G,loss_D= 0.8270295262336731,0.003667331300675869
epoch 223/500 over, loss_G,loss_D= 0.6614025235176086,0.0034152287989854813
epoch 224/500 over, loss_G,loss_D= 1.132778525352478,0.0027724080719053745
epoch 225/500 over, loss_G,loss_D= 0.8169389367103577,0.0029748263768851757
epoch 226/500 over, loss_G,loss_D= 0.6898284554481506,0.0033566118218004704
epoch 227/500 over, loss_G,loss_D= 0.6276065111160278,0.003096400061622262
epoch 228/500 over, loss_G,loss_D= 0.7063345313072205,0.003653791965916753
epoch 229/500 over, loss_G,loss_D= 0.6291226744651794,0.00345095107331872
epoch 230/500 over, loss_G,loss_D= 0.7140398621559143,0.0037009920924901962
epoch 231/500 over, loss_G,loss_D= 0.8141044974327087,0.003454909659922123
epoch 232/500 over, loss_G,loss_D= 0.7114058136940002,0.00334667949937284
epoch 233/500 over, loss_G,loss_D= 0.7052639722824097,0.003309529507532716
epoch 234/500 over, loss_G,loss_D= 0.8252856731414795,0.0029227803461253643
epoch 235/500 over, loss_G,loss_D= 0.5969120264053345,0.0031885122880339622
epoch 236/500 over, loss_G,loss_D= 0.6104670166969299,0.0031899139285087585
epoch 237/500 over, loss_G,loss_D= 0.796189546585083,0.003272108267992735
epoch 238/500 over, loss_G,loss_D= 0.6572403311729431,0.0033381045795977116
epoch 239/500 over, loss_G,loss_D= 0.8232579827308655,0.0030560812447220087
epoch 240/500 over, loss_G,loss_D= 0.5508221387863159,0.0035347146913409233
epoch 241/500 over, loss_G,loss_D= 0.7402200698852539,0.0033983122557401657
epoch 242/500 over, loss_G,loss_D= 0.6195268630981445,0.003290388733148575
epoch 243/500 over, loss_G,loss_D= 0.6587722897529602,0.003515752265229821
epoch 244/500 over, loss_G,loss_D= 0.7725001573562622,0.003520652651786804
epoch 245/500 over, loss_G,loss_D= 0.7812735438346863,0.0034139049239456654
epoch 246/500 over, loss_G,loss_D= 0.6542350053787231,0.003164581023156643
epoch 247/500 over, loss_G,loss_D= 0.7006615400314331,0.0032698826398700476
epoch 248/500 over, loss_G,loss_D= 0.7029898762702942,0.00344775035046041
epoch 249/500 over, loss_G,loss_D= 0.8020771741867065,0.002997475676238537
epoch 250/500 over, loss_G,loss_D= 0.8503487706184387,0.0034041572362184525
epoch 251/500 over, loss_G,loss_D= 0.6502154469490051,0.0032798475585877895
epoch 252/500 over, loss_G,loss_D= 0.6434489488601685,0.003493849653750658
epoch 253/500 over, loss_G,loss_D= 0.7324383854866028,0.003127656178548932
epoch 254/500 over, loss_G,loss_D= 0.8241155743598938,0.003194713033735752
epoch 255/500 over, loss_G,loss_D= 1.069922924041748,0.003365670796483755
epoch 256/500 over, loss_G,loss_D= 0.6525410413742065,0.0033436224330216646
epoch 257/500 over, loss_G,loss_D= 0.6559480428695679,0.0035079475492239
epoch 258/500 over, loss_G,loss_D= 0.8119751214981079,0.003265159670263529
epoch 259/500 over, loss_G,loss_D= 0.7440045475959778,0.0032511998433619738
epoch 260/500 over, loss_G,loss_D= 0.8551299571990967,0.003466865746304393
epoch 261/500 over, loss_G,loss_D= 0.7866261005401611,0.003631770610809326
epoch 262/500 over, loss_G,loss_D= 0.7440155148506165,0.0034750825725495815
epoch 263/500 over, loss_G,loss_D= 0.6844045519828796,0.003396133426576853
epoch 264/500 over, loss_G,loss_D= 0.6608768105506897,0.0034222451504319906
epoch 265/500 over, loss_G,loss_D= 0.7897130250930786,0.0032787746749818325
epoch 266/500 over, loss_G,loss_D= 0.6468490362167358,0.003025033976882696
epoch 267/500 over, loss_G,loss_D= 0.7115538120269775,0.003586276900023222
epoch 268/500 over, loss_G,loss_D= 0.8040597438812256,0.0032218042761087418
epoch 269/500 over, loss_G,loss_D= 0.6391155123710632,0.0030232248827815056
epoch 270/500 over, loss_G,loss_D= 0.7418357729911804,0.003388873767107725
epoch 271/500 over, loss_G,loss_D= 0.7203757166862488,0.0029691257514059544
epoch 272/500 over, loss_G,loss_D= 0.6255452036857605,0.0032173660583794117
epoch 273/500 over, loss_G,loss_D= 0.6411832571029663,0.0034881248138844967
epoch 274/500 over, loss_G,loss_D= 0.6623334884643555,0.0034001339226961136
epoch 275/500 over, loss_G,loss_D= 0.6358811855316162,0.0029630851931869984
epoch 276/500 over, loss_G,loss_D= 0.6043155789375305,0.0032219262793660164
epoch 277/500 over, loss_G,loss_D= 0.5751681923866272,0.0034202097449451685
epoch 278/500 over, loss_G,loss_D= 0.6329477429389954,0.003555809613317251
epoch 279/500 over, loss_G,loss_D= 0.7232357859611511,0.003478174563497305
epoch 280/500 over, loss_G,loss_D= 0.7023159861564636,0.0034600188955664635
epoch 281/500 over, loss_G,loss_D= 0.5937604308128357,0.0028984881937503815
epoch 282/500 over, loss_G,loss_D= 0.689017117023468,0.0036365389823913574
epoch 283/500 over, loss_G,loss_D= 0.6189357042312622,0.003201186889782548
epoch 284/500 over, loss_G,loss_D= 0.6971656084060669,0.0033053248189389706
epoch 285/500 over, loss_G,loss_D= 0.7320988178253174,0.0033348945435136557
epoch 286/500 over, loss_G,loss_D= 0.7712029814720154,0.0031820000149309635
epoch 287/500 over, loss_G,loss_D= 0.6078442931175232,0.003576032817363739
epoch 288/500 over, loss_G,loss_D= 0.6304930448532104,0.003501374274492264
epoch 289/500 over, loss_G,loss_D= 0.594205915927887,0.002908474300056696
epoch 290/500 over, loss_G,loss_D= 0.6386321187019348,0.003184713888913393
epoch 291/500 over, loss_G,loss_D= 0.6170324683189392,0.0032247372437268496
epoch 292/500 over, loss_G,loss_D= 0.6799315214157104,0.0030587795190513134
epoch 293/500 over, loss_G,loss_D= 0.7105622291564941,0.003401359776034951
epoch 294/500 over, loss_G,loss_D= 0.5916982293128967,0.003598275128751993
epoch 295/500 over, loss_G,loss_D= 0.6675044298171997,0.0031079640612006187
epoch 296/500 over, loss_G,loss_D= 0.5961179137229919,0.0033017019741237164
epoch 297/500 over, loss_G,loss_D= 0.5371849536895752,0.0033529046922922134
epoch 298/500 over, loss_G,loss_D= 0.5886936187744141,0.0038301206659525633
epoch 299/500 over, loss_G,loss_D= 0.5334041714668274,0.003285439684987068
epoch 300/500 over, loss_G,loss_D= 0.8038839101791382,0.003223737468943
epoch 301/500 over, loss_G,loss_D= 0.8596959710121155,0.0029593261424452066
epoch 302/500 over, loss_G,loss_D= 0.5600093007087708,0.003316157963126898
epoch 303/500 over, loss_G,loss_D= 0.5219061374664307,0.0035891516599804163
epoch 304/500 over, loss_G,loss_D= 0.6689377427101135,0.0037240670062601566
epoch 305/500 over, loss_G,loss_D= 0.7422667145729065,0.0033176566939800978
epoch 306/500 over, loss_G,loss_D= 0.6610214114189148,0.0037182336673140526
epoch 307/500 over, loss_G,loss_D= 0.7264842987060547,0.00342209218069911
epoch 308/500 over, loss_G,loss_D= 0.5972813963890076,0.0030671146232634783
epoch 309/500 over, loss_G,loss_D= 0.6041369438171387,0.003588229650631547
epoch 310/500 over, loss_G,loss_D= 0.764434278011322,0.00314040994271636
epoch 311/500 over, loss_G,loss_D= 1.051257610321045,0.0034327649045735598
epoch 312/500 over, loss_G,loss_D= 0.6770739555358887,0.0034227364230901003
epoch 313/500 over, loss_G,loss_D= 0.6653951406478882,0.003415904939174652
epoch 314/500 over, loss_G,loss_D= 0.6010020971298218,0.003408347722142935
epoch 315/500 over, loss_G,loss_D= 0.6477082371711731,0.003506104461848736
epoch 316/500 over, loss_G,loss_D= 0.7360488772392273,0.003778781509026885
epoch 317/500 over, loss_G,loss_D= 0.6554924249649048,0.0036518825218081474
epoch 318/500 over, loss_G,loss_D= 0.5816200375556946,0.0035173811484128237
epoch 319/500 over, loss_G,loss_D= 0.5505227446556091,0.003117562271654606
epoch 320/500 over, loss_G,loss_D= 0.8842723369598389,0.0033638598397374153
epoch 321/500 over, loss_G,loss_D= 0.6197186708450317,0.002984530758112669
epoch 322/500 over, loss_G,loss_D= 0.6041263341903687,0.003343170043081045
epoch 323/500 over, loss_G,loss_D= 0.5017955303192139,0.0032971478067338467
epoch 324/500 over, loss_G,loss_D= 0.5163983106613159,0.003515547839924693
epoch 325/500 over, loss_G,loss_D= 0.6973206400871277,0.0033198921009898186
epoch 326/500 over, loss_G,loss_D= 0.5885952115058899,0.0033306051045656204
epoch 327/500 over, loss_G,loss_D= 0.5861712098121643,0.003338643815368414
epoch 328/500 over, loss_G,loss_D= 0.6194921731948853,0.003865694161504507
epoch 329/500 over, loss_G,loss_D= 0.5763232707977295,0.0032243747264146805
epoch 330/500 over, loss_G,loss_D= 0.7381135821342468,0.0035317353904247284
epoch 331/500 over, loss_G,loss_D= 0.6321920156478882,0.0035500077065080404
epoch 332/500 over, loss_G,loss_D= 0.6353411674499512,0.003213566495105624
epoch 333/500 over, loss_G,loss_D= 0.7478578090667725,0.00347889750264585
epoch 334/500 over, loss_G,loss_D= 0.7253784537315369,0.003265598090365529
epoch 335/500 over, loss_G,loss_D= 0.6593387722969055,0.003525825683027506
epoch 336/500 over, loss_G,loss_D= 0.57908695936203,0.0032379976473748684
epoch 337/500 over, loss_G,loss_D= 0.6553178429603577,0.003551507368683815
epoch 338/500 over, loss_G,loss_D= 0.5057533979415894,0.0030688659753650427
epoch 339/500 over, loss_G,loss_D= 0.9385858178138733,0.0033988303039222956
epoch 340/500 over, loss_G,loss_D= 0.6264152526855469,0.0034432830289006233
epoch 341/500 over, loss_G,loss_D= 0.5920825004577637,0.003436617087572813
epoch 342/500 over, loss_G,loss_D= 0.6106433868408203,0.003460145555436611
epoch 343/500 over, loss_G,loss_D= 0.6131842136383057,0.0033645443618297577
epoch 344/500 over, loss_G,loss_D= 0.6406245231628418,0.0036442107520997524
epoch 345/500 over, loss_G,loss_D= 0.5686562061309814,0.0033274954184889793
epoch 346/500 over, loss_G,loss_D= 0.6247598528862,0.003202169667929411
epoch 347/500 over, loss_G,loss_D= 0.5337293744087219,0.003195460420101881
epoch 348/500 over, loss_G,loss_D= 0.6075403690338135,0.003317936323583126
epoch 349/500 over, loss_G,loss_D= 0.5226138234138489,0.00389031320810318
epoch 350/500 over, loss_G,loss_D= 0.5985981225967407,0.0034002182073891163
epoch 351/500 over, loss_G,loss_D= 0.586921751499176,0.0032207262702286243
epoch 352/500 over, loss_G,loss_D= 0.6729576587677002,0.003023835364729166
epoch 353/500 over, loss_G,loss_D= 0.6373756527900696,0.003397253341972828
epoch 354/500 over, loss_G,loss_D= 0.5816510319709778,0.0033266867976635695
epoch 355/500 over, loss_G,loss_D= 0.5695125460624695,0.0031697554513812065
epoch 356/500 over, loss_G,loss_D= 0.5565247535705566,0.0034276293590664864
epoch 357/500 over, loss_G,loss_D= 0.6561782956123352,0.0037497556768357754
epoch 358/500 over, loss_G,loss_D= 0.8768188953399658,0.00315945316106081
epoch 359/500 over, loss_G,loss_D= 0.6583029627799988,0.0035415226593613625
epoch 360/500 over, loss_G,loss_D= 0.5416991710662842,0.0034388084895908833
epoch 361/500 over, loss_G,loss_D= 0.5915600657463074,0.0034341486170887947
epoch 362/500 over, loss_G,loss_D= 0.6470010280609131,0.0040074121206998825
epoch 363/500 over, loss_G,loss_D= 0.5437876582145691,0.0035381196066737175
epoch 364/500 over, loss_G,loss_D= 0.5159841179847717,0.003575098467990756
epoch 365/500 over, loss_G,loss_D= 0.6248118877410889,0.0034577888436615467
epoch 366/500 over, loss_G,loss_D= 0.5803033113479614,0.0028602262027561665
epoch 367/500 over, loss_G,loss_D= 0.597247302532196,0.003284826409071684
epoch 368/500 over, loss_G,loss_D= 0.6081604957580566,0.0031525238882750273
epoch 369/500 over, loss_G,loss_D= 0.5929905772209167,0.0031355530954897404
epoch 370/500 over, loss_G,loss_D= 0.5944308638572693,0.00311749754473567
epoch 371/500 over, loss_G,loss_D= 0.5153697729110718,0.003238864243030548
epoch 372/500 over, loss_G,loss_D= 0.7444982528686523,0.0036483504809439182
epoch 373/500 over, loss_G,loss_D= 0.6346558332443237,0.003308689221739769
epoch 374/500 over, loss_G,loss_D= 0.5981069803237915,0.0030351835303008556
epoch 375/500 over, loss_G,loss_D= 0.5283802151679993,0.003480199258774519
epoch 376/500 over, loss_G,loss_D= 0.6542661786079407,0.0034883583430200815
epoch 377/500 over, loss_G,loss_D= 0.4921616315841675,0.0032259253785014153
epoch 378/500 over, loss_G,loss_D= 0.6581231951713562,0.004034966230392456
epoch 379/500 over, loss_G,loss_D= 0.7443717122077942,0.0033855498768389225
epoch 380/500 over, loss_G,loss_D= 0.6639209985733032,0.003584614023566246
epoch 381/500 over, loss_G,loss_D= 0.6532577872276306,0.0035285120829939842
epoch 382/500 over, loss_G,loss_D= 0.5470340251922607,0.00313001312315464
epoch 383/500 over, loss_G,loss_D= 0.46487483382225037,0.00319876940920949
epoch 384/500 over, loss_G,loss_D= 0.5193312764167786,0.0036544431932270527
epoch 385/500 over, loss_G,loss_D= 0.7986175417900085,0.0031910978723317385
epoch 386/500 over, loss_G,loss_D= 0.6050600409507751,0.0035338732413947582
epoch 387/500 over, loss_G,loss_D= 0.5927873253822327,0.003179265884682536
epoch 388/500 over, loss_G,loss_D= 0.6553382873535156,0.003585309721529484
epoch 389/500 over, loss_G,loss_D= 0.6843090653419495,0.003469846909865737
epoch 390/500 over, loss_G,loss_D= 0.5282446146011353,0.0032583726570010185
epoch 391/500 over, loss_G,loss_D= 0.4436684548854828,0.0030155396088957787
epoch 392/500 over, loss_G,loss_D= 0.477756530046463,0.0034766118042171
epoch 393/500 over, loss_G,loss_D= 0.5744471549987793,0.0036274187732487917
epoch 394/500 over, loss_G,loss_D= 0.5786421895027161,0.003906137077137828
epoch 395/500 over, loss_G,loss_D= 0.6379908919334412,0.0035561416298151016
epoch 396/500 over, loss_G,loss_D= 0.6348884701728821,0.0032770135439932346
epoch 397/500 over, loss_G,loss_D= 0.6364684700965881,0.0036421450786292553
epoch 398/500 over, loss_G,loss_D= 0.5203284621238708,0.003650231286883354
epoch 399/500 over, loss_G,loss_D= 0.5415452718734741,0.0032172149512916803
epoch 400/500 over, loss_G,loss_D= 0.5082228779792786,0.003467830363661051
epoch 401/500 over, loss_G,loss_D= 0.4969257116317749,0.003272412810474634
epoch 402/500 over, loss_G,loss_D= 0.5390568375587463,0.003180344123393297
epoch 403/500 over, loss_G,loss_D= 0.5402697920799255,0.0034697160590440035
epoch 404/500 over, loss_G,loss_D= 0.5611546039581299,0.0031732143834233284
epoch 405/500 over, loss_G,loss_D= 0.6348877549171448,0.0031804246827960014
epoch 406/500 over, loss_G,loss_D= 0.7622953653335571,0.0038242603186517954
epoch 407/500 over, loss_G,loss_D= 0.563556432723999,0.003992184996604919
epoch 408/500 over, loss_G,loss_D= 0.5485923886299133,0.0032983385026454926
epoch 409/500 over, loss_G,loss_D= 0.5640970468521118,0.003166990354657173
epoch 410/500 over, loss_G,loss_D= 0.5408993363380432,0.0035304799675941467
epoch 411/500 over, loss_G,loss_D= 0.6263906359672546,0.0033910542260855436
epoch 412/500 over, loss_G,loss_D= 0.5773046612739563,0.003303287085145712
epoch 413/500 over, loss_G,loss_D= 0.6106141805648804,0.003569692838937044
epoch 414/500 over, loss_G,loss_D= 0.5707340836524963,0.0034385081380605698
epoch 415/500 over, loss_G,loss_D= 0.653965175151825,0.0038203392177820206
epoch 416/500 over, loss_G,loss_D= 0.6253249645233154,0.0029809370171278715
epoch 417/500 over, loss_G,loss_D= 0.548327624797821,0.0033318614587187767
epoch 418/500 over, loss_G,loss_D= 0.6004416942596436,0.0034994010347872972
epoch 419/500 over, loss_G,loss_D= 0.6759124398231506,0.0035550962202250957
epoch 420/500 over, loss_G,loss_D= 0.6757311224937439,0.0031237872317433357
epoch 421/500 over, loss_G,loss_D= 0.6026909947395325,0.003425691742449999
epoch 422/500 over, loss_G,loss_D= 0.5757260322570801,0.0032205074094235897
epoch 423/500 over, loss_G,loss_D= 0.5749800801277161,0.003111285390332341
epoch 424/500 over, loss_G,loss_D= 0.5745405554771423,0.0033156881108880043
epoch 425/500 over, loss_G,loss_D= 0.5652673244476318,0.003354972694069147
epoch 426/500 over, loss_G,loss_D= 0.5481041073799133,0.003557490883395076
epoch 427/500 over, loss_G,loss_D= 0.5263445377349854,0.0032401951029896736
epoch 428/500 over, loss_G,loss_D= 0.6045516133308411,0.003661816008388996
epoch 429/500 over, loss_G,loss_D= 0.5800060033798218,0.0032882303930819035
epoch 430/500 over, loss_G,loss_D= 0.6168535351753235,0.0030559785664081573
epoch 431/500 over, loss_G,loss_D= 0.5771859884262085,0.003250161884352565
epoch 432/500 over, loss_G,loss_D= 0.551483690738678,0.0035370683763176203
epoch 433/500 over, loss_G,loss_D= 0.5810171961784363,0.0032287149224430323
epoch 434/500 over, loss_G,loss_D= 0.54971843957901,0.002920761238783598
epoch 435/500 over, loss_G,loss_D= 0.5231824517250061,0.003014108631759882
epoch 436/500 over, loss_G,loss_D= 0.536222517490387,0.0036136703565716743
epoch 437/500 over, loss_G,loss_D= 0.5690858364105225,0.003426722716540098
epoch 438/500 over, loss_G,loss_D= 0.5385481119155884,0.003395584411919117
epoch 439/500 over, loss_G,loss_D= 0.624387800693512,0.0035486016422510147
epoch 440/500 over, loss_G,loss_D= 11.332727432250977,28.228973388671875
epoch 441/500 over, loss_G,loss_D= 16.937498092651367,147.88104248046875
epoch 442/500 over, loss_G,loss_D= 19.030881881713867,386.7550048828125
epoch 443/500 over, loss_G,loss_D= 19.52158546447754,789.9874877929688
epoch 444/500 over, loss_G,loss_D= 20.42744255065918,1414.824951171875
epoch 445/500 over, loss_G,loss_D= 21.211549758911133,2319.5107421875
epoch 446/500 over, loss_G,loss_D= 21.90177345275879,3568.186279296875
epoch 447/500 over, loss_G,loss_D= 22.912799835205078,5227.93798828125
epoch 448/500 over, loss_G,loss_D= 24.319011688232422,7372.1103515625
epoch 449/500 over, loss_G,loss_D= 24.95218276977539,10073.0234375
epoch 450/500 over, loss_G,loss_D= 25.780345916748047,13418.6591796875
epoch 451/500 over, loss_G,loss_D= 26.000844955444336,17487.46484375
epoch 452/500 over, loss_G,loss_D= 26.508081436157227,22377.6171875
epoch 453/500 over, loss_G,loss_D= 27.03033447265625,28182.69921875
epoch 454/500 over, loss_G,loss_D= 27.468685150146484,34999.47265625
epoch 455/500 over, loss_G,loss_D= 27.746395111083984,42933.92578125
epoch 456/500 over, loss_G,loss_D= 28.319416046142578,52098.453125
epoch 457/500 over, loss_G,loss_D= 28.96350860595703,62603.99609375
epoch 458/500 over, loss_G,loss_D= 29.043376922607422,74571.3125
epoch 459/500 over, loss_G,loss_D= 29.40376091003418,88120.8203125
epoch 460/500 over, loss_G,loss_D= 29.31313705444336,121900.8125
epoch 461/500 over, loss_G,loss_D= 30.117027282714844,165553.859375
epoch 462/500 over, loss_G,loss_D= 30.482202529907227,219708.0625
epoch 463/500 over, loss_G,loss_D= 30.80829429626465,285582.875
epoch 464/500 over, loss_G,loss_D= 30.696624755859375,364566.3125
epoch 465/500 over, loss_G,loss_D= 30.924057006835938,458217.9375
epoch 466/500 over, loss_G,loss_D= 31.12126922607422,568100.25
epoch 467/500 over, loss_G,loss_D= 31.031518936157227,695870.6875
epoch 468/500 over, loss_G,loss_D= 31.270505905151367,843307.5625
epoch 469/500 over, loss_G,loss_D= 31.216753005981445,1012218.25
epoch 470/500 over, loss_G,loss_D= 31.22427749633789,1204453.625
epoch 471/500 over, loss_G,loss_D= 31.350175857543945,1422046.0
epoch 472/500 over, loss_G,loss_D= 31.376068115234375,1666971.5
epoch 473/500 over, loss_G,loss_D= 31.419918060302734,1941420.875
epoch 474/500 over, loss_G,loss_D= 31.558670043945312,2247434.5
epoch 475/500 over, loss_G,loss_D= 31.282672882080078,2587339.25
epoch 476/500 over, loss_G,loss_D= 31.51847267150879,2963453.0
epoch 477/500 over, loss_G,loss_D= 31.719308853149414,3378285.0
epoch 478/500 over, loss_G,loss_D= 31.66945457458496,3834144.75
epoch 479/500 over, loss_G,loss_D= 31.54549217224121,4333484.0
epoch 480/500 over, loss_G,loss_D= 31.65134048461914,5182784.0
epoch 481/500 over, loss_G,loss_D= 31.688785552978516,6160657.0
epoch 482/500 over, loss_G,loss_D= 31.575830459594727,7268301.0
epoch 483/500 over, loss_G,loss_D= 31.680564880371094,8515706.0
epoch 484/500 over, loss_G,loss_D= 31.514751434326172,9913282.0
epoch 485/500 over, loss_G,loss_D= 31.56133270263672,11471184.0
epoch 486/500 over, loss_G,loss_D= 31.71036720275879,13200790.0
epoch 487/500 over, loss_G,loss_D= 31.795984268188477,15115680.0
epoch 488/500 over, loss_G,loss_D= 31.742021560668945,17224880.0
epoch 489/500 over, loss_G,loss_D= 31.792686462402344,19544020.0
epoch 490/500 over, loss_G,loss_D= 31.692800521850586,22083548.0
epoch 491/500 over, loss_G,loss_D= 31.804508209228516,24859234.0
epoch 492/500 over, loss_G,loss_D= 31.763172149658203,27880702.0
epoch 493/500 over, loss_G,loss_D= 31.686372756958008,31169006.0
epoch 494/500 over, loss_G,loss_D= 31.725337982177734,34727328.0
epoch 495/500 over, loss_G,loss_D= 31.781145095825195,38581016.0
epoch 496/500 over, loss_G,loss_D= 31.6265926361084,42742584.0
epoch 497/500 over, loss_G,loss_D= 31.69062614440918,47219144.0
epoch 498/500 over, loss_G,loss_D= 31.78050994873047,52038184.0
epoch 499/500 over, loss_G,loss_D= 31.71421241760254,57215344.0
